INFO: [v++ 60-1306] Additional information associated with this v++ link can be found at:
	Reports: /home/ubuntu/Desktop/dsp_recon/system_project/mac/reports/mac
	Log files: /home/ubuntu/Desktop/dsp_recon/system_project/mac/logs/mac
INFO: [v++ 60-1548] Creating build summary session with primary output /home/ubuntu/Desktop/dsp_recon/system_project/binary_container.xsa.link_summary, at Mon Jun  3 17:39:58 2024
INFO: [v++ 60-1315] Creating rulecheck session with output '/home/ubuntu/Desktop/dsp_recon/system_project/mac/reports/mac/mac_guidance.html', at Mon Jun  3 17:39:58 2024
INFO: [v++ 60-895]   Target platform: /tools/Xilinx/Vitis/2023.1/base_platforms/xilinx_vck190_base_202310_1/xilinx_vck190_base_202310_1.xpfm
INFO: [v++ 60-1578]   This platform contains Xilinx Shell Archive '/tools/Xilinx/Vitis/2023.1/base_platforms/xilinx_vck190_base_202310_1/hw_emu/hw_emu.xsa'
INFO: [v++ 60-629] Linking for hardware emulation target
INFO: [v++ 60-423]   Target device: xilinx_vck190_base_202310_1
INFO: [v++ 60-1332] Run 'run_link' status: Not started
INFO: [v++ 60-1443] [17:39:59] Run run_link: Step system_link: Started
INFO: [v++ 60-1453] Command Line: system_link --xo /home/ubuntu/Desktop/dsp_recon/system_project/hls_component/mac.xo -keep --config /home/ubuntu/Desktop/dsp_recon/system_project/mac/mac/int/syslinkConfig.ini --xpfm /tools/Xilinx/Vitis/2023.1/base_platforms/xilinx_vck190_base_202310_1/xilinx_vck190_base_202310_1.xpfm --target emu --output_dir /home/ubuntu/Desktop/dsp_recon/system_project/mac/mac/int --temp_dir /home/ubuntu/Desktop/dsp_recon/system_project/mac/mac/sys_link
INFO: [v++ 60-1454] Run Directory: /home/ubuntu/Desktop/dsp_recon/system_project/mac/mac/run_link
INFO: [SYSTEM_LINK 82-70] Extracting xo v3 file /home/ubuntu/Desktop/dsp_recon/system_project/hls_component/mac.xo
INFO: [SYSTEM_LINK 82-53] Creating IP database /home/ubuntu/Desktop/dsp_recon/system_project/mac/mac/sys_link/_sysl/.cdb/xd_ip_db.xml
INFO: [SYSTEM_LINK 82-38] [17:40:00] build_xd_ip_db started: /tools/Xilinx/Vitis/2023.1/bin/build_xd_ip_db -ip_search 0  -sds-pf /home/ubuntu/Desktop/dsp_recon/system_project/mac/mac/sys_link/hw_emu.hpfm -clkid 2 -ip /home/ubuntu/Desktop/dsp_recon/system_project/mac/mac/sys_link/iprepo/xilinx_com_hls_mac_1_0,mac -o /home/ubuntu/Desktop/dsp_recon/system_project/mac/mac/sys_link/_sysl/.cdb/xd_ip_db.xml
INFO: [SYSTEM_LINK 82-37] [17:40:03] build_xd_ip_db finished successfully
Time (s): cpu = 00:00:03 ; elapsed = 00:00:03 . Memory (MB): peak = 442.500 ; gain = 0.000 ; free physical = 46572 ; free virtual = 130465
INFO: [SYSTEM_LINK 82-51] Create system connectivity graph
INFO: [SYSTEM_LINK 82-102] Applying explicit connections to the system connectivity graph: /home/ubuntu/Desktop/dsp_recon/system_project/mac/mac/sys_link/cfgraph/cfgen_cfgraph.xml
INFO: [SYSTEM_LINK 82-38] [17:40:03] cfgen started: /tools/Xilinx/Vitis/2023.1/bin/cfgen  -nk mac:1:mac_1 -dpa_mem_offload false -dmclkid 2 -r /home/ubuntu/Desktop/dsp_recon/system_project/mac/mac/sys_link/_sysl/.cdb/xd_ip_db.xml -o /home/ubuntu/Desktop/dsp_recon/system_project/mac/mac/sys_link/cfgraph/cfgen_cfgraph.xml
INFO: [CFGEN 83-0] Kernel Specs: 
INFO: [CFGEN 83-0]   kernel: mac, num: 1  {mac_1}
INFO: [CFGEN 83-2226] Inferring mapping for argument mac_1.a to DDR
INFO: [CFGEN 83-2226] Inferring mapping for argument mac_1.b to DDR
INFO: [CFGEN 83-2226] Inferring mapping for argument mac_1.c to DDR
INFO: [SYSTEM_LINK 82-37] [17:40:04] cfgen finished successfully
Time (s): cpu = 00:00:02 ; elapsed = 00:00:02 . Memory (MB): peak = 442.500 ; gain = 0.000 ; free physical = 46573 ; free virtual = 130465
INFO: [SYSTEM_LINK 82-52] Create top-level block diagram
INFO: [SYSTEM_LINK 82-38] [17:40:04] cf2bd started: /tools/Xilinx/Vitis/2023.1/bin/cf2bd  --linux --trace_buffer 1024 --input_file /home/ubuntu/Desktop/dsp_recon/system_project/mac/mac/sys_link/cfgraph/cfgen_cfgraph.xml --ip_db /home/ubuntu/Desktop/dsp_recon/system_project/mac/mac/sys_link/_sysl/.cdb/xd_ip_db.xml --cf_name dr --working_dir /home/ubuntu/Desktop/dsp_recon/system_project/mac/mac/sys_link/_sysl/.xsd --temp_dir /home/ubuntu/Desktop/dsp_recon/system_project/mac/mac/sys_link --output_dir /home/ubuntu/Desktop/dsp_recon/system_project/mac/mac/int
INFO: [CF2BD 82-31] Launching cf2xd: cf2xd -linux -trace-buffer 1024 -i /home/ubuntu/Desktop/dsp_recon/system_project/mac/mac/sys_link/cfgraph/cfgen_cfgraph.xml -r /home/ubuntu/Desktop/dsp_recon/system_project/mac/mac/sys_link/_sysl/.cdb/xd_ip_db.xml -o dr.xml
INFO: [CF2BD 82-28] cf2xd finished successfully
INFO: [CF2BD 82-31] Launching cf_xsd: cf_xsd -disable-address-gen -dn dr -dp /home/ubuntu/Desktop/dsp_recon/system_project/mac/mac/sys_link/_sysl/.xsd
INFO: [CF2BD 82-28] cf_xsd finished successfully
INFO: [SYSTEM_LINK 82-37] [17:40:05] cf2bd finished successfully
Time (s): cpu = 00:00:01 ; elapsed = 00:00:01 . Memory (MB): peak = 442.500 ; gain = 0.000 ; free physical = 46564 ; free virtual = 130461
INFO: [v++ 60-1441] [17:40:05] Run run_link: Step system_link: Completed
Time (s): cpu = 00:00:06 ; elapsed = 00:00:06 . Memory (MB): peak = 468.559 ; gain = 0.000 ; free physical = 46626 ; free virtual = 130523
INFO: [v++ 60-1443] [17:40:05] Run run_link: Step cf2sw: Started
INFO: [v++ 60-1453] Command Line: cf2sw -sdsl /home/ubuntu/Desktop/dsp_recon/system_project/mac/mac/int/sdsl.dat -rtd /home/ubuntu/Desktop/dsp_recon/system_project/mac/mac/int/cf2sw.rtd -nofilter /home/ubuntu/Desktop/dsp_recon/system_project/mac/mac/int/cf2sw_full.rtd -xclbin /home/ubuntu/Desktop/dsp_recon/system_project/mac/mac/int/xclbin_orig.xml -o /home/ubuntu/Desktop/dsp_recon/system_project/mac/mac/int/xclbin_orig.1.xml
INFO: [v++ 60-1454] Run Directory: /home/ubuntu/Desktop/dsp_recon/system_project/mac/mac/run_link
INFO: [v++ 60-1441] [17:40:07] Run run_link: Step cf2sw: Completed
Time (s): cpu = 00:00:01 ; elapsed = 00:00:01 . Memory (MB): peak = 468.559 ; gain = 0.000 ; free physical = 46622 ; free virtual = 130520
INFO: [v++ 60-1443] [17:40:07] Run run_link: Step rtd2_system_diagram: Started
INFO: [v++ 60-1453] Command Line: rtd2SystemDiagram
INFO: [v++ 60-1454] Run Directory: /home/ubuntu/Desktop/dsp_recon/system_project/mac/mac/run_link
INFO: [v++ 60-1441] [17:40:07] Run run_link: Step rtd2_system_diagram: Completed
Time (s): cpu = 00:00:00 ; elapsed = 00:00:00.1 . Memory (MB): peak = 468.559 ; gain = 0.000 ; free physical = 46618 ; free virtual = 130515
INFO: [v++ 60-1443] [17:40:07] Run run_link: Step vpl: Started
INFO: [v++ 60-1453] Command Line: vpl -t hw_emu -f /tools/Xilinx/Vitis/2023.1/base_platforms/xilinx_vck190_base_202310_1/xilinx_vck190_base_202310_1.xpfm -s -g --remote_ip_cache /home/ubuntu/Desktop/dsp_recon/system_project/.ipcache --output_dir /home/ubuntu/Desktop/dsp_recon/system_project/mac/mac/int --log_dir /home/ubuntu/Desktop/dsp_recon/system_project/mac/logs/mac --report_dir /home/ubuntu/Desktop/dsp_recon/system_project/mac/reports/mac --config /home/ubuntu/Desktop/dsp_recon/system_project/mac/mac/int/vplConfig.ini -k /home/ubuntu/Desktop/dsp_recon/system_project/mac/mac/int/kernel_info.dat --webtalk_flag Vitis --temp_dir /home/ubuntu/Desktop/dsp_recon/system_project/mac/mac --emulation_mode debug_waveform --no-info --iprepo /home/ubuntu/Desktop/dsp_recon/system_project/mac/mac/int/xo/ip_repo/xilinx_com_hls_mac_1_0 --messageDb /home/ubuntu/Desktop/dsp_recon/system_project/mac/mac/run_link/vpl.pb /home/ubuntu/Desktop/dsp_recon/system_project/mac/mac/int/dr.bd.tcl
INFO: [v++ 60-1454] Run Directory: /home/ubuntu/Desktop/dsp_recon/system_project/mac/mac/run_link

****** vpl v2023.1 (64-bit)
  **** SW Build 3860322 on 2023-05-04-06:32:48
    ** Copyright 1986-2022 Xilinx, Inc. All Rights Reserved.
    ** Copyright 2022-2023 Advanced Micro Devices, Inc. All Rights Reserved.

INFO: [VPL 60-839] Read in kernel information from file '/home/ubuntu/Desktop/dsp_recon/system_project/mac/mac/int/kernel_info.dat'.
INFO: [VPL 60-423]   Target device: xilinx_vck190_base_202310_1
INFO: [VPL 60-1032] Extracting hardware platform to /home/ubuntu/Desktop/dsp_recon/system_project/mac/mac/vivado/vpl/.local/hw_platform
[17:40:12] Run vpl: Step create_project: Started
Creating Vivado project.
[17:40:23] Run vpl: Step create_project: Completed
[17:40:23] Run vpl: Step create_bd: Started
[17:40:37] Run vpl: Step create_bd: Completed
[17:40:37] Run vpl: Step update_bd: Started
[17:40:39] Run vpl: Step update_bd: Completed
[17:40:39] Run vpl: Step generate_target: Started
[17:41:55] Run vpl: Step generate_target: RUNNING...
[17:43:10] Run vpl: Step generate_target: RUNNING...
[17:43:41] Run vpl: Step generate_target: Completed
[17:43:41] Run vpl: Step config_hw_emu.gen_scripts: Started
[17:44:57] Run vpl: Step config_hw_emu.gen_scripts: RUNNING...
[17:45:34] Run vpl: Step config_hw_emu.gen_scripts: Completed
[17:45:34] Run vpl: Step config_hw_emu.compile: Started
[17:45:52] Run vpl: Step config_hw_emu.compile: Completed
[17:45:52] Run vpl: Step config_hw_emu.elaborate: Started
Check VPL, containing 4 checks, has run: 0 errors
[17:46:30] Run vpl: Step config_hw_emu.elaborate: Completed
[17:46:30] Run vpl: FINISHED. Run Status: config_hw_emu.elaborate Complete!
INFO: [v++ 60-1441] [17:46:30] Run run_link: Step vpl: Completed
Time (s): cpu = 00:00:03 ; elapsed = 00:06:23 . Memory (MB): peak = 468.559 ; gain = 0.000 ; free physical = 42465 ; free virtual = 127101
INFO: [v++ 60-1443] [17:46:30] Run run_link: Step rtdgen: Started
INFO: [v++ 60-1453] Command Line: rtdgen
INFO: [v++ 60-1454] Run Directory: /home/ubuntu/Desktop/dsp_recon/system_project/mac/mac/run_link
INFO: [v++ 60-1453] Command Line: cf2sw -a /home/ubuntu/Desktop/dsp_recon/system_project/mac/mac/int/address_map.xml -sdsl /home/ubuntu/Desktop/dsp_recon/system_project/mac/mac/int/sdsl.dat -xclbin /home/ubuntu/Desktop/dsp_recon/system_project/mac/mac/int/xclbin_orig.xml -rtd /home/ubuntu/Desktop/dsp_recon/system_project/mac/mac/int/binary_container.rtd -o /home/ubuntu/Desktop/dsp_recon/system_project/mac/mac/int/binary_container.xml
INFO: [v++ 60-1652] Cf2sw returned exit code: 0
WARNING: [v++ 60-1455] Debuggable symbols are not generated successfully, clean up /home/ubuntu/Desktop/dsp_recon/system_project/mac/mac/int/consolidated.cf
INFO: [v++ 60-1441] [17:46:32] Run run_link: Step rtdgen: Completed
Time (s): cpu = 00:00:02 ; elapsed = 00:00:02 . Memory (MB): peak = 468.559 ; gain = 0.000 ; free physical = 45778 ; free virtual = 130440
INFO: [v++ 60-1443] [17:46:32] Run run_link: Step xclbinutil: Started
INFO: [v++ 60-1453] Command Line: xclbinutil --add-section PDI:RAW:/home/ubuntu/Desktop/dsp_recon/system_project/mac/mac/run_link/../int/vpl_gen_fixed_presynth.pdi --add-section DEBUG_IP_LAYOUT:JSON:/home/ubuntu/Desktop/dsp_recon/system_project/mac/mac/int/debug_ip_layout.rtd --add-section BITSTREAM:RAW:/home/ubuntu/Desktop/dsp_recon/system_project/mac/mac/int/behav.xse --force --target hw_emu --key-value SYS:dfx_enable:false --add-section :JSON:/home/ubuntu/Desktop/dsp_recon/system_project/mac/mac/int/binary_container.rtd --add-section CLOCK_FREQ_TOPOLOGY:JSON:/home/ubuntu/Desktop/dsp_recon/system_project/mac/mac/int/binary_container_xml.rtd --add-section BUILD_METADATA:JSON:/home/ubuntu/Desktop/dsp_recon/system_project/mac/mac/int/binary_container_build.rtd --add-section EMBEDDED_METADATA:RAW:/home/ubuntu/Desktop/dsp_recon/system_project/mac/mac/int/binary_container.xml --add-section SYSTEM_METADATA:RAW:/home/ubuntu/Desktop/dsp_recon/system_project/mac/mac/int/systemDiagramModelSlrBaseAddress.json --key-value SYS:PlatformVBNV:xilinx.com_xd_xilinx_vck190_base_202310_1_202310_1 --output /home/ubuntu/Desktop/dsp_recon/system_project/mac/mac/int/binary_container.xclbin
INFO: [v++ 60-1454] Run Directory: /home/ubuntu/Desktop/dsp_recon/system_project/mac/mac/run_link
XRT Build Version: 2.16.204 (2023.2)
       Build Date: 2023-10-11 23:46:00
          Hash ID: fa4c0045003fed0acea4593788dce5ef6d0b66ee
Creating a default 'in-memory' xclbin image.

Section: 'PDI'(18) was successfully added.
Size   : 412672 bytes
Format : RAW
File   : '/home/ubuntu/Desktop/dsp_recon/system_project/mac/mac/run_link/../int/vpl_gen_fixed_presynth.pdi'

Section: 'DEBUG_IP_LAYOUT'(9) was successfully added.
Size   : 1304 bytes
Format : JSON
File   : '/home/ubuntu/Desktop/dsp_recon/system_project/mac/mac/int/debug_ip_layout.rtd'

Section: 'BITSTREAM'(0) was successfully added.
Size   : 26863554 bytes
Format : RAW
File   : '/home/ubuntu/Desktop/dsp_recon/system_project/mac/mac/int/behav.xse'

Section: 'MEM_TOPOLOGY'(6) was successfully added.
Format : JSON
File   : 'mem_topology'

Section: 'IP_LAYOUT'(8) was successfully added.
Format : JSON
File   : 'ip_layout'

Section: 'CONNECTIVITY'(7) was successfully added.
Format : JSON
File   : 'connectivity'
WARNING: Skipping CLOCK_FREQ_TOPOLOGY section for count size is zero.
WARNING: Section 'CLOCK_FREQ_TOPOLOGY' content is empty.  No data in the given JSON file.

Section: 'CLOCK_FREQ_TOPOLOGY'(11) was empty.  No action taken.
Format : JSON
File   : '/home/ubuntu/Desktop/dsp_recon/system_project/mac/mac/int/binary_container_xml.rtd'

Section: 'BUILD_METADATA'(14) was successfully added.
Size   : 2290 bytes
Format : JSON
File   : '/home/ubuntu/Desktop/dsp_recon/system_project/mac/mac/int/binary_container_build.rtd'

Section: 'EMBEDDED_METADATA'(2) was successfully added.
Size   : 2938 bytes
Format : RAW
File   : '/home/ubuntu/Desktop/dsp_recon/system_project/mac/mac/int/binary_container.xml'

Section: 'SYSTEM_METADATA'(22) was successfully added.
Size   : 13945 bytes
Format : RAW
File   : '/home/ubuntu/Desktop/dsp_recon/system_project/mac/mac/int/systemDiagramModelSlrBaseAddress.json'
Successfully wrote (27306220 bytes) to the output file: /home/ubuntu/Desktop/dsp_recon/system_project/mac/mac/int/binary_container.xclbin
Leaving xclbinutil.
INFO: [v++ 60-1441] [17:46:33] Run run_link: Step xclbinutil: Completed
Time (s): cpu = 00:00:00.03 ; elapsed = 00:00:00.06 . Memory (MB): peak = 468.559 ; gain = 0.000 ; free physical = 45748 ; free virtual = 130436
INFO: [v++ 60-1443] [17:46:33] Run run_link: Step xclbinutilinfo: Started
INFO: [v++ 60-1453] Command Line: xclbinutil --quiet --force --info /home/ubuntu/Desktop/dsp_recon/system_project/mac/mac/int/binary_container.xclbin.info --input /home/ubuntu/Desktop/dsp_recon/system_project/mac/mac/int/binary_container.xclbin
INFO: [v++ 60-1454] Run Directory: /home/ubuntu/Desktop/dsp_recon/system_project/mac/mac/run_link
INFO: [v++ 60-1441] [17:46:33] Run run_link: Step xclbinutilinfo: Completed
Time (s): cpu = 00:00:00.13 ; elapsed = 00:00:00.14 . Memory (MB): peak = 468.559 ; gain = 0.000 ; free physical = 45753 ; free virtual = 130441
INFO: [v++ 60-1443] [17:46:33] Run run_link: Step generate_sc_driver: Started
INFO: [v++ 60-1453] Command Line: 
INFO: [v++ 60-1454] Run Directory: /home/ubuntu/Desktop/dsp_recon/system_project/mac/mac/run_link
INFO: [v++ 60-1441] [17:46:33] Run run_link: Step generate_sc_driver: Completed
Time (s): cpu = 00:00:00 ; elapsed = 00:00:00 . Memory (MB): peak = 468.559 ; gain = 0.000 ; free physical = 45753 ; free virtual = 130441
INFO: [v++ 60-244] Generating system estimate report...
INFO: [v++ 60-1092] Generated system estimate report: /home/ubuntu/Desktop/dsp_recon/system_project/mac/reports/mac/system_estimate_binary_container.xtxt
INFO: [v++ 82-3844] Successfully added runtime data to ./binary_container.xsa
INFO: [v++ 60-586] Created binary_container.xsa
INFO: [v++ 60-1307] Run completed. Additional information can be found in:
	Guidance: /home/ubuntu/Desktop/dsp_recon/system_project/mac/reports/mac/mac_guidance.html

INFO: [v++ 60-2343] Use the vitis_analyzer tool to visualize and navigate the relevant reports. Run the following command. 
    vitis_analyzer /home/ubuntu/Desktop/dsp_recon/system_project/binary_container.xsa.link_summary 
INFO: [v++ 60-791] Total elapsed time: 0h 6m 46s
INFO: [v++ 60-1653] Closing dispatch client.
