Tue May 28 19:04:07 2024: Running xcd server. This server was built by gradle.
Tue May 28 19:04:07 2024: Server was asked to start on port: '33447'
Tue May 28 19:04:07 2024: Server is using token UUID: '73804c67-0b90-4ec5-afe4-8559affb1e02'
Tue May 28 19:04:07 2024: SESSION_MGR: creating session with session uuid: '6d04a3e9-ade5-4ab9-8d63-1f78fcd2ec76' and name 'default'
Tue May 28 19:04:07 2024: Attempting to start server on port '33447'
Tue May 28 19:04:07 2024: XCD main fifo: created main fifo '/tmp/xcdmain73804c67-0b90-4ec5-afe4-8559affb1e02', fd read = 13
Tue May 28 19:04:07 2024: Running Dispatch Server
Tue May 28 19:04:07 2024: Version 2.2.0
Tue May 28 19:04:16 2024: Dispatch Server: Accepted socket connection from client
Tue May 28 19:04:16 2024: Starting Socket connection
Tue May 28 19:04:16 2024: EXCHANGE_TOKEN received, server token: 73804c67-0b90-4ec5-afe4-8559affb1e02, passed token: 73804c67-0b90-4ec5-afe4-8559affb1e02
Tue May 28 19:04:16 2024: DISPATCH_HANDLER: Adding handler from function makeHandler in library libxv_system_diagram
Tue May 28 19:04:16 2024: SESSION_MGR: creating session with session uuid: 'f544da8a-d45b-4070-993d-3dcc751f8ff2' and name 'v++_compile_mac'
Tue May 28 19:04:16 2024: KERNEL_SVC: creating session with uuid: 'f544da8a-d45b-4070-993d-3dcc751f8ff2' and name 'v++_compile_mac'
Tue May 28 19:04:16 2024: GUIDANCE_SMGR: creating guidance session with uuid: 'f544da8a-d45b-4070-993d-3dcc751f8ff2' and name 'v++_compile_mac'
Tue May 28 19:04:16 2024: SYSTEM_DIAGRAM: creating session with uuid: 'f544da8a-d45b-4070-993d-3dcc751f8ff2' and name 'v++_compile_mac'
Tue May 28 19:04:35 2024: Dispatch Server: Accepted socket connection from client
Tue May 28 19:04:35 2024: Starting Socket connection
Tue May 28 19:04:47 2024: SESSION_MGR: closing session for UUID 'f544da8a-d45b-4070-993d-3dcc751f8ff2' with name 'v++_compile_mac'
Tue May 28 19:04:47 2024: KERNEL_SVC: closing session for UUID 'f544da8a-d45b-4070-993d-3dcc751f8ff2' with name 'v++_compile_mac'
Tue May 28 19:04:47 2024: GUIDANCE_SMGR: closing session for UUID 'f544da8a-d45b-4070-993d-3dcc751f8ff2' with name 'v++_compile_mac'
Tue May 28 19:04:48 2024: SYSTEM_DIAGRAM: closing session for UUID 'f544da8a-d45b-4070-993d-3dcc751f8ff2' with name 'v++_compile_mac'
Tue May 28 19:04:48 2024: STOP_SERVER received, server token: 73804c67-0b90-4ec5-afe4-8559affb1e02, passed token: 73804c67-0b90-4ec5-afe4-8559affb1e02
Tue May 28 19:04:48 2024: Socket received request to stop server.
Tue May 28 19:04:48 2024: Dispatch Server: do_await_stop
Tue May 28 19:04:48 2024: Dispatch Server: stopping mainFifo_
Tue May 28 19:04:48 2024: XCD main fifo: Stopping
Tue May 28 19:04:48 2024: XCD main fifo: do_read error code: Operation canceled
Tue May 28 19:04:48 2024: XCD main fifo: bytes_transferred: 0
Tue May 28 19:04:48 2024: SERVER: destructor for server bound to port 33447
Tue May 28 19:04:48 2024: XCD main fifo: Good unlink of /tmp/xcdmain73804c67-0b90-4ec5-afe4-8559affb1e02
Tue May 28 19:04:48 2024: Server exiting with status 0.
Tue May 28 19:04:48 2024: Closing log file.
