report_utilization|1.0|vitis_design_cips_noc_0_synth_1_synth_report_utilization_0|/home/ubuntu/Desktop/dsp_recon/system_project/mac/mac/vivado/vpl/prj/prj.runs/vitis_design_cips_noc_0_synth_1/vitis_design_cips_noc_0_utilization_synth.rpt||
report_utilization|1.0|vitis_design_noc_ddr4_0_synth_1_synth_report_utilization_0|/home/ubuntu/Desktop/dsp_recon/system_project/mac/mac/vivado/vpl/prj/prj.runs/vitis_design_noc_ddr4_0_synth_1/vitis_design_noc_ddr4_0_utilization_synth.rpt||
report_utilization|1.0|vitis_design_noc_lpddr4_0_synth_1_synth_report_utilization_0|/home/ubuntu/Desktop/dsp_recon/system_project/mac/mac/vivado/vpl/prj/prj.runs/vitis_design_noc_lpddr4_0_synth_1/vitis_design_noc_lpddr4_0_utilization_synth.rpt||
report_utilization|1.0|vitis_design_axi_intc_cascaded_1_0_synth_1_synth_report_utilization_0|/home/ubuntu/Desktop/dsp_recon/system_project/mac/mac/vivado/vpl/prj/prj.runs/vitis_design_axi_intc_cascaded_1_0_synth_1/vitis_design_axi_intc_cascaded_1_0_utilization_synth.rpt||
report_utilization|1.0|vitis_design_axi_intc_parent_0_synth_1_synth_report_utilization_0|/home/ubuntu/Desktop/dsp_recon/system_project/mac/mac/vivado/vpl/prj/prj.runs/vitis_design_axi_intc_parent_0_synth_1/vitis_design_axi_intc_parent_0_utilization_synth.rpt||
report_utilization|1.0|vitis_design_clk_wizard_0_0_synth_1_synth_report_utilization_0|/home/ubuntu/Desktop/dsp_recon/system_project/mac/mac/vivado/vpl/prj/prj.runs/vitis_design_clk_wizard_0_0_synth_1/vitis_design_clk_wizard_0_0_utilization_synth.rpt||
report_utilization|1.0|vitis_design_psr_104mhz_0_synth_1_synth_report_utilization_0|/home/ubuntu/Desktop/dsp_recon/system_project/mac/mac/vivado/vpl/prj/prj.runs/vitis_design_psr_104mhz_0_synth_1/vitis_design_psr_104mhz_0_utilization_synth.rpt||
report_utilization|1.0|vitis_design_psr_156mhz_0_synth_1_synth_report_utilization_0|/home/ubuntu/Desktop/dsp_recon/system_project/mac/mac/vivado/vpl/prj/prj.runs/vitis_design_psr_156mhz_0_synth_1/vitis_design_psr_156mhz_0_utilization_synth.rpt||
report_utilization|1.0|vitis_design_psr_312mhz_0_synth_1_synth_report_utilization_0|/home/ubuntu/Desktop/dsp_recon/system_project/mac/mac/vivado/vpl/prj/prj.runs/vitis_design_psr_312mhz_0_synth_1/vitis_design_psr_312mhz_0_utilization_synth.rpt||
report_utilization|1.0|vitis_design_psr_78mhz_0_synth_1_synth_report_utilization_0|/home/ubuntu/Desktop/dsp_recon/system_project/mac/mac/vivado/vpl/prj/prj.runs/vitis_design_psr_78mhz_0_synth_1/vitis_design_psr_78mhz_0_utilization_synth.rpt||
report_utilization|1.0|vitis_design_psr_208mhz_0_synth_1_synth_report_utilization_0|/home/ubuntu/Desktop/dsp_recon/system_project/mac/mac/vivado/vpl/prj/prj.runs/vitis_design_psr_208mhz_0_synth_1/vitis_design_psr_208mhz_0_utilization_synth.rpt||
report_utilization|1.0|vitis_design_psr_416mhz_0_synth_1_synth_report_utilization_0|/home/ubuntu/Desktop/dsp_recon/system_project/mac/mac/vivado/vpl/prj/prj.runs/vitis_design_psr_416mhz_0_synth_1/vitis_design_psr_416mhz_0_utilization_synth.rpt||
report_utilization|1.0|vitis_design_psr_625mhz_0_synth_1_synth_report_utilization_0|/home/ubuntu/Desktop/dsp_recon/system_project/mac/mac/vivado/vpl/prj/prj.runs/vitis_design_psr_625mhz_0_synth_1/vitis_design_psr_625mhz_0_utilization_synth.rpt||
report_utilization|1.0|vitis_design_icn_ctrl_1_0_synth_1_synth_report_utilization_0|/home/ubuntu/Desktop/dsp_recon/system_project/mac/mac/vivado/vpl/prj/prj.runs/vitis_design_icn_ctrl_1_0_synth_1/vitis_design_icn_ctrl_1_0_utilization_synth.rpt||
report_utilization|1.0|vitis_design_icn_ctrl_2_0_synth_1_synth_report_utilization_0|/home/ubuntu/Desktop/dsp_recon/system_project/mac/mac/vivado/vpl/prj/prj.runs/vitis_design_icn_ctrl_2_0_synth_1/vitis_design_icn_ctrl_2_0_utilization_synth.rpt||
report_utilization|1.0|vitis_design_dummy_slave_0_0_synth_1_synth_report_utilization_0|/home/ubuntu/Desktop/dsp_recon/system_project/mac/mac/vivado/vpl/prj/prj.runs/vitis_design_dummy_slave_0_0_synth_1/vitis_design_dummy_slave_0_0_utilization_synth.rpt||
report_utilization|1.0|vitis_design_dummy_slave_1_0_synth_1_synth_report_utilization_0|/home/ubuntu/Desktop/dsp_recon/system_project/mac/mac/vivado/vpl/prj/prj.runs/vitis_design_dummy_slave_1_0_synth_1/vitis_design_dummy_slave_1_0_utilization_synth.rpt||
report_utilization|1.0|vitis_design_dummy_slave_2_0_synth_1_synth_report_utilization_0|/home/ubuntu/Desktop/dsp_recon/system_project/mac/mac/vivado/vpl/prj/prj.runs/vitis_design_dummy_slave_2_0_synth_1/vitis_design_dummy_slave_2_0_utilization_synth.rpt||
report_utilization|1.0|vitis_design_dummy_slave_3_0_synth_1_synth_report_utilization_0|/home/ubuntu/Desktop/dsp_recon/system_project/mac/mac/vivado/vpl/prj/prj.runs/vitis_design_dummy_slave_3_0_synth_1/vitis_design_dummy_slave_3_0_utilization_synth.rpt||
report_utilization|1.0|vitis_design_icn_ctrl_3_0_synth_1_synth_report_utilization_0|/home/ubuntu/Desktop/dsp_recon/system_project/mac/mac/vivado/vpl/prj/prj.runs/vitis_design_icn_ctrl_3_0_synth_1/vitis_design_icn_ctrl_3_0_utilization_synth.rpt||
report_utilization|1.0|vitis_design_icn_ctrl_4_0_synth_1_synth_report_utilization_0|/home/ubuntu/Desktop/dsp_recon/system_project/mac/mac/vivado/vpl/prj/prj.runs/vitis_design_icn_ctrl_4_0_synth_1/vitis_design_icn_ctrl_4_0_utilization_synth.rpt||
report_utilization|1.0|vitis_design_icn_ctrl_5_0_synth_1_synth_report_utilization_0|/home/ubuntu/Desktop/dsp_recon/system_project/mac/mac/vivado/vpl/prj/prj.runs/vitis_design_icn_ctrl_5_0_synth_1/vitis_design_icn_ctrl_5_0_utilization_synth.rpt||
report_utilization|1.0|vitis_design_mac_1_0_synth_1_synth_report_utilization_0|/home/ubuntu/Desktop/dsp_recon/system_project/mac/mac/vivado/vpl/prj/prj.runs/vitis_design_mac_1_0_synth_1/vitis_design_mac_1_0_utilization_synth.rpt|mac|
kernel_service|1.0|impl_1_kernel_service|/home/ubuntu/Desktop/dsp_recon/system_project/mac/mac/vivado/vpl/prj/prj.runs/impl_1/kernel_service.json||9ecbab71-74f1-4dfb-abc0-9f5e52f1cfc8
kernel_service|1.0|impl_1_kernel_service|/home/ubuntu/Desktop/dsp_recon/system_project/mac/mac/vivado/vpl/prj/prj.runs/impl_1/kernel_service.pb||9ecbab71-74f1-4dfb-abc0-9f5e52f1cfc8
system_diagram_plus|1.0|impl_1_system_diagram|/home/ubuntu/Desktop/dsp_recon/system_project/mac/mac/vivado/vpl/prj/prj.runs/impl_1/system_diagram.json||9ecbab71-74f1-4dfb-abc0-9f5e52f1cfc8
report_timing_summary|1.0|impl_report_timing_summary_route_design_summary|/home/ubuntu/Desktop/dsp_recon/system_project/mac/mac/vivado/vpl/prj/prj.runs/impl_1/vitis_design_wrapper_timing_summary_routed.rpt||9ecbab71-74f1-4dfb-abc0-9f5e52f1cfc8
report_timing_summary|1.0|impl_report_timing_summary_route_design_summary|/home/ubuntu/Desktop/dsp_recon/system_project/mac/mac/vivado/vpl/prj/prj.runs/impl_1/vitis_design_wrapper_timing_summary_routed.rpx||9ecbab71-74f1-4dfb-abc0-9f5e52f1cfc8
report_timing_summary_concise|1.0|impl_report_timing_summary_route_design_summary|/home/ubuntu/Desktop/dsp_recon/system_project/mac/mac/vivado/vpl/prj/prj.runs/impl_1/vitis_design_wrapper_timing_summary_routed.rpv||9ecbab71-74f1-4dfb-abc0-9f5e52f1cfc8
