================================================================
== Vivado Place & Route Results
================================================================
+ General Information:
    * Date:            Wed May 29 22:26:44 CEST 2024
    * Version:         2023.1 (Build 3854077 on May  4 2023)
    * Project:         hls_component
    * Solution:        hls (Vitis Kernel Flow Target)
    * Product family:  versalaicore
    * Target device:   xcvc1902-vsva2197-2MP-e-S


================================================================
== Run Constraints & Options
================================================================
+ Design Constraints & Options:
    * Place & Route target clock:  10 ns
    * C-Synthesis target clock:    10 ns
    * C-Synthesis uncertainty:     27%

+ RTL Synthesis Options:
    * config_export -vivado_synth_strategy:     default
    * config_export -vivado_synth_design_args:  -directive sdx_optimization_effort_high

+ Place & Route Options:
    * config_export -vivado_impl_strategy:  default
    * config_export -vivado_phys_opt:       none

+ Reporting Options:
    * config_export -vivado_report_level:      2
    * config_export -vivado_max_timing_paths:  10


================================================================
== Place & Route Resource Summary
================================================================
LUT:              2264
FF:               2666
DSP:              1
BRAM:             2
URAM:             0
SRL:              504


================================================================
== Place & Route Timing Summary
================================================================
* Timing was met
+----------------+-------------+
| Timing         | Period (ns) |
+----------------+-------------+
| Target         | 10.000      |
| Post-Synthesis | 3.663       |
| Post-Route     | 4.064       |
+----------------+-------------+


================================================================
== Place & Route Resources
================================================================
+-----------------------------------------------------+------+------+-----+------+------+-----+--------+------+---------+----------+--------+
| Name                                                | LUT  | FF   | DSP | BRAM | URAM | SRL | Pragma | Impl | Latency | Variable | Source |
+-----------------------------------------------------+------+------+-----+------+------+-----+--------+------+---------+----------+--------+
| inst                                                | 2264 | 2666 | 1   | 2    |      |     |        |      |         |          |        |
|   (inst)                                            | 286  | 637  |     |      |      |     |        |      |         |          |        |
|   control_s_axi_U                                   | 248  | 281  |     |      |      |     |        |      |         |          |        |
|   fmadd_32ns_32ns_32ns_32ns_32_1_primitive_dsp_1_U1 |      |      | 1   |      |      |     |        |      |         |          |        |
|   gmem_m_axi_U                                      | 1731 | 1748 |     | 2    |      |     |        |      |         |          |        |
+-----------------------------------------------------+------+------+-----+------+------+-----+--------+------+---------+----------+--------+


================================================================
== Place & Route Fail Fast
================================================================
+-----------------------------------------------------------+-----------+--------+--------+
| Criteria                                                  | Guideline | Actual | Status |
+-----------------------------------------------------------+-----------+--------+--------+
| LUT                                                       | 70%       | 0.25%  | OK     |
| FD                                                        | 50%       | 0.15%  | OK     |
| LUTRAM+SRL                                                | 25%       | 0.11%  | OK     |
| LOOKAHEAD8                                                | 25%       | 0.08%  | OK     |
| DSP                                                       | 80%       | 0.05%  | OK     |
| RAMB                                                      | 80%       | 0.10%  | OK     |
| URAM                                                      | 80%       | 0.00%  | OK     |
| DSP+RAMB+URAM (Avg)                                       | 70%       | 0.08%  | OK     |
| BUFGCE* + BUFGCTRL                                        | 24        | 1      | OK     |
| DONT_TOUCH (cells/nets)                                   | 0         | 0      | OK     |
| MARK_DEBUG (nets)                                         | 0         | 0      | OK     |
| Control Sets                                              | 16872     | 75     | OK     |
| Average Fanout for modules > 100k cells                   | 4         | 0      | OK     |
| Non-FD high fanout nets > 10k loads                       | 0         | 0      | OK     |
+-----------------------------------------------------------+-----------+--------+--------+
| TIMING-6 (No common primary clock between related clocks) | 0         | 0      | OK     |
| TIMING-7 (No common node between related clocks)          | 0         | 0      | OK     |
| TIMING-8 (No common period between related clocks)        | 0         | 0      | OK     |
| TIMING-14 (LUT on the clock tree)                         | 0         | 0      | OK     |
| TIMING-35 (No common node in paths with the same clock)   | 0         | 0      | OK     |
+-----------------------------------------------------------+-----------+--------+--------+
| Number of paths above max LUT budgeting (0.300ns)         | 0         | 0      | OK     |
| Number of paths above max Net budgeting (0.208ns)         | 0         | 0      | OK     |
+-----------------------------------------------------------+-----------+--------+--------+


================================================================
== Place & Route Timing Paths
================================================================
* Timing was met
+-------+-------+------------------------------------+-----------------------+--------------+------------+----------------+----------------+--------------+
| Path  | SLACK | STARTPOINT PIN                     | ENDPOINT PIN          | LOGIC LEVELS | MAX FANOUT | DATAPATH DELAY | DATAPATH LOGIC | DATAPATH NET |
|       |       |                                    |                       |              |            |                |          DELAY |        DELAY |
+-------+-------+------------------------------------+-----------------------+--------------+------------+----------------+----------------+--------------+
| Path1 | 5.936 | gmem_addr_1_read_reg_375_reg[14]/C | add_reg_385_reg[19]/D |            8 |          1 |          3.909 |          2.918 |        0.991 |
| Path2 | 5.946 | gmem_addr_1_read_reg_375_reg[14]/C | add_reg_385_reg[7]/D  |            8 |          1 |          3.895 |          2.918 |        0.977 |
| Path3 | 5.976 | gmem_addr_1_read_reg_375_reg[14]/C | add_reg_385_reg[11]/D |            8 |          1 |          3.870 |          2.918 |        0.952 |
| Path4 | 5.977 | gmem_addr_1_read_reg_375_reg[14]/C | add_reg_385_reg[28]/D |            8 |          1 |          3.864 |          2.918 |        0.946 |
| Path5 | 6.080 | gmem_addr_1_read_reg_375_reg[14]/C | add_reg_385_reg[2]/D  |            8 |          1 |          3.760 |          2.918 |        0.842 |
+-------+-------+------------------------------------+-----------------------+--------------+------------+----------------+----------------+--------------+

    +------------------------------------------------+------------------------+
    | Path1 Cells                                    | Primitive Type         |
    +------------------------------------------------+------------------------+
    | gmem_addr_1_read_reg_375_reg[14]               | REGISTER.SDR.FDRE      |
    | i_synth/UFMA_OP.OP/i_prim/DSP_FP_INREG_INST    | ARITHMETIC.DSP.DSPFP32 |
    | i_synth/UFMA_OP.OP/i_prim/DSP_FP_INMUX_INST    | ARITHMETIC.DSP.DSPFP32 |
    | i_synth/UFMA_OP.OP/i_prim/DSP_FPM_STAGE0_INST  | ARITHMETIC.DSP.DSPFP32 |
    | i_synth/UFMA_OP.OP/i_prim/DSP_FPM_PIPEREG_INST | ARITHMETIC.DSP.DSPFP32 |
    | i_synth/UFMA_OP.OP/i_prim/DSP_FPM_STAGE1_INST  | ARITHMETIC.DSP.DSPFP32 |
    | i_synth/UFMA_OP.OP/i_prim/DSP_FP_OUTPUT_INST   | ARITHMETIC.DSP.DSPFP32 |
    | i_synth/UFMA_OP.OP/i_prim/DSP_FP_ADDER_INST    | ARITHMETIC.DSP.DSPFP32 |
    | add_reg_385_reg[19]                            | REGISTER.SDR.FDRE      |
    +------------------------------------------------+------------------------+

    +------------------------------------------------+------------------------+
    | Path2 Cells                                    | Primitive Type         |
    +------------------------------------------------+------------------------+
    | gmem_addr_1_read_reg_375_reg[14]               | REGISTER.SDR.FDRE      |
    | i_synth/UFMA_OP.OP/i_prim/DSP_FP_INREG_INST    | ARITHMETIC.DSP.DSPFP32 |
    | i_synth/UFMA_OP.OP/i_prim/DSP_FP_INMUX_INST    | ARITHMETIC.DSP.DSPFP32 |
    | i_synth/UFMA_OP.OP/i_prim/DSP_FPM_STAGE0_INST  | ARITHMETIC.DSP.DSPFP32 |
    | i_synth/UFMA_OP.OP/i_prim/DSP_FPM_PIPEREG_INST | ARITHMETIC.DSP.DSPFP32 |
    | i_synth/UFMA_OP.OP/i_prim/DSP_FPM_STAGE1_INST  | ARITHMETIC.DSP.DSPFP32 |
    | i_synth/UFMA_OP.OP/i_prim/DSP_FP_OUTPUT_INST   | ARITHMETIC.DSP.DSPFP32 |
    | i_synth/UFMA_OP.OP/i_prim/DSP_FP_ADDER_INST    | ARITHMETIC.DSP.DSPFP32 |
    | add_reg_385_reg[7]                             | REGISTER.SDR.FDRE      |
    +------------------------------------------------+------------------------+

    +------------------------------------------------+------------------------+
    | Path3 Cells                                    | Primitive Type         |
    +------------------------------------------------+------------------------+
    | gmem_addr_1_read_reg_375_reg[14]               | REGISTER.SDR.FDRE      |
    | i_synth/UFMA_OP.OP/i_prim/DSP_FP_INREG_INST    | ARITHMETIC.DSP.DSPFP32 |
    | i_synth/UFMA_OP.OP/i_prim/DSP_FP_INMUX_INST    | ARITHMETIC.DSP.DSPFP32 |
    | i_synth/UFMA_OP.OP/i_prim/DSP_FPM_STAGE0_INST  | ARITHMETIC.DSP.DSPFP32 |
    | i_synth/UFMA_OP.OP/i_prim/DSP_FPM_PIPEREG_INST | ARITHMETIC.DSP.DSPFP32 |
    | i_synth/UFMA_OP.OP/i_prim/DSP_FPM_STAGE1_INST  | ARITHMETIC.DSP.DSPFP32 |
    | i_synth/UFMA_OP.OP/i_prim/DSP_FP_OUTPUT_INST   | ARITHMETIC.DSP.DSPFP32 |
    | i_synth/UFMA_OP.OP/i_prim/DSP_FP_ADDER_INST    | ARITHMETIC.DSP.DSPFP32 |
    | add_reg_385_reg[11]                            | REGISTER.SDR.FDRE      |
    +------------------------------------------------+------------------------+

    +------------------------------------------------+------------------------+
    | Path4 Cells                                    | Primitive Type         |
    +------------------------------------------------+------------------------+
    | gmem_addr_1_read_reg_375_reg[14]               | REGISTER.SDR.FDRE      |
    | i_synth/UFMA_OP.OP/i_prim/DSP_FP_INREG_INST    | ARITHMETIC.DSP.DSPFP32 |
    | i_synth/UFMA_OP.OP/i_prim/DSP_FP_INMUX_INST    | ARITHMETIC.DSP.DSPFP32 |
    | i_synth/UFMA_OP.OP/i_prim/DSP_FPM_STAGE0_INST  | ARITHMETIC.DSP.DSPFP32 |
    | i_synth/UFMA_OP.OP/i_prim/DSP_FPM_PIPEREG_INST | ARITHMETIC.DSP.DSPFP32 |
    | i_synth/UFMA_OP.OP/i_prim/DSP_FPM_STAGE1_INST  | ARITHMETIC.DSP.DSPFP32 |
    | i_synth/UFMA_OP.OP/i_prim/DSP_FP_OUTPUT_INST   | ARITHMETIC.DSP.DSPFP32 |
    | i_synth/UFMA_OP.OP/i_prim/DSP_FP_ADDER_INST    | ARITHMETIC.DSP.DSPFP32 |
    | add_reg_385_reg[28]                            | REGISTER.SDR.FDRE      |
    +------------------------------------------------+------------------------+

    +------------------------------------------------+------------------------+
    | Path5 Cells                                    | Primitive Type         |
    +------------------------------------------------+------------------------+
    | gmem_addr_1_read_reg_375_reg[14]               | REGISTER.SDR.FDRE      |
    | i_synth/UFMA_OP.OP/i_prim/DSP_FP_INREG_INST    | ARITHMETIC.DSP.DSPFP32 |
    | i_synth/UFMA_OP.OP/i_prim/DSP_FP_INMUX_INST    | ARITHMETIC.DSP.DSPFP32 |
    | i_synth/UFMA_OP.OP/i_prim/DSP_FPM_STAGE0_INST  | ARITHMETIC.DSP.DSPFP32 |
    | i_synth/UFMA_OP.OP/i_prim/DSP_FPM_PIPEREG_INST | ARITHMETIC.DSP.DSPFP32 |
    | i_synth/UFMA_OP.OP/i_prim/DSP_FPM_STAGE1_INST  | ARITHMETIC.DSP.DSPFP32 |
    | i_synth/UFMA_OP.OP/i_prim/DSP_FP_OUTPUT_INST   | ARITHMETIC.DSP.DSPFP32 |
    | i_synth/UFMA_OP.OP/i_prim/DSP_FP_ADDER_INST    | ARITHMETIC.DSP.DSPFP32 |
    | add_reg_385_reg[2]                             | REGISTER.SDR.FDRE      |
    +------------------------------------------------+------------------------+


================================================================
== Place & Route Vivado Reports
================================================================
+--------------------------+-------------------------------------------------------------+
| Report Type              | Report Location                                             |
+--------------------------+-------------------------------------------------------------+
| design_analysis          | impl/verilog/report/mac_design_analysis_routed.rpt          |
| failfast                 | impl/verilog/report/mac_failfast_routed.rpt                 |
| status                   | impl/verilog/report/mac_status_routed.rpt                   |
| timing                   | impl/verilog/report/mac_timing_routed.rpt                   |
| timing_paths             | impl/verilog/report/mac_timing_paths_routed.rpt             |
| utilization              | impl/verilog/report/mac_utilization_routed.rpt              |
| utilization_hierarchical | impl/verilog/report/mac_utilization_hierarchical_routed.rpt |
+--------------------------+-------------------------------------------------------------+


