

Implementation tool: Xilinx Vivado v.2023.1
Project:             hls_component
Solution:            hls
Device target:       xcvc1902-vsva2197-2MP-e-S
Report date:         Mon May 13 19:57:53 CEST 2024

#=== Post-Implementation Resource usage ===
SLICE:            0
LUT:             48
FF:              43
DSP:              1
BRAM:             0
URAM:             0
LATCH:            0
SRL:              0
CLB:              0

#=== Final timing ===
CP required:                     10.000
CP achieved post-synthesis:      1.993
CP achieved post-implementation: 2.369
Timing met
