#-----------------------------------------------------------
# Vivado v2023.1 (64-bit)
# SW Build 3865809 on Sun May  7 15:04:56 MDT 2023
# IP Build 3864474 on Sun May  7 20:36:21 MDT 2023
# SharedData Build 3865790 on Sun May 07 13:33:03 MDT 2023
# Start of session at: Mon May 13 10:29:40 2024
# Process ID: 56375
# Current directory: /home/franz/workspace/hls_component/hls_component/hls/.autopilot/db/ip_tmp
# Command line: vivado  -notrace -log vivado.log -mode batch -source run_vivado_gen_ip.tcl
# Log file: /home/franz/workspace/hls_component/hls_component/hls/.autopilot/db/ip_tmp/vivado.log
# Journal file: /home/franz/workspace/hls_component/hls_component/hls/.autopilot/db/ip_tmp/vivado.jou
# Running On: fjrdev, OS: Linux, CPU Frequency: 1800.000 MHz, CPU Physical cores: 4, Host memory: 8073 MB
#-----------------------------------------------------------
source run_vivado_gen_ip.tcl -notrace
create_project: Time (s): cpu = 00:00:09 ; elapsed = 00:00:10 . Memory (MB): peak = 2066.156 ; gain = 121.992 ; free physical = 156 ; free virtual = 856
INFO: [IP_Flow 19-234] Refreshing IP repositories
INFO: [IP_Flow 19-1704] No user IP repositories specified
INFO: [IP_Flow 19-2313] Loaded Vivado IP repository '/tools/Xilinx/Vivado/2023.1/data/ip'.
INFO: [IP_Flow 19-1686] Generating 'Synthesis' target for IP 'mac_fmadd_32ns_32ns_32ns_32ns_32_1_primitive_dsp_1_ip'...
INFO: [IP_Flow 19-1686] Generating 'Simulation' target for IP 'mac_fmadd_32ns_32ns_32ns_32ns_32_1_primitive_dsp_1_ip'...
INFO: [Common 17-206] Exiting Vivado at Mon May 13 10:30:03 2024...
