Mon Jun  3 17:39:49 2024: Running xcd server. This server was built by gradle.
Mon Jun  3 17:39:49 2024: Server was asked to start on port: '42211'
Mon Jun  3 17:39:49 2024: Server is using token UUID: '8a8e4673-6801-474b-8249-53e67317a566'
Mon Jun  3 17:39:49 2024: SESSION_MGR: creating session with session uuid: '6d04a3e9-ade5-4ab9-8d63-1f78fcd2ec76' and name 'default'
Mon Jun  3 17:39:49 2024: Attempting to start server on port '42211'
Mon Jun  3 17:39:49 2024: XCD main fifo: created main fifo '/tmp/xcdmain8a8e4673-6801-474b-8249-53e67317a566', fd read = 13
Mon Jun  3 17:39:49 2024: Running Dispatch Server
Mon Jun  3 17:39:49 2024: Version 2.2.0
Mon Jun  3 17:39:58 2024: Dispatch Server: Accepted socket connection from client
Mon Jun  3 17:39:58 2024: Starting Socket connection
Mon Jun  3 17:39:58 2024: EXCHANGE_TOKEN received, server token: 8a8e4673-6801-474b-8249-53e67317a566, passed token: 8a8e4673-6801-474b-8249-53e67317a566
Mon Jun  3 17:39:58 2024: DISPATCH_HANDLER: Adding handler from function makeHandler in library libxv_system_diagram
Mon Jun  3 17:39:58 2024: SESSION_MGR: creating session with session uuid: 'e7324141-2c05-473c-a872-ee5da8acc64e' and name 'mac'
Mon Jun  3 17:39:58 2024: KERNEL_SVC: creating session with uuid: 'e7324141-2c05-473c-a872-ee5da8acc64e' and name 'mac'
Mon Jun  3 17:39:58 2024: GUIDANCE_SMGR: creating guidance session with uuid: 'e7324141-2c05-473c-a872-ee5da8acc64e' and name 'mac'
Mon Jun  3 17:39:58 2024: SYSTEM_DIAGRAM: creating session with uuid: 'e7324141-2c05-473c-a872-ee5da8acc64e' and name 'mac'
Mon Jun  3 17:40:07 2024: Dispatch Server: Accepted socket connection from client
Mon Jun  3 17:40:07 2024: Starting Socket connection
Mon Jun  3 17:40:12 2024: Dispatch Server: Accepted socket connection from client
Mon Jun  3 17:40:12 2024: Starting Socket connection
Mon Jun  3 17:46:34 2024: SESSION_MGR: closing session for UUID 'e7324141-2c05-473c-a872-ee5da8acc64e' with name 'mac'
Mon Jun  3 17:46:34 2024: KERNEL_SVC: closing session for UUID 'e7324141-2c05-473c-a872-ee5da8acc64e' with name 'mac'
Mon Jun  3 17:46:34 2024: GUIDANCE_SMGR: closing session for UUID 'e7324141-2c05-473c-a872-ee5da8acc64e' with name 'mac'
Mon Jun  3 17:46:34 2024: SYSTEM_DIAGRAM: closing session for UUID 'e7324141-2c05-473c-a872-ee5da8acc64e' with name 'mac'
Mon Jun  3 17:46:34 2024: STOP_SERVER received, server token: 8a8e4673-6801-474b-8249-53e67317a566, passed token: 8a8e4673-6801-474b-8249-53e67317a566
Mon Jun  3 17:46:34 2024: Socket received request to stop server.
Mon Jun  3 17:46:34 2024: Dispatch Server: do_await_stop
Mon Jun  3 17:46:34 2024: Dispatch Server: stopping mainFifo_
Mon Jun  3 17:46:34 2024: XCD main fifo: Stopping
Mon Jun  3 17:46:34 2024: XCD main fifo: do_read error code: Operation canceled
Mon Jun  3 17:46:34 2024: XCD main fifo: bytes_transferred: 0
Mon Jun  3 17:46:34 2024: SERVER: destructor for server bound to port 42211
Mon Jun  3 17:46:34 2024: XCD main fifo: Good unlink of /tmp/xcdmain8a8e4673-6801-474b-8249-53e67317a566
Mon Jun  3 17:46:34 2024: Server exiting with status 0.
Mon Jun  3 17:46:34 2024: Closing log file.
Mon Jun  3 17:48:31 2024: Running xcd server. This server was built by gradle.
Mon Jun  3 17:48:31 2024: Server was asked to start on port: '46641'
Mon Jun  3 17:48:31 2024: Server is using token UUID: 'e658b285-f695-4f0f-aeb6-2ce28c55d45e'
Mon Jun  3 17:48:31 2024: SESSION_MGR: creating session with session uuid: '6d04a3e9-ade5-4ab9-8d63-1f78fcd2ec76' and name 'default'
Mon Jun  3 17:48:31 2024: Attempting to start server on port '46641'
Mon Jun  3 17:48:31 2024: XCD main fifo: created main fifo '/tmp/xcdmaine658b285-f695-4f0f-aeb6-2ce28c55d45e', fd read = 12
Mon Jun  3 17:48:31 2024: Running Dispatch Server
Mon Jun  3 17:48:31 2024: Version 2.2.0
Mon Jun  3 17:48:40 2024: Dispatch Server: Accepted socket connection from client
Mon Jun  3 17:48:40 2024: Starting Socket connection
Mon Jun  3 17:48:40 2024: EXCHANGE_TOKEN received, server token: e658b285-f695-4f0f-aeb6-2ce28c55d45e, passed token: e658b285-f695-4f0f-aeb6-2ce28c55d45e
Mon Jun  3 17:48:40 2024: DISPATCH_HANDLER: Adding handler from function makeHandler in library libxv_system_diagram
Mon Jun  3 17:48:40 2024: SESSION_MGR: creating session with session uuid: '547cd6c8-beaa-4600-9ce9-9f87165e909e' and name 'mac'
Mon Jun  3 17:48:40 2024: KERNEL_SVC: creating session with uuid: '547cd6c8-beaa-4600-9ce9-9f87165e909e' and name 'mac'
Mon Jun  3 17:48:40 2024: GUIDANCE_SMGR: creating guidance session with uuid: '547cd6c8-beaa-4600-9ce9-9f87165e909e' and name 'mac'
Mon Jun  3 17:48:40 2024: SYSTEM_DIAGRAM: creating session with uuid: '547cd6c8-beaa-4600-9ce9-9f87165e909e' and name 'mac'
Mon Jun  3 17:48:49 2024: Dispatch Server: Accepted socket connection from client
Mon Jun  3 17:48:49 2024: Starting Socket connection
Mon Jun  3 17:48:53 2024: Dispatch Server: Accepted socket connection from client
Mon Jun  3 17:48:53 2024: Starting Socket connection
Mon Jun  3 17:52:19 2024: Dispatch Server: Accepted socket connection from client
Mon Jun  3 17:52:19 2024: Starting Socket connection
Mon Jun  3 17:52:19 2024: Dispatch Server: Accepted socket connection from client
Mon Jun  3 17:52:19 2024: Starting Socket connection
Mon Jun  3 17:52:19 2024: Dispatch Server: Accepted socket connection from client
Mon Jun  3 17:52:19 2024: Starting Socket connection
Mon Jun  3 17:52:19 2024: Dispatch Server: Accepted socket connection from client
Mon Jun  3 17:52:19 2024: Starting Socket connection
Mon Jun  3 17:52:19 2024: Dispatch Server: Accepted socket connection from client
Mon Jun  3 17:52:19 2024: Starting Socket connection
Mon Jun  3 17:52:19 2024: Dispatch Server: Accepted socket connection from client
Mon Jun  3 17:52:19 2024: Starting Socket connection
Mon Jun  3 17:52:19 2024: Dispatch Server: Accepted socket connection from client
Mon Jun  3 17:52:19 2024: Starting Socket connection
Mon Jun  3 17:52:20 2024: Dispatch Server: Accepted socket connection from client
Mon Jun  3 17:52:20 2024: Starting Socket connection
Mon Jun  3 17:53:00 2024: Dispatch Server: Accepted socket connection from client
Mon Jun  3 17:53:00 2024: Starting Socket connection
Mon Jun  3 17:53:00 2024: Dispatch Server: Accepted socket connection from client
Mon Jun  3 17:53:00 2024: Starting Socket connection
Mon Jun  3 17:53:00 2024: Dispatch Server: Accepted socket connection from client
Mon Jun  3 17:53:00 2024: Starting Socket connection
Mon Jun  3 17:53:00 2024: Dispatch Server: Accepted socket connection from client
Mon Jun  3 17:53:00 2024: Starting Socket connection
Mon Jun  3 17:53:03 2024: Dispatch Server: Accepted socket connection from client
Mon Jun  3 17:53:03 2024: Starting Socket connection
Mon Jun  3 17:53:03 2024: Dispatch Server: Accepted socket connection from client
Mon Jun  3 17:53:03 2024: Starting Socket connection
Mon Jun  3 17:53:03 2024: Dispatch Server: Accepted socket connection from client
Mon Jun  3 17:53:03 2024: Starting Socket connection
Mon Jun  3 17:53:14 2024: Dispatch Server: Accepted socket connection from client
Mon Jun  3 17:53:14 2024: Starting Socket connection
Mon Jun  3 17:53:41 2024: Dispatch Server: Accepted socket connection from client
Mon Jun  3 17:53:41 2024: Starting Socket connection
Mon Jun  3 17:53:41 2024: Dispatch Server: Accepted socket connection from client
Mon Jun  3 17:53:41 2024: Starting Socket connection
Mon Jun  3 17:53:41 2024: Dispatch Server: Accepted socket connection from client
Mon Jun  3 17:53:41 2024: Starting Socket connection
Mon Jun  3 17:53:41 2024: Dispatch Server: Accepted socket connection from client
Mon Jun  3 17:53:41 2024: Starting Socket connection
Mon Jun  3 17:53:52 2024: Dispatch Server: Accepted socket connection from client
Mon Jun  3 17:53:52 2024: Starting Socket connection
Mon Jun  3 17:53:52 2024: Dispatch Server: Accepted socket connection from client
Mon Jun  3 17:53:52 2024: Starting Socket connection
Mon Jun  3 17:53:52 2024: Dispatch Server: Accepted socket connection from client
Mon Jun  3 17:53:52 2024: Starting Socket connection
Mon Jun  3 17:54:32 2024: Dispatch Server: Accepted socket connection from client
Mon Jun  3 17:54:32 2024: Starting Socket connection
Mon Jun  3 17:55:21 2024: Dispatch Server: Accepted socket connection from client
Mon Jun  3 17:55:21 2024: Starting Socket connection
Mon Jun  3 18:02:01 2024: SESSION_MGR: closing session for UUID '547cd6c8-beaa-4600-9ce9-9f87165e909e' with name 'mac'
Mon Jun  3 18:02:01 2024: KERNEL_SVC: closing session for UUID '547cd6c8-beaa-4600-9ce9-9f87165e909e' with name 'mac'
Mon Jun  3 18:02:01 2024: GUIDANCE_SMGR: closing session for UUID '547cd6c8-beaa-4600-9ce9-9f87165e909e' with name 'mac'
Mon Jun  3 18:02:01 2024: SYSTEM_DIAGRAM: closing session for UUID '547cd6c8-beaa-4600-9ce9-9f87165e909e' with name 'mac'
Mon Jun  3 18:02:01 2024: STOP_SERVER received, server token: e658b285-f695-4f0f-aeb6-2ce28c55d45e, passed token: e658b285-f695-4f0f-aeb6-2ce28c55d45e
Mon Jun  3 18:02:01 2024: DISPATCH_HANDLER: 2 connections are active. Stop request denied.
