Mon Jun  3 16:46:35 2024: Running xcd server. This server was built by gradle.
Mon Jun  3 16:46:35 2024: Server was asked to start on port: '40611'
Mon Jun  3 16:46:35 2024: Server is using token UUID: '2c8ecd89-de39-47a7-a2e0-b3a235e119bb'
Mon Jun  3 16:46:35 2024: SESSION_MGR: creating session with session uuid: '6d04a3e9-ade5-4ab9-8d63-1f78fcd2ec76' and name 'default'
Mon Jun  3 16:46:35 2024: Attempting to start server on port '40611'
Mon Jun  3 16:46:35 2024: XCD main fifo: created main fifo '/tmp/xcdmain2c8ecd89-de39-47a7-a2e0-b3a235e119bb', fd read = 13
Mon Jun  3 16:46:35 2024: Running Dispatch Server
Mon Jun  3 16:46:35 2024: Version 2.2.0
Mon Jun  3 16:46:45 2024: Dispatch Server: Accepted socket connection from client
Mon Jun  3 16:46:45 2024: Starting Socket connection
Mon Jun  3 16:46:45 2024: EXCHANGE_TOKEN received, server token: 2c8ecd89-de39-47a7-a2e0-b3a235e119bb, passed token: 2c8ecd89-de39-47a7-a2e0-b3a235e119bb
Mon Jun  3 16:46:45 2024: DISPATCH_HANDLER: Adding handler from function makeHandler in library libxv_system_diagram
Mon Jun  3 16:46:45 2024: SESSION_MGR: creating session with session uuid: 'b95aee37-a6cf-4244-9845-f1f73ad4d5f9' and name 'v++_compile_hls_component'
Mon Jun  3 16:46:45 2024: KERNEL_SVC: creating session with uuid: 'b95aee37-a6cf-4244-9845-f1f73ad4d5f9' and name 'v++_compile_hls_component'
Mon Jun  3 16:46:45 2024: GUIDANCE_SMGR: creating guidance session with uuid: 'b95aee37-a6cf-4244-9845-f1f73ad4d5f9' and name 'v++_compile_hls_component'
Mon Jun  3 16:46:45 2024: SYSTEM_DIAGRAM: creating session with uuid: 'b95aee37-a6cf-4244-9845-f1f73ad4d5f9' and name 'v++_compile_hls_component'
Mon Jun  3 16:46:47 2024: Dispatch Server: Accepted socket connection from client
Mon Jun  3 16:46:47 2024: Starting Socket connection
Mon Jun  3 16:47:05 2024: SESSION_MGR: closing session for UUID 'b95aee37-a6cf-4244-9845-f1f73ad4d5f9' with name 'v++_compile_hls_component'
Mon Jun  3 16:47:05 2024: KERNEL_SVC: closing session for UUID 'b95aee37-a6cf-4244-9845-f1f73ad4d5f9' with name 'v++_compile_hls_component'
Mon Jun  3 16:47:05 2024: GUIDANCE_SMGR: closing session for UUID 'b95aee37-a6cf-4244-9845-f1f73ad4d5f9' with name 'v++_compile_hls_component'
Mon Jun  3 16:47:05 2024: SYSTEM_DIAGRAM: closing session for UUID 'b95aee37-a6cf-4244-9845-f1f73ad4d5f9' with name 'v++_compile_hls_component'
Mon Jun  3 16:47:05 2024: STOP_SERVER received, server token: 2c8ecd89-de39-47a7-a2e0-b3a235e119bb, passed token: 2c8ecd89-de39-47a7-a2e0-b3a235e119bb
Mon Jun  3 16:47:05 2024: Socket received request to stop server.
Mon Jun  3 16:47:05 2024: Dispatch Server: do_await_stop
Mon Jun  3 16:47:05 2024: Dispatch Server: stopping mainFifo_
Mon Jun  3 16:47:05 2024: XCD main fifo: Stopping
Mon Jun  3 16:47:05 2024: XCD main fifo: do_read error code: Operation canceled
Mon Jun  3 16:47:05 2024: XCD main fifo: bytes_transferred: 0
Mon Jun  3 16:47:05 2024: SERVER: destructor for server bound to port 40611
Mon Jun  3 16:47:05 2024: XCD main fifo: Good unlink of /tmp/xcdmain2c8ecd89-de39-47a7-a2e0-b3a235e119bb
Mon Jun  3 16:47:05 2024: Server exiting with status 0.
Mon Jun  3 16:47:05 2024: Closing log file.
