INFO: [vitis-run 60-1548] Creating build summary session with primary output /home/ubuntu/Desktop/dsp_recon/hls_component/hls_component/hls_component.hlsrun_csim_summary, at Fri Jun 21 12:31:36 2024
INFO: [vitis-run 82-31] Launching vitis_hls: vitis_hls -nolog -run csim -work_dir /home/ubuntu/Desktop/dsp_recon/hls_component/hls_component -config /home/ubuntu/Desktop/dsp_recon/hls_component/hls_config.cfg -cmdlineconfig /home/ubuntu/Desktop/dsp_recon/hls_component/hls_component/hls/config.cmdline

****** Vitis HLS - High-Level Synthesis from C, C++ and OpenCL v2023.1 (64-bit)
  **** SW Build 3854077 on May  4 2023
  **** IP Build 3864474 on Sun May  7 20:36:21 MDT 2023
  **** SharedData Build 3865790 on Sun May 07 13:33:03 MDT 2023
    ** Copyright 1986-2022 Xilinx, Inc. All Rights Reserved.
    ** Copyright 2022-2023 Advanced Micro Devices, Inc. All Rights Reserved.

source /tools/Xilinx/Vitis_HLS/2023.1/scripts/vitis_hls/hls.tcl -notrace
INFO: [HLS 200-10] Running '/tools/Xilinx/Vitis_HLS/2023.1/bin/unwrapped/lnx64.o/vitis_hls'
INFO: [HLS 200-10] For user 'ubuntu' on host 'ubuntu-MS-7D30' (Linux_x86_64 version 5.15.0-105-generic) on Fri Jun 21 12:31:37 CEST 2024
INFO: [HLS 200-10] On os Ubuntu 20.04.4 LTS
INFO: [HLS 200-10] In directory '/home/ubuntu/Desktop/dsp_recon/hls_component'
INFO: [HLS 200-2005] Using work_dir /home/ubuntu/Desktop/dsp_recon/hls_component/hls_component 
INFO: [HLS 200-1510] Running: open_project /home/ubuntu/Desktop/dsp_recon/hls_component/hls_component -diskless 
INFO: [HLS 200-1510] Running: open_solution hls 
INFO: [HLS 200-1505] Using default flow_target 'vivado'
Resolution: For help on HLS 200-1505 see www.xilinx.com/cgi-bin/docs/rdoc?v=2023.1;t=hls+guidance;d=200-1505.html
INFO: [HLS 200-1510] Running: apply_ini /home/ubuntu/Desktop/dsp_recon/hls_component/hls_config.cfg 
INFO: [HLS 200-1909] Reading HLS ini file /home/ubuntu/Desktop/dsp_recon/hls_component/hls_config.cfg
INFO: [HLS 200-1465] Applying ini 'syn.file=fbi.cpp' at /home/ubuntu/Desktop/dsp_recon/hls_component/hls_config.cfg(9)
INFO: [HLS 200-10] Adding design file '/home/ubuntu/Desktop/dsp_recon/hls_component/fbi.cpp' to the project
INFO: [HLS 200-1465] Applying ini 'syn.file=fbi.h' at /home/ubuntu/Desktop/dsp_recon/hls_component/hls_config.cfg(10)
INFO: [HLS 200-10] Adding design file '/home/ubuntu/Desktop/dsp_recon/hls_component/fbi.h' to the project
INFO: [HLS 200-1465] Applying ini 'syn.cflags=-L/cnpy/build/libcnpy.so -lcnpy -lz' at /home/ubuntu/Desktop/dsp_recon/hls_component/hls_config.cfg(12)
INFO: [HLS 200-1465] Applying ini 'syn.csimflags=-L/cnpy/build/libcnpy.so -lcnpy -lz' at /home/ubuntu/Desktop/dsp_recon/hls_component/hls_config.cfg(13)
INFO: [HLS 200-1465] Applying ini 'tb.file=fbi_test.cpp' at /home/ubuntu/Desktop/dsp_recon/hls_component/hls_config.cfg(8)
INFO: [HLS 200-10] Adding test bench file '/home/ubuntu/Desktop/dsp_recon/hls_component/fbi_test.cpp' to the project
INFO: [HLS 200-1465] Applying ini 'tb.cflags=-L/cnpy/build/libcnpy.so -lcnpy -lz' at /home/ubuntu/Desktop/dsp_recon/hls_component/hls_config.cfg(11)
INFO: [HLS 200-1465] Applying ini 'syn.top=fbi' at /home/ubuntu/Desktop/dsp_recon/hls_component/hls_config.cfg(7)
INFO: [HLS 200-1465] Applying ini 'flow_target=vitis' at /home/ubuntu/Desktop/dsp_recon/hls_component/hls_config.cfg(4)
INFO: [HLS 200-1505] Using flow_target 'vitis'
Resolution: For help on HLS 200-1505 see www.xilinx.com/cgi-bin/docs/rdoc?v=2023.1;t=hls+guidance;d=200-1505.html
INFO: [HLS 200-435] Setting 'open_solution -flow_target vitis' configuration: config_interface -m_axi_latency=64
INFO: [HLS 200-435] Setting 'open_solution -flow_target vitis' configuration: config_interface -m_axi_alignment_byte_size=64
INFO: [HLS 200-435] Setting 'open_solution -flow_target vitis' configuration: config_interface -m_axi_max_widen_bitwidth=512
INFO: [HLS 200-435] Setting 'open_solution -flow_target vitis' configuration: config_rtl -register_reset_num=3
INFO: [HLS 200-1465] Applying ini 'clock=10' at /home/ubuntu/Desktop/dsp_recon/hls_component/hls_config.cfg(5)
INFO: [SYN 201-201] Setting up clock 'default' with a period of 10ns.
INFO: [HLS 200-1465] Applying ini 'part=xcvc1902-vsva2197-2MP-e-S' at /home/ubuntu/Desktop/dsp_recon/hls_component/hls_config.cfg(1)
INFO: [HLS 200-1611] Setting target device to 'xcvc1902-vsva2197-2MP-e-S'
INFO: [HLS 200-1465] Applying ini 'csim.ldflags=-L/cnpy/build/libcnpy.so -lcnpy -lz' at /home/ubuntu/Desktop/dsp_recon/hls_component/hls_config.cfg(14)
INFO: [HLS 200-1465] Applying ini 'syn.output.format=xo' at /home/ubuntu/Desktop/dsp_recon/hls_component/hls_config.cfg(6)
INFO: [HLS 200-1510] Running: apply_ini /home/ubuntu/Desktop/dsp_recon/hls_component/hls_component/hls/config.cmdline 
INFO: [HLS 200-1909] Reading HLS ini file /home/ubuntu/Desktop/dsp_recon/hls_component/hls_component/hls/config.cmdline
INFO: [HLS 200-1465] Applying ini 'ide.compjson=0' at /home/ubuntu/Desktop/dsp_recon/hls_component/hls_component/hls/config.cmdline(4)
INFO: [HLS 200-1510] Running: csim_design 
INFO: [SIM 211-2] *************** CSIM start ***************
INFO: [SIM 211-4] CSIM will launch GCC as the compiler.
INFO: [HLS 200-2036] Building debug C Simulation binaries
   Compiling ../../../../fbi_test.cpp in debug mode
   Compiling ../../../../fbi.cpp in debug mode
   Generating csim.exe
RMSE: 1.08597e-16
INFO: [SIM 211-1] CSim done with 0 errors.
INFO: [SIM 211-3] *************** CSIM finish ***************
INFO: [HLS 200-111] Finished Command csim_design CPU user time: 0.48 seconds. CPU system time: 0.28 seconds. Elapsed time: 0.73 seconds; current allocated memory: 0.109 MB.
INFO: [HLS 200-112] Total CPU user time: 1.91 seconds. Total CPU system time: 0.61 seconds. Total elapsed time: 2.42 seconds; peak allocated memory: 1.080 GB.
INFO: [Common 17-206] Exiting vitis_hls at Fri Jun 21 12:31:39 2024...
INFO: [vitis-run 60-791] Total elapsed time: 0h 0m 13s
