INFO: [vitis-run 60-1548] Creating build summary session with primary output /home/franz/workspace/hls_component/hls_component/hls_component.hlsrun_cosim_summary, at Wed May  8 22:53:56 2024
INFO: [vitis-run 82-31] Launching vitis_hls: vitis_hls -nolog -run cosim -work_dir /home/franz/workspace/hls_component/hls_component -config /home/franz/workspace/hls_component/hls_config.cfg -cmdlineconfig /home/franz/workspace/hls_component/hls_component/hls/config.cmdline

****** Vitis HLS - High-Level Synthesis from C, C++ and OpenCL v2023.1 (64-bit)
  **** SW Build 3854077 on May  4 2023
  **** IP Build 3864474 on Sun May  7 20:36:21 MDT 2023
  **** SharedData Build 3865790 on Sun May 07 13:33:03 MDT 2023
    ** Copyright 1986-2022 Xilinx, Inc. All Rights Reserved.
    ** Copyright 2022-2023 Advanced Micro Devices, Inc. All Rights Reserved.

source /tools/Xilinx/Vitis_HLS/2023.1/scripts/vitis_hls/hls.tcl -notrace
INFO: [HLS 200-10] Running '/tools/Xilinx/Vitis_HLS/2023.1/bin/unwrapped/lnx64.o/vitis_hls'
INFO: [HLS 200-10] For user 'franz' on host 'fjrdev' (Linux_x86_64 version 5.15.0-105-generic) on Wed May 08 22:53:59 CEST 2024
INFO: [HLS 200-10] On os Ubuntu 20.04.5 LTS
INFO: [HLS 200-10] In directory '/home/franz/workspace/hls_component'
INFO: [HLS 200-2005] Using work_dir /home/franz/workspace/hls_component/hls_component 
INFO: [HLS 200-1510] Running: open_project /home/franz/workspace/hls_component/hls_component -diskless 
INFO: [HLS 200-1510] Running: open_solution hls 
INFO: [HLS 200-1505] Using default flow_target 'vivado'
Resolution: For help on HLS 200-1505 see www.xilinx.com/cgi-bin/docs/rdoc?v=2023.1;t=hls+guidance;d=200-1505.html
INFO: [HLS 200-1510] Running: apply_ini /home/franz/workspace/hls_component/hls_config.cfg 
INFO: [HLS 200-1909] Reading HLS ini file /home/franz/workspace/hls_component/hls_config.cfg
INFO: [HLS 200-1465] Applying ini 'syn.file=add.cpp' at /home/franz/workspace/hls_component/hls_config.cfg(7)
INFO: [HLS 200-10] Adding design file '/home/franz/workspace/hls_component/add.cpp' to the project
INFO: [HLS 200-1465] Applying ini 'syn.file=add.h' at /home/franz/workspace/hls_component/hls_config.cfg(8)
INFO: [HLS 200-10] Adding design file '/home/franz/workspace/hls_component/add.h' to the project
INFO: [HLS 200-1465] Applying ini 'tb.file=add_test.cpp' at /home/franz/workspace/hls_component/hls_config.cfg(10)
INFO: [HLS 200-10] Adding test bench file '/home/franz/workspace/hls_component/add_test.cpp' to the project
INFO: [HLS 200-1465] Applying ini 'syn.top=mac' at /home/franz/workspace/hls_component/hls_config.cfg(9)
INFO: [HLS 200-1465] Applying ini 'flow_target=vivado' at /home/franz/workspace/hls_component/hls_config.cfg(4)
INFO: [HLS 200-1505] Using flow_target 'vivado'
Resolution: For help on HLS 200-1505 see www.xilinx.com/cgi-bin/docs/rdoc?v=2023.1;t=hls+guidance;d=200-1505.html
INFO: [HLS 200-1465] Applying ini 'clock=10' at /home/franz/workspace/hls_component/hls_config.cfg(5)
INFO: [SYN 201-201] Setting up clock 'default' with a period of 10ns.
INFO: [HLS 200-1465] Applying ini 'part=xcvc1902-vsva2197-2MP-e-S' at /home/franz/workspace/hls_component/hls_config.cfg(1)
INFO: [HLS 200-1611] Setting target device to 'xcvc1902-vsva2197-2MP-e-S'
INFO: [HLS 200-1465] Applying ini 'syn.output.format=rtl' at /home/franz/workspace/hls_component/hls_config.cfg(6)
INFO: [HLS 200-1510] Running: apply_ini /home/franz/workspace/hls_component/hls_component/hls/config.cmdline 
INFO: [HLS 200-1909] Reading HLS ini file /home/franz/workspace/hls_component/hls_component/hls/config.cmdline
INFO: [HLS 200-1465] Applying ini 'ide.compjson=0' at /home/franz/workspace/hls_component/hls_component/hls/config.cmdline(4)
INFO: [HLS 200-1510] Running: cosim_design 
INFO: [COSIM 212-47] Using XSIM for RTL simulation.
INFO: [COSIM 212-14] Instrumenting C test bench ...
   Build using "/tools/Xilinx/Vitis_HLS/2023.1/tps/lnx64/gcc-8.3.0/bin/g++"
   Compiling add_test.cpp_pre.cpp.tb.cpp
   Compiling apatb_mac.cpp
   Compiling add.cpp_pre.cpp.tb.cpp
   Compiling apatb_mac_ir.ll
   Generating cosim.tv.exe
INFO: [COSIM 212-302] Starting C TB testing ... 
INFO: [COSIM 212-333] Generating C post check test bench ...
INFO: [COSIM 212-12] Generating RTL test bench ...
