INFO: [v++ 60-1548] Creating build summary session with primary output /home/franz/workspace/hls_component/hls_component/hls_component.hlscompile_summary, at Sun May 26 15:05:59 2024
INFO: [v++ 82-31] Launching vitis_hls: vitis_hls -nolog -run csynth -work_dir /home/franz/workspace/hls_component/hls_component -config /home/franz/workspace/hls_component/hls_config.cfg -cmdlineconfig /home/franz/workspace/hls_component/hls_component/hls/config.cmdline

****** Vitis HLS - High-Level Synthesis from C, C++ and OpenCL v2023.1 (64-bit)
  **** SW Build 3854077 on May  4 2023
  **** IP Build 3864474 on Sun May  7 20:36:21 MDT 2023
  **** SharedData Build 3865790 on Sun May 07 13:33:03 MDT 2023
    ** Copyright 1986-2022 Xilinx, Inc. All Rights Reserved.
    ** Copyright 2022-2023 Advanced Micro Devices, Inc. All Rights Reserved.

source /tools/Xilinx/Vitis_HLS/2023.1/scripts/vitis_hls/hls.tcl -notrace
INFO: [HLS 200-10] Running '/tools/Xilinx/Vitis_HLS/2023.1/bin/unwrapped/lnx64.o/vitis_hls'
INFO: [HLS 200-10] For user 'franz' on host 'fjrdev' (Linux_x86_64 version 5.15.0-105-generic) on Sun May 26 15:06:02 CEST 2024
INFO: [HLS 200-10] On os Ubuntu 20.04.5 LTS
INFO: [HLS 200-10] In directory '/home/franz/workspace/hls_component'
INFO: [HLS 200-2005] Using work_dir /home/franz/workspace/hls_component/hls_component 
INFO: [HLS 200-1510] Running: open_project /home/franz/workspace/hls_component/hls_component -diskless 
INFO: [HLS 200-1510] Running: open_solution hls 
INFO: [HLS 200-1505] Using default flow_target 'vivado'
Resolution: For help on HLS 200-1505 see www.xilinx.com/cgi-bin/docs/rdoc?v=2023.1;t=hls+guidance;d=200-1505.html
INFO: [HLS 200-1510] Running: apply_ini /home/franz/workspace/hls_component/hls_config.cfg 
INFO: [HLS 200-1909] Reading HLS ini file /home/franz/workspace/hls_component/hls_config.cfg
INFO: [HLS 200-1465] Applying ini 'syn.file=add.cpp' at /home/franz/workspace/hls_component/hls_config.cfg(7)
INFO: [HLS 200-10] Adding design file '/home/franz/workspace/hls_component/add.cpp' to the project
INFO: [HLS 200-1465] Applying ini 'syn.file=add.h' at /home/franz/workspace/hls_component/hls_config.cfg(8)
INFO: [HLS 200-10] Adding design file '/home/franz/workspace/hls_component/add.h' to the project
INFO: [HLS 200-1465] Applying ini 'tb.file=add_test.cpp' at /home/franz/workspace/hls_component/hls_config.cfg(10)
INFO: [HLS 200-10] Adding test bench file '/home/franz/workspace/hls_component/add_test.cpp' to the project
INFO: [HLS 200-1465] Applying ini 'syn.top=mac' at /home/franz/workspace/hls_component/hls_config.cfg(9)
INFO: [HLS 200-1465] Applying ini 'flow_target=vitis' at /home/franz/workspace/hls_component/hls_config.cfg(4)
INFO: [HLS 200-1505] Using flow_target 'vitis'
Resolution: For help on HLS 200-1505 see www.xilinx.com/cgi-bin/docs/rdoc?v=2023.1;t=hls+guidance;d=200-1505.html
INFO: [HLS 200-435] Setting 'open_solution -flow_target vitis' configuration: config_interface -m_axi_latency=64
INFO: [HLS 200-435] Setting 'open_solution -flow_target vitis' configuration: config_interface -m_axi_alignment_byte_size=64
INFO: [HLS 200-435] Setting 'open_solution -flow_target vitis' configuration: config_interface -m_axi_max_widen_bitwidth=512
INFO: [HLS 200-435] Setting 'open_solution -flow_target vitis' configuration: config_rtl -register_reset_num=3
INFO: [HLS 200-1465] Applying ini 'clock=10' at /home/franz/workspace/hls_component/hls_config.cfg(5)
INFO: [SYN 201-201] Setting up clock 'default' with a period of 10ns.
INFO: [HLS 200-1465] Applying ini 'part=xcvc1902-vsva2197-2MP-e-S' at /home/franz/workspace/hls_component/hls_config.cfg(1)
INFO: [HLS 200-1611] Setting target device to 'xcvc1902-vsva2197-2MP-e-S'
INFO: [HLS 200-1465] Applying ini 'syn.output.format=ip' at /home/franz/workspace/hls_component/hls_config.cfg(6)
INFO: [HLS 200-1510] Running: apply_ini /home/franz/workspace/hls_component/hls_component/hls/config.cmdline 
INFO: [HLS 200-1909] Reading HLS ini file /home/franz/workspace/hls_component/hls_component/hls/config.cmdline
INFO: [HLS 200-1465] Applying ini 'ide.compjson=0' at /home/franz/workspace/hls_component/hls_component/hls/config.cmdline(4)
INFO: [HLS 200-1510] Running: csynth_design 
INFO: [HLS 200-111] Finished File checks and directory preparation: CPU user time: 0.12 seconds. CPU system time: 0.01 seconds. Elapsed time: 0.14 seconds; current allocated memory: 1.080 GB.
INFO: [HLS 200-10] Analyzing design file '/home/franz/workspace/hls_component/add.cpp' ... 
WARNING: [HLS 207-5558] unexpected pragma parameter 'depth' (/home/franz/workspace/hls_component/add.cpp:7:44)
WARNING: [HLS 207-5558] unexpected pragma parameter 'depth' (/home/franz/workspace/hls_component/add.cpp:8:44)
WARNING: [HLS 207-5558] unexpected pragma parameter 'depth' (/home/franz/workspace/hls_component/add.cpp:9:44)
INFO: [HLS 200-111] Finished Source Code Analysis and Preprocessing: CPU user time: 0.67 seconds. CPU system time: 0.78 seconds. Elapsed time: 1.62 seconds; current allocated memory: 1.082 GB.
INFO: [HLS 200-777] Using interface defaults for 'Vitis' flow target.
INFO: [HLS 200-1995] There were 23 instructions in the design after the 'Compile/Link' phase of compilation. See the Design Size Report for more details: /home/franz/workspace/hls_component/hls_component/hls/syn/report/csynth_design_size.rpt
INFO: [HLS 200-1995] There were 26 instructions in the design after the 'Unroll/Inline' phase of compilation. See the Design Size Report for more details: /home/franz/workspace/hls_component/hls_component/hls/syn/report/csynth_design_size.rpt
INFO: [HLS 200-1995] There were 37 instructions in the design after the 'Performance/Pipeline' phase of compilation. See the Design Size Report for more details: /home/franz/workspace/hls_component/hls_component/hls/syn/report/csynth_design_size.rpt
INFO: [HLS 200-1995] There were 43 instructions in the design after the 'Optimizations' phase of compilation. See the Design Size Report for more details: /home/franz/workspace/hls_component/hls_component/hls/syn/report/csynth_design_size.rpt
WARNING: [HLS 214-414] Cannot apply interface mode 'ap_none' on function argument 'a' since this interface mode only supports scalar types (/home/franz/workspace/hls_component/add.cpp:4:0)
WARNING: [HLS 214-414] Cannot apply interface mode 'ap_none' on function argument 'b' since this interface mode only supports scalar types (/home/franz/workspace/hls_component/add.cpp:4:0)
WARNING: [HLS 214-414] Cannot apply interface mode 'ap_none' on function argument 'c' since this interface mode only supports scalar types (/home/franz/workspace/hls_component/add.cpp:4:0)
INFO: [HLS 200-111] Finished Compiling Optimization and Transform: CPU user time: 4.22 seconds. CPU system time: 0.89 seconds. Elapsed time: 9.82 seconds; current allocated memory: 1.083 GB.
INFO: [HLS 200-111] Finished Checking Pragmas: CPU user time: 0 seconds. CPU system time: 0 seconds. Elapsed time: 0 seconds; current allocated memory: 1.083 GB.
INFO: [HLS 200-10] Starting code transformations ...
INFO: [HLS 200-111] Finished Standard Transforms: CPU user time: 0.01 seconds. CPU system time: 0.01 seconds. Elapsed time: 0.05 seconds; current allocated memory: 1.084 GB.
INFO: [HLS 200-10] Checking synthesizability ...
INFO: [HLS 200-111] Finished Checking Synthesizability: CPU user time: 0.01 seconds. CPU system time: 0 seconds. Elapsed time: 0.01 seconds; current allocated memory: 1.084 GB.
INFO: [XFORM 203-510] Pipelining loop 'VITIS_LOOP_11_1' (/home/franz/workspace/hls_component/add.cpp:11) in function 'mac' automatically.
INFO: [HLS 200-111] Finished Loop, function and other optimizations: CPU user time: 0.04 seconds. CPU system time: 0.02 seconds. Elapsed time: 0.07 seconds; current allocated memory: 1.105 GB.
INFO: [HLS 200-111] Finished Architecture Synthesis: CPU user time: 0.03 seconds. CPU system time: 0 seconds. Elapsed time: 0.04 seconds; current allocated memory: 1.105 GB.
INFO: [HLS 200-10] Starting hardware synthesis ...
INFO: [HLS 200-10] Synthesizing 'mac' ...
INFO: [HLS 200-10] ----------------------------------------------------------------
INFO: [HLS 200-42] -- Implementing module 'mac' 
INFO: [HLS 200-10] ----------------------------------------------------------------
INFO: [SCHED 204-11] Starting scheduling ...
INFO: [SCHED 204-61] Pipelining loop 'VITIS_LOOP_11_1'.
WARNING: [HLS 200-885] The II Violation in module 'mac' (loop 'VITIS_LOOP_11_1'): Unable to schedule bus request operation ('gmem_load_1_req', /home/franz/workspace/hls_component/add.cpp:12) on port 'gmem' (/home/franz/workspace/hls_component/add.cpp:12) due to limited memory ports (II = 1). Please consider using a memory core with more ports or partitioning the array.
Resolution: For help on HLS 200-885 see www.xilinx.com/cgi-bin/docs/rdoc?v=2023.1;t=hls+guidance;d=200-885.html
WARNING: [HLS 200-885] The II Violation in module 'mac' (loop 'VITIS_LOOP_11_1'): Unable to schedule bus request operation ('gmem_load_2_req', /home/franz/workspace/hls_component/add.cpp:12) on port 'gmem' (/home/franz/workspace/hls_component/add.cpp:12) due to limited memory ports (II = 2). Please consider using a memory core with more ports or partitioning the array.
Resolution: For help on HLS 200-885 see www.xilinx.com/cgi-bin/docs/rdoc?v=2023.1;t=hls+guidance;d=200-885.html
INFO: [HLS 200-1470] Pipelining result : Target II = NA, Final II = 3, Depth = 145, loop 'VITIS_LOOP_11_1'
INFO: [SCHED 204-11] Finished scheduling.
INFO: [HLS 200-111] Finished Scheduling: CPU user time: 1.43 seconds. CPU system time: 0.06 seconds. Elapsed time: 1.53 seconds; current allocated memory: 1.105 GB.
INFO: [BIND 205-100] Starting micro-architecture generation ...
INFO: [BIND 205-101] Performing variable lifetime analysis.
INFO: [BIND 205-101] Exploring resource sharing.
INFO: [BIND 205-101] Binding ...
INFO: [BIND 205-100] Finished micro-architecture generation.
INFO: [HLS 200-111] Finished Binding: CPU user time: 3.37 seconds. CPU system time: 0 seconds. Elapsed time: 3.41 seconds; current allocated memory: 1.105 GB.
INFO: [HLS 200-10] ----------------------------------------------------------------
INFO: [HLS 200-10] -- Generating RTL for module 'mac' 
INFO: [HLS 200-10] ----------------------------------------------------------------
WARNING: [RTGEN 206-101] Design contains AXI ports. Reset is fixed to synchronous and active low.
INFO: [RTGEN 206-500] Setting interface mode on port 'mac/gmem' to 'm_axi'.
INFO: [RTGEN 206-500] Setting interface mode on port 'mac/a' to 's_axilite & ap_none'.
INFO: [RTGEN 206-500] Setting interface mode on port 'mac/b' to 's_axilite & ap_none'.
INFO: [RTGEN 206-500] Setting interface mode on port 'mac/c' to 's_axilite & ap_none'.
INFO: [RTGEN 206-500] Setting interface mode on port 'mac/size' to 's_axilite & ap_none'.
INFO: [RTGEN 206-500] Setting interface mode on function 'mac' to 's_axilite & ap_ctrl_chain'.
INFO: [RTGEN 206-100] Bundling port 'a', 'b', 'c', 'size' to AXI-Lite port control.
INFO: [RTGEN 206-100] Generating core module 'fmadd_32ns_32ns_32ns_32ns_32_1_primitive_dsp_1': 1 instance(s).
INFO: [RTGEN 206-100] Finished creating RTL model for 'mac'.
INFO: [HLS 200-111] Finished Creating RTL model: CPU user time: 0.51 seconds. CPU system time: 0.02 seconds. Elapsed time: 0.52 seconds; current allocated memory: 1.105 GB.
INFO: [HLS 200-111] Finished Generating all RTL models: CPU user time: 1.38 seconds. CPU system time: 0.01 seconds. Elapsed time: 1.39 seconds; current allocated memory: 1.105 GB.
INFO: [HLS 200-111] Finished Updating report files: CPU user time: 0.82 seconds. CPU system time: 0.02 seconds. Elapsed time: 0.87 seconds; current allocated memory: 1.108 GB.
INFO: [VHDL 208-304] Generating VHDL RTL for mac.
INFO: [VLOG 209-307] Generating Verilog RTL for mac.
INFO: [HLS 200-790] **** Loop Constraint Status: All loop constraints were NOT satisfied.
INFO: [HLS 200-789] **** Estimated Fmax: 136.99 MHz
INFO: [HLS 200-111] Finished Command csynth_design CPU user time: 12.64 seconds. CPU system time: 1.84 seconds. Elapsed time: 19.49 seconds; current allocated memory: 28.867 MB.
INFO: [HLS 200-1510] Running: export_design -flow none 
WARNING: [HLS 200-483] The 'config_export -format ip' command is deprecated and will be removed in a future release. Use 'config_export -format ip_catalog' as its replacement.
INFO: [IMPL 213-8] Exporting RTL as a Vivado IP.

****** Vivado v2023.1 (64-bit)
  **** SW Build 3865809 on Sun May  7 15:04:56 MDT 2023
  **** IP Build 3864474 on Sun May  7 20:36:21 MDT 2023
  **** SharedData Build 3865790 on Sun May 07 13:33:03 MDT 2023
    ** Copyright 1986-2022 Xilinx, Inc. All Rights Reserved.
    ** Copyright 2022-2023 Advanced Micro Devices, Inc. All Rights Reserved.

source run_ippack.tcl -notrace
create_project: Time (s): cpu = 00:00:09 ; elapsed = 00:00:09 . Memory (MB): peak = 2066.098 ; gain = 122.023 ; free physical = 136 ; free virtual = 2537
INFO: [IP_Flow 19-234] Refreshing IP repositories
INFO: [IP_Flow 19-1704] No user IP repositories specified
INFO: [IP_Flow 19-2313] Loaded Vivado IP repository '/tools/Xilinx/Vivado/2023.1/data/ip'.
INFO: [IP_Flow 19-1686] Generating 'Synthesis' target for IP 'mac_fmadd_32ns_32ns_32ns_32ns_32_1_primitive_dsp_1_ip'...
INFO: [IP_Flow 19-1686] Generating 'Simulation' target for IP 'mac_fmadd_32ns_32ns_32ns_32ns_32_1_primitive_dsp_1_ip'...
INFO: [IP_Flow 19-234] Refreshing IP repositories
INFO: [IP_Flow 19-1704] No user IP repositories specified
INFO: [IP_Flow 19-2313] Loaded Vivado IP repository '/tools/Xilinx/Vivado/2023.1/data/ip'.
INFO: [Common 17-206] Exiting Vivado at Sun May 26 15:06:53 2024...
INFO: [HLS 200-802] Generated output file hls_component/mac.zip
INFO: [HLS 200-111] Finished Command export_design CPU user time: 24.12 seconds. CPU system time: 2.38 seconds. Elapsed time: 29.26 seconds; current allocated memory: 5.910 MB.
INFO: [HLS 200-112] Total CPU user time: 42.41 seconds. Total CPU system time: 5.27 seconds. Total elapsed time: 55.55 seconds; peak allocated memory: 1.114 GB.
INFO: [Common 17-206] Exiting vitis_hls at Sun May 26 15:06:56 2024...
INFO: [v++ 60-791] Total elapsed time: 0h 1m 7s
