Sun May  5 12:21:23 2024: Running xcd server. This server was built by gradle.
Sun May  5 12:21:23 2024: Server was asked to start on port: '40391'
Sun May  5 12:21:23 2024: Server is using token UUID: '8e52d106-bd61-4e63-a4e2-a93548b31d8b'
Sun May  5 12:21:23 2024: SESSION_MGR: creating session with session uuid: '6d04a3e9-ade5-4ab9-8d63-1f78fcd2ec76' and name 'default'
Sun May  5 12:21:23 2024: Attempting to start server on port '40391'
Sun May  5 12:21:23 2024: XCD main fifo: created main fifo '/tmp/xcdmain8e52d106-bd61-4e63-a4e2-a93548b31d8b', fd read = 13
Sun May  5 12:21:23 2024: Running Dispatch Server
Sun May  5 12:21:23 2024: Version 2.2.0
Sun May  5 12:21:32 2024: Dispatch Server: Accepted socket connection from client
Sun May  5 12:21:32 2024: Starting Socket connection
Sun May  5 12:21:32 2024: EXCHANGE_TOKEN received, server token: 8e52d106-bd61-4e63-a4e2-a93548b31d8b, passed token: 8e52d106-bd61-4e63-a4e2-a93548b31d8b
Sun May  5 12:21:32 2024: DISPATCH_HANDLER: Adding handler from function makeHandler in library libxv_system_diagram
Sun May  5 12:21:32 2024: SESSION_MGR: creating session with session uuid: '51fe8385-ac69-468a-a1dc-3d1edece0e1c' and name 'vitis-run_compile_hls_component'
Sun May  5 12:21:32 2024: KERNEL_SVC: creating session with uuid: '51fe8385-ac69-468a-a1dc-3d1edece0e1c' and name 'vitis-run_compile_hls_component'
Sun May  5 12:21:32 2024: GUIDANCE_SMGR: creating guidance session with uuid: '51fe8385-ac69-468a-a1dc-3d1edece0e1c' and name 'vitis-run_compile_hls_component'
Sun May  5 12:21:32 2024: SYSTEM_DIAGRAM: creating session with uuid: '51fe8385-ac69-468a-a1dc-3d1edece0e1c' and name 'vitis-run_compile_hls_component'
Sun May  5 12:21:39 2024: Dispatch Server: Accepted socket connection from client
Sun May  5 12:21:39 2024: Starting Socket connection
Sun May  5 12:21:41 2024: SESSION_MGR: closing session for UUID '51fe8385-ac69-468a-a1dc-3d1edece0e1c' with name 'vitis-run_compile_hls_component'
Sun May  5 12:21:41 2024: KERNEL_SVC: closing session for UUID '51fe8385-ac69-468a-a1dc-3d1edece0e1c' with name 'vitis-run_compile_hls_component'
Sun May  5 12:21:41 2024: GUIDANCE_SMGR: closing session for UUID '51fe8385-ac69-468a-a1dc-3d1edece0e1c' with name 'vitis-run_compile_hls_component'
Sun May  5 12:21:41 2024: SYSTEM_DIAGRAM: closing session for UUID '51fe8385-ac69-468a-a1dc-3d1edece0e1c' with name 'vitis-run_compile_hls_component'
Sun May  5 12:21:41 2024: STOP_SERVER received, server token: 8e52d106-bd61-4e63-a4e2-a93548b31d8b, passed token: 8e52d106-bd61-4e63-a4e2-a93548b31d8b
Sun May  5 12:21:41 2024: Socket received request to stop server.
Sun May  5 12:21:41 2024: Dispatch Server: do_await_stop
Sun May  5 12:21:41 2024: Dispatch Server: stopping mainFifo_
Sun May  5 12:21:41 2024: XCD main fifo: Stopping
Sun May  5 12:21:41 2024: XCD main fifo: do_read error code: Operation canceled
Sun May  5 12:21:41 2024: XCD main fifo: bytes_transferred: 0
Sun May  5 12:21:41 2024: SERVER: destructor for server bound to port 40391
Sun May  5 12:21:41 2024: XCD main fifo: Good unlink of /tmp/xcdmain8e52d106-bd61-4e63-a4e2-a93548b31d8b
Sun May  5 12:21:41 2024: Server exiting with status 0.
Sun May  5 12:21:41 2024: Closing log file.
Sun May  5 12:25:03 2024: Running xcd server. This server was built by gradle.
Sun May  5 12:25:03 2024: Server was asked to start on port: '37599'
Sun May  5 12:25:03 2024: Server is using token UUID: 'fc9e6ce2-d967-4395-abc0-69d5f095260f'
Sun May  5 12:25:03 2024: SESSION_MGR: creating session with session uuid: '6d04a3e9-ade5-4ab9-8d63-1f78fcd2ec76' and name 'default'
Sun May  5 12:25:03 2024: Attempting to start server on port '37599'
Sun May  5 12:25:03 2024: XCD main fifo: created main fifo '/tmp/xcdmainfc9e6ce2-d967-4395-abc0-69d5f095260f', fd read = 13
Sun May  5 12:25:03 2024: Running Dispatch Server
Sun May  5 12:25:03 2024: Version 2.2.0
Sun May  5 12:25:12 2024: Dispatch Server: Accepted socket connection from client
Sun May  5 12:25:12 2024: Starting Socket connection
Sun May  5 12:25:12 2024: EXCHANGE_TOKEN received, server token: fc9e6ce2-d967-4395-abc0-69d5f095260f, passed token: fc9e6ce2-d967-4395-abc0-69d5f095260f
Sun May  5 12:25:12 2024: DISPATCH_HANDLER: Adding handler from function makeHandler in library libxv_system_diagram
Sun May  5 12:25:12 2024: SESSION_MGR: creating session with session uuid: '41d173e4-330c-4580-b4cb-72e43d4658b6' and name 'vitis-run_compile_hls_component'
Sun May  5 12:25:12 2024: KERNEL_SVC: creating session with uuid: '41d173e4-330c-4580-b4cb-72e43d4658b6' and name 'vitis-run_compile_hls_component'
Sun May  5 12:25:12 2024: GUIDANCE_SMGR: creating guidance session with uuid: '41d173e4-330c-4580-b4cb-72e43d4658b6' and name 'vitis-run_compile_hls_component'
Sun May  5 12:25:12 2024: SYSTEM_DIAGRAM: creating session with uuid: '41d173e4-330c-4580-b4cb-72e43d4658b6' and name 'vitis-run_compile_hls_component'
Sun May  5 12:25:19 2024: Dispatch Server: Accepted socket connection from client
Sun May  5 12:25:19 2024: Starting Socket connection
Sun May  5 12:25:21 2024: SESSION_MGR: closing session for UUID '41d173e4-330c-4580-b4cb-72e43d4658b6' with name 'vitis-run_compile_hls_component'
Sun May  5 12:25:21 2024: KERNEL_SVC: closing session for UUID '41d173e4-330c-4580-b4cb-72e43d4658b6' with name 'vitis-run_compile_hls_component'
Sun May  5 12:25:21 2024: GUIDANCE_SMGR: closing session for UUID '41d173e4-330c-4580-b4cb-72e43d4658b6' with name 'vitis-run_compile_hls_component'
Sun May  5 12:25:21 2024: SYSTEM_DIAGRAM: closing session for UUID '41d173e4-330c-4580-b4cb-72e43d4658b6' with name 'vitis-run_compile_hls_component'
Sun May  5 12:25:21 2024: STOP_SERVER received, server token: fc9e6ce2-d967-4395-abc0-69d5f095260f, passed token: fc9e6ce2-d967-4395-abc0-69d5f095260f
Sun May  5 12:25:21 2024: Socket received request to stop server.
Sun May  5 12:25:21 2024: Dispatch Server: do_await_stop
Sun May  5 12:25:21 2024: Dispatch Server: stopping mainFifo_
Sun May  5 12:25:21 2024: XCD main fifo: Stopping
Sun May  5 12:25:21 2024: XCD main fifo: do_read error code: Operation canceled
Sun May  5 12:25:21 2024: XCD main fifo: bytes_transferred: 0
Sun May  5 12:25:21 2024: SERVER: destructor for server bound to port 37599
Sun May  5 12:25:21 2024: XCD main fifo: Good unlink of /tmp/xcdmainfc9e6ce2-d967-4395-abc0-69d5f095260f
Sun May  5 12:25:21 2024: Server exiting with status 0.
Sun May  5 12:25:21 2024: Closing log file.
Sun May  5 12:26:40 2024: Running xcd server. This server was built by gradle.
Sun May  5 12:26:40 2024: Server was asked to start on port: '39183'
Sun May  5 12:26:40 2024: Server is using token UUID: '7f27ee02-4deb-4506-bc11-3931f25927aa'
Sun May  5 12:26:40 2024: SESSION_MGR: creating session with session uuid: '6d04a3e9-ade5-4ab9-8d63-1f78fcd2ec76' and name 'default'
Sun May  5 12:26:40 2024: Attempting to start server on port '39183'
Sun May  5 12:26:40 2024: XCD main fifo: created main fifo '/tmp/xcdmain7f27ee02-4deb-4506-bc11-3931f25927aa', fd read = 13
Sun May  5 12:26:40 2024: Running Dispatch Server
Sun May  5 12:26:40 2024: Version 2.2.0
Sun May  5 12:26:49 2024: Dispatch Server: Accepted socket connection from client
Sun May  5 12:26:49 2024: Starting Socket connection
Sun May  5 12:26:49 2024: EXCHANGE_TOKEN received, server token: 7f27ee02-4deb-4506-bc11-3931f25927aa, passed token: 7f27ee02-4deb-4506-bc11-3931f25927aa
Sun May  5 12:26:49 2024: DISPATCH_HANDLER: Adding handler from function makeHandler in library libxv_system_diagram
Sun May  5 12:26:49 2024: SESSION_MGR: creating session with session uuid: 'f781f8e9-5cf1-4c9f-85e7-a308f5343a4c' and name 'vitis-run_compile_hls_component'
Sun May  5 12:26:49 2024: KERNEL_SVC: creating session with uuid: 'f781f8e9-5cf1-4c9f-85e7-a308f5343a4c' and name 'vitis-run_compile_hls_component'
Sun May  5 12:26:49 2024: GUIDANCE_SMGR: creating guidance session with uuid: 'f781f8e9-5cf1-4c9f-85e7-a308f5343a4c' and name 'vitis-run_compile_hls_component'
Sun May  5 12:26:49 2024: SYSTEM_DIAGRAM: creating session with uuid: 'f781f8e9-5cf1-4c9f-85e7-a308f5343a4c' and name 'vitis-run_compile_hls_component'
Sun May  5 12:26:56 2024: Dispatch Server: Accepted socket connection from client
Sun May  5 12:26:56 2024: Starting Socket connection
Sun May  5 12:26:57 2024: SESSION_MGR: closing session for UUID 'f781f8e9-5cf1-4c9f-85e7-a308f5343a4c' with name 'vitis-run_compile_hls_component'
Sun May  5 12:26:57 2024: KERNEL_SVC: closing session for UUID 'f781f8e9-5cf1-4c9f-85e7-a308f5343a4c' with name 'vitis-run_compile_hls_component'
Sun May  5 12:26:57 2024: GUIDANCE_SMGR: closing session for UUID 'f781f8e9-5cf1-4c9f-85e7-a308f5343a4c' with name 'vitis-run_compile_hls_component'
Sun May  5 12:26:57 2024: SYSTEM_DIAGRAM: closing session for UUID 'f781f8e9-5cf1-4c9f-85e7-a308f5343a4c' with name 'vitis-run_compile_hls_component'
Sun May  5 12:26:57 2024: STOP_SERVER received, server token: 7f27ee02-4deb-4506-bc11-3931f25927aa, passed token: 7f27ee02-4deb-4506-bc11-3931f25927aa
Sun May  5 12:26:57 2024: Socket received request to stop server.
Sun May  5 12:26:57 2024: Dispatch Server: do_await_stop
Sun May  5 12:26:57 2024: Dispatch Server: stopping mainFifo_
Sun May  5 12:26:57 2024: XCD main fifo: Stopping
Sun May  5 12:26:57 2024: XCD main fifo: do_read error code: Operation canceled
Sun May  5 12:26:57 2024: XCD main fifo: bytes_transferred: 0
Sun May  5 12:26:57 2024: SERVER: destructor for server bound to port 39183
Sun May  5 12:26:57 2024: XCD main fifo: Good unlink of /tmp/xcdmain7f27ee02-4deb-4506-bc11-3931f25927aa
Sun May  5 12:26:57 2024: Server exiting with status 0.
Sun May  5 12:26:57 2024: Closing log file.
Sun May  5 12:27:12 2024: Running xcd server. This server was built by gradle.
Sun May  5 12:27:12 2024: Server was asked to start on port: '43835'
Sun May  5 12:27:12 2024: Server is using token UUID: '80bb492e-b31c-4b76-8864-c764dfaf34c7'
Sun May  5 12:27:12 2024: SESSION_MGR: creating session with session uuid: '6d04a3e9-ade5-4ab9-8d63-1f78fcd2ec76' and name 'default'
Sun May  5 12:27:12 2024: Attempting to start server on port '43835'
Sun May  5 12:27:12 2024: XCD main fifo: created main fifo '/tmp/xcdmain80bb492e-b31c-4b76-8864-c764dfaf34c7', fd read = 13
Sun May  5 12:27:12 2024: Running Dispatch Server
Sun May  5 12:27:12 2024: Version 2.2.0
Sun May  5 12:27:21 2024: Dispatch Server: Accepted socket connection from client
Sun May  5 12:27:21 2024: Starting Socket connection
Sun May  5 12:27:21 2024: EXCHANGE_TOKEN received, server token: 80bb492e-b31c-4b76-8864-c764dfaf34c7, passed token: 80bb492e-b31c-4b76-8864-c764dfaf34c7
Sun May  5 12:27:21 2024: DISPATCH_HANDLER: Adding handler from function makeHandler in library libxv_system_diagram
Sun May  5 12:27:21 2024: SESSION_MGR: creating session with session uuid: '0a44ab71-cb63-4370-b38e-5be33b09aa70' and name 'vitis-run_compile_hls_component'
Sun May  5 12:27:21 2024: KERNEL_SVC: creating session with uuid: '0a44ab71-cb63-4370-b38e-5be33b09aa70' and name 'vitis-run_compile_hls_component'
Sun May  5 12:27:21 2024: GUIDANCE_SMGR: creating guidance session with uuid: '0a44ab71-cb63-4370-b38e-5be33b09aa70' and name 'vitis-run_compile_hls_component'
Sun May  5 12:27:21 2024: SYSTEM_DIAGRAM: creating session with uuid: '0a44ab71-cb63-4370-b38e-5be33b09aa70' and name 'vitis-run_compile_hls_component'
Sun May  5 12:27:28 2024: Dispatch Server: Accepted socket connection from client
Sun May  5 12:27:28 2024: Starting Socket connection
Sun May  5 12:27:29 2024: SESSION_MGR: closing session for UUID '0a44ab71-cb63-4370-b38e-5be33b09aa70' with name 'vitis-run_compile_hls_component'
Sun May  5 12:27:29 2024: KERNEL_SVC: closing session for UUID '0a44ab71-cb63-4370-b38e-5be33b09aa70' with name 'vitis-run_compile_hls_component'
Sun May  5 12:27:29 2024: GUIDANCE_SMGR: closing session for UUID '0a44ab71-cb63-4370-b38e-5be33b09aa70' with name 'vitis-run_compile_hls_component'
Sun May  5 12:27:29 2024: SYSTEM_DIAGRAM: closing session for UUID '0a44ab71-cb63-4370-b38e-5be33b09aa70' with name 'vitis-run_compile_hls_component'
Sun May  5 12:27:29 2024: STOP_SERVER received, server token: 80bb492e-b31c-4b76-8864-c764dfaf34c7, passed token: 80bb492e-b31c-4b76-8864-c764dfaf34c7
Sun May  5 12:27:29 2024: Socket received request to stop server.
Sun May  5 12:27:29 2024: Dispatch Server: do_await_stop
Sun May  5 12:27:29 2024: Dispatch Server: stopping mainFifo_
Sun May  5 12:27:29 2024: XCD main fifo: Stopping
Sun May  5 12:27:29 2024: XCD main fifo: do_read error code: Operation canceled
Sun May  5 12:27:29 2024: XCD main fifo: bytes_transferred: 0
Sun May  5 12:27:29 2024: SERVER: destructor for server bound to port 43835
Sun May  5 12:27:29 2024: XCD main fifo: Good unlink of /tmp/xcdmain80bb492e-b31c-4b76-8864-c764dfaf34c7
Sun May  5 12:27:29 2024: Server exiting with status 0.
Sun May  5 12:27:29 2024: Closing log file.
Sun May  5 12:28:52 2024: Running xcd server. This server was built by gradle.
Sun May  5 12:28:52 2024: Server was asked to start on port: '43099'
Sun May  5 12:28:52 2024: Server is using token UUID: '15f8b9b3-9e08-4589-b9fd-febe1da51861'
Sun May  5 12:28:52 2024: SESSION_MGR: creating session with session uuid: '6d04a3e9-ade5-4ab9-8d63-1f78fcd2ec76' and name 'default'
Sun May  5 12:28:52 2024: Attempting to start server on port '43099'
Sun May  5 12:28:52 2024: XCD main fifo: created main fifo '/tmp/xcdmain15f8b9b3-9e08-4589-b9fd-febe1da51861', fd read = 13
Sun May  5 12:28:52 2024: Running Dispatch Server
Sun May  5 12:28:52 2024: Version 2.2.0
Sun May  5 12:29:01 2024: Dispatch Server: Accepted socket connection from client
Sun May  5 12:29:01 2024: Starting Socket connection
Sun May  5 12:29:01 2024: EXCHANGE_TOKEN received, server token: 15f8b9b3-9e08-4589-b9fd-febe1da51861, passed token: 15f8b9b3-9e08-4589-b9fd-febe1da51861
Sun May  5 12:29:01 2024: DISPATCH_HANDLER: Adding handler from function makeHandler in library libxv_system_diagram
Sun May  5 12:29:01 2024: SESSION_MGR: creating session with session uuid: 'fb2f1c0d-4aff-4b6a-8ce0-a469649afd7e' and name 'vitis-run_compile_hls_component'
Sun May  5 12:29:01 2024: KERNEL_SVC: creating session with uuid: 'fb2f1c0d-4aff-4b6a-8ce0-a469649afd7e' and name 'vitis-run_compile_hls_component'
Sun May  5 12:29:01 2024: GUIDANCE_SMGR: creating guidance session with uuid: 'fb2f1c0d-4aff-4b6a-8ce0-a469649afd7e' and name 'vitis-run_compile_hls_component'
Sun May  5 12:29:01 2024: SYSTEM_DIAGRAM: creating session with uuid: 'fb2f1c0d-4aff-4b6a-8ce0-a469649afd7e' and name 'vitis-run_compile_hls_component'
Sun May  5 12:29:08 2024: Dispatch Server: Accepted socket connection from client
Sun May  5 12:29:08 2024: Starting Socket connection
Sun May  5 12:29:09 2024: SESSION_MGR: closing session for UUID 'fb2f1c0d-4aff-4b6a-8ce0-a469649afd7e' with name 'vitis-run_compile_hls_component'
Sun May  5 12:29:09 2024: KERNEL_SVC: closing session for UUID 'fb2f1c0d-4aff-4b6a-8ce0-a469649afd7e' with name 'vitis-run_compile_hls_component'
Sun May  5 12:29:09 2024: GUIDANCE_SMGR: closing session for UUID 'fb2f1c0d-4aff-4b6a-8ce0-a469649afd7e' with name 'vitis-run_compile_hls_component'
Sun May  5 12:29:09 2024: SYSTEM_DIAGRAM: closing session for UUID 'fb2f1c0d-4aff-4b6a-8ce0-a469649afd7e' with name 'vitis-run_compile_hls_component'
Sun May  5 12:29:09 2024: STOP_SERVER received, server token: 15f8b9b3-9e08-4589-b9fd-febe1da51861, passed token: 15f8b9b3-9e08-4589-b9fd-febe1da51861
Sun May  5 12:29:09 2024: Socket received request to stop server.
Sun May  5 12:29:09 2024: Dispatch Server: do_await_stop
Sun May  5 12:29:09 2024: Dispatch Server: stopping mainFifo_
Sun May  5 12:29:09 2024: XCD main fifo: Stopping
Sun May  5 12:29:09 2024: XCD main fifo: do_read error code: Operation canceled
Sun May  5 12:29:09 2024: XCD main fifo: bytes_transferred: 0
Sun May  5 12:29:09 2024: SERVER: destructor for server bound to port 43099
Sun May  5 12:29:09 2024: XCD main fifo: Good unlink of /tmp/xcdmain15f8b9b3-9e08-4589-b9fd-febe1da51861
Sun May  5 12:29:09 2024: Server exiting with status 0.
Sun May  5 12:29:09 2024: Closing log file.
Sun May  5 12:34:17 2024: Running xcd server. This server was built by gradle.
Sun May  5 12:34:17 2024: Server was asked to start on port: '36619'
Sun May  5 12:34:17 2024: Server is using token UUID: '23f7fa2e-50ac-470c-bd7d-44d98503f992'
Sun May  5 12:34:17 2024: SESSION_MGR: creating session with session uuid: '6d04a3e9-ade5-4ab9-8d63-1f78fcd2ec76' and name 'default'
Sun May  5 12:34:17 2024: Attempting to start server on port '36619'
Sun May  5 12:34:17 2024: XCD main fifo: created main fifo '/tmp/xcdmain23f7fa2e-50ac-470c-bd7d-44d98503f992', fd read = 13
Sun May  5 12:34:17 2024: Running Dispatch Server
Sun May  5 12:34:17 2024: Version 2.2.0
Sun May  5 12:34:22 2024: Running xcd server. This server was built by gradle.
Sun May  5 12:34:22 2024: Server was asked to start on port: '43445'
Sun May  5 12:34:22 2024: Server is using token UUID: '543e1f1d-fbfb-409f-adc6-0b4bcdd4bebf'
Sun May  5 12:34:22 2024: SESSION_MGR: creating session with session uuid: '6d04a3e9-ade5-4ab9-8d63-1f78fcd2ec76' and name 'default'
Sun May  5 12:34:22 2024: Attempting to start server on port '43445'
Sun May  5 12:34:22 2024: XCD main fifo: created main fifo '/tmp/xcdmain543e1f1d-fbfb-409f-adc6-0b4bcdd4bebf', fd read = 13
Sun May  5 12:34:22 2024: Running Dispatch Server
Sun May  5 12:34:22 2024: Version 2.2.0
Sun May  5 12:34:31 2024: Dispatch Server: Accepted socket connection from client
Sun May  5 12:34:31 2024: Starting Socket connection
Sun May  5 12:34:31 2024: EXCHANGE_TOKEN received, server token: 543e1f1d-fbfb-409f-adc6-0b4bcdd4bebf, passed token: 543e1f1d-fbfb-409f-adc6-0b4bcdd4bebf
Sun May  5 12:34:31 2024: DISPATCH_HANDLER: Adding handler from function makeHandler in library libxv_system_diagram
Sun May  5 12:34:31 2024: SESSION_MGR: creating session with session uuid: 'c8a28cf3-1a3a-4654-acbc-c1ef8a436d78' and name 'vitis-run_compile_hls_component'
Sun May  5 12:34:31 2024: KERNEL_SVC: creating session with uuid: 'c8a28cf3-1a3a-4654-acbc-c1ef8a436d78' and name 'vitis-run_compile_hls_component'
Sun May  5 12:34:31 2024: GUIDANCE_SMGR: creating guidance session with uuid: 'c8a28cf3-1a3a-4654-acbc-c1ef8a436d78' and name 'vitis-run_compile_hls_component'
Sun May  5 12:34:31 2024: SYSTEM_DIAGRAM: creating session with uuid: 'c8a28cf3-1a3a-4654-acbc-c1ef8a436d78' and name 'vitis-run_compile_hls_component'
Sun May  5 12:34:38 2024: Dispatch Server: Accepted socket connection from client
Sun May  5 12:34:38 2024: Starting Socket connection
Sun May  5 12:34:39 2024: SESSION_MGR: closing session for UUID 'c8a28cf3-1a3a-4654-acbc-c1ef8a436d78' with name 'vitis-run_compile_hls_component'
Sun May  5 12:34:39 2024: KERNEL_SVC: closing session for UUID 'c8a28cf3-1a3a-4654-acbc-c1ef8a436d78' with name 'vitis-run_compile_hls_component'
Sun May  5 12:34:39 2024: GUIDANCE_SMGR: closing session for UUID 'c8a28cf3-1a3a-4654-acbc-c1ef8a436d78' with name 'vitis-run_compile_hls_component'
Sun May  5 12:34:39 2024: SYSTEM_DIAGRAM: closing session for UUID 'c8a28cf3-1a3a-4654-acbc-c1ef8a436d78' with name 'vitis-run_compile_hls_component'
Sun May  5 12:34:39 2024: STOP_SERVER received, server token: 543e1f1d-fbfb-409f-adc6-0b4bcdd4bebf, passed token: 543e1f1d-fbfb-409f-adc6-0b4bcdd4bebf
Sun May  5 12:34:39 2024: Socket received request to stop server.
Sun May  5 12:34:39 2024: Dispatch Server: do_await_stop
Sun May  5 12:34:39 2024: Dispatch Server: stopping mainFifo_
Sun May  5 12:34:39 2024: XCD main fifo: Stopping
Sun May  5 12:34:39 2024: XCD main fifo: do_read error code: Operation canceled
Sun May  5 12:34:39 2024: XCD main fifo: bytes_transferred: 0
Sun May  5 12:34:39 2024: SERVER: destructor for server bound to port 43445
Sun May  5 12:34:39 2024: XCD main fifo: Good unlink of /tmp/xcdmain543e1f1d-fbfb-409f-adc6-0b4bcdd4bebf
Sun May  5 12:34:39 2024: Server exiting with status 0.
Sun May  5 12:34:39 2024: Closing log file.
Sun May  5 12:48:45 2024: Running xcd server. This server was built by gradle.
Sun May  5 12:48:45 2024: Server was asked to start on port: '37923'
Sun May  5 12:48:45 2024: Server is using token UUID: '12c49b24-c16e-4b1f-b85c-398bb78f9d2a'
Sun May  5 12:48:45 2024: SESSION_MGR: creating session with session uuid: '6d04a3e9-ade5-4ab9-8d63-1f78fcd2ec76' and name 'default'
Sun May  5 12:48:45 2024: Attempting to start server on port '37923'
Sun May  5 12:48:45 2024: XCD main fifo: created main fifo '/tmp/xcdmain12c49b24-c16e-4b1f-b85c-398bb78f9d2a', fd read = 13
Sun May  5 12:48:45 2024: Running Dispatch Server
Sun May  5 12:48:45 2024: Version 2.2.0
Sun May  5 12:48:53 2024: Dispatch Server: Accepted socket connection from client
Sun May  5 12:48:53 2024: Starting Socket connection
Sun May  5 12:48:53 2024: EXCHANGE_TOKEN received, server token: 12c49b24-c16e-4b1f-b85c-398bb78f9d2a, passed token: 12c49b24-c16e-4b1f-b85c-398bb78f9d2a
Sun May  5 12:48:54 2024: DISPATCH_HANDLER: Adding handler from function makeHandler in library libxv_system_diagram
Sun May  5 12:48:54 2024: SESSION_MGR: creating session with session uuid: '48260821-14d8-4088-ba32-62492ba9f9b0' and name 'v++_compile_hls_component'
Sun May  5 12:48:54 2024: KERNEL_SVC: creating session with uuid: '48260821-14d8-4088-ba32-62492ba9f9b0' and name 'v++_compile_hls_component'
Sun May  5 12:48:54 2024: GUIDANCE_SMGR: creating guidance session with uuid: '48260821-14d8-4088-ba32-62492ba9f9b0' and name 'v++_compile_hls_component'
Sun May  5 12:48:54 2024: SYSTEM_DIAGRAM: creating session with uuid: '48260821-14d8-4088-ba32-62492ba9f9b0' and name 'v++_compile_hls_component'
Sun May  5 12:49:00 2024: Dispatch Server: Accepted socket connection from client
Sun May  5 12:49:00 2024: Starting Socket connection
Sun May  5 12:49:13 2024: SESSION_MGR: closing session for UUID '48260821-14d8-4088-ba32-62492ba9f9b0' with name 'v++_compile_hls_component'
Sun May  5 12:49:13 2024: KERNEL_SVC: closing session for UUID '48260821-14d8-4088-ba32-62492ba9f9b0' with name 'v++_compile_hls_component'
Sun May  5 12:49:13 2024: GUIDANCE_SMGR: closing session for UUID '48260821-14d8-4088-ba32-62492ba9f9b0' with name 'v++_compile_hls_component'
Sun May  5 12:49:13 2024: SYSTEM_DIAGRAM: closing session for UUID '48260821-14d8-4088-ba32-62492ba9f9b0' with name 'v++_compile_hls_component'
Sun May  5 12:49:13 2024: STOP_SERVER received, server token: 12c49b24-c16e-4b1f-b85c-398bb78f9d2a, passed token: 12c49b24-c16e-4b1f-b85c-398bb78f9d2a
Sun May  5 12:49:13 2024: Socket received request to stop server.
Sun May  5 12:49:13 2024: Dispatch Server: do_await_stop
Sun May  5 12:49:13 2024: Dispatch Server: stopping mainFifo_
Sun May  5 12:49:13 2024: XCD main fifo: Stopping
Sun May  5 12:49:13 2024: XCD main fifo: do_read error code: Operation canceled
Sun May  5 12:49:13 2024: XCD main fifo: bytes_transferred: 0
Sun May  5 12:49:13 2024: SERVER: destructor for server bound to port 37923
Sun May  5 12:49:13 2024: XCD main fifo: Good unlink of /tmp/xcdmain12c49b24-c16e-4b1f-b85c-398bb78f9d2a
Sun May  5 12:49:13 2024: Server exiting with status 0.
Sun May  5 12:49:13 2024: Closing log file.
Sun May  5 12:51:26 2024: Running xcd server. This server was built by gradle.
Sun May  5 12:51:26 2024: Server was asked to start on port: '38987'
Sun May  5 12:51:26 2024: Server is using token UUID: '1332caa6-2ccb-425d-a115-21bef30558ed'
Sun May  5 12:51:26 2024: SESSION_MGR: creating session with session uuid: '6d04a3e9-ade5-4ab9-8d63-1f78fcd2ec76' and name 'default'
Sun May  5 12:51:26 2024: Attempting to start server on port '38987'
Sun May  5 12:51:26 2024: XCD main fifo: created main fifo '/tmp/xcdmain1332caa6-2ccb-425d-a115-21bef30558ed', fd read = 13
Sun May  5 12:51:26 2024: Running Dispatch Server
Sun May  5 12:51:26 2024: Version 2.2.0
Sun May  5 12:51:34 2024: Dispatch Server: Accepted socket connection from client
Sun May  5 12:51:34 2024: Starting Socket connection
Sun May  5 12:51:34 2024: EXCHANGE_TOKEN received, server token: 1332caa6-2ccb-425d-a115-21bef30558ed, passed token: 1332caa6-2ccb-425d-a115-21bef30558ed
Sun May  5 12:51:35 2024: DISPATCH_HANDLER: Adding handler from function makeHandler in library libxv_system_diagram
Sun May  5 12:51:35 2024: SESSION_MGR: creating session with session uuid: '20876ec8-259f-42a0-828e-02258ed8a794' and name 'vitis-run_compile_hls_component'
Sun May  5 12:51:35 2024: KERNEL_SVC: creating session with uuid: '20876ec8-259f-42a0-828e-02258ed8a794' and name 'vitis-run_compile_hls_component'
Sun May  5 12:51:35 2024: GUIDANCE_SMGR: creating guidance session with uuid: '20876ec8-259f-42a0-828e-02258ed8a794' and name 'vitis-run_compile_hls_component'
Sun May  5 12:51:35 2024: SYSTEM_DIAGRAM: creating session with uuid: '20876ec8-259f-42a0-828e-02258ed8a794' and name 'vitis-run_compile_hls_component'
Sun May  5 12:51:41 2024: Dispatch Server: Accepted socket connection from client
Sun May  5 12:51:41 2024: Starting Socket connection
Sun May  5 12:52:01 2024: SESSION_MGR: closing session for UUID '20876ec8-259f-42a0-828e-02258ed8a794' with name 'vitis-run_compile_hls_component'
Sun May  5 12:52:01 2024: KERNEL_SVC: closing session for UUID '20876ec8-259f-42a0-828e-02258ed8a794' with name 'vitis-run_compile_hls_component'
Sun May  5 12:52:01 2024: GUIDANCE_SMGR: closing session for UUID '20876ec8-259f-42a0-828e-02258ed8a794' with name 'vitis-run_compile_hls_component'
Sun May  5 12:52:01 2024: SYSTEM_DIAGRAM: closing session for UUID '20876ec8-259f-42a0-828e-02258ed8a794' with name 'vitis-run_compile_hls_component'
Sun May  5 12:52:01 2024: STOP_SERVER received, server token: 1332caa6-2ccb-425d-a115-21bef30558ed, passed token: 1332caa6-2ccb-425d-a115-21bef30558ed
Sun May  5 12:52:01 2024: Socket received request to stop server.
Sun May  5 12:52:01 2024: Dispatch Server: do_await_stop
Sun May  5 12:52:01 2024: Dispatch Server: stopping mainFifo_
Sun May  5 12:52:01 2024: XCD main fifo: Stopping
Sun May  5 12:52:01 2024: XCD main fifo: do_read error code: Operation canceled
Sun May  5 12:52:01 2024: XCD main fifo: bytes_transferred: 0
Sun May  5 12:52:01 2024: SERVER: destructor for server bound to port 38987
Sun May  5 12:52:01 2024: XCD main fifo: Good unlink of /tmp/xcdmain1332caa6-2ccb-425d-a115-21bef30558ed
Sun May  5 12:52:01 2024: Server exiting with status 0.
Sun May  5 12:52:01 2024: Closing log file.
Sun May  5 12:53:32 2024: Running xcd server. This server was built by gradle.
Sun May  5 12:53:32 2024: Server was asked to start on port: '39039'
Sun May  5 12:53:32 2024: Server is using token UUID: '54655e59-99c7-4ec5-be21-7df703069467'
Sun May  5 12:53:32 2024: SESSION_MGR: creating session with session uuid: '6d04a3e9-ade5-4ab9-8d63-1f78fcd2ec76' and name 'default'
Sun May  5 12:53:32 2024: Attempting to start server on port '39039'
Sun May  5 12:53:32 2024: XCD main fifo: created main fifo '/tmp/xcdmain54655e59-99c7-4ec5-be21-7df703069467', fd read = 13
Sun May  5 12:53:32 2024: Running Dispatch Server
Sun May  5 12:53:32 2024: Version 2.2.0
Sun May  5 12:53:40 2024: Dispatch Server: Accepted socket connection from client
Sun May  5 12:53:40 2024: Starting Socket connection
Sun May  5 12:53:40 2024: EXCHANGE_TOKEN received, server token: 54655e59-99c7-4ec5-be21-7df703069467, passed token: 54655e59-99c7-4ec5-be21-7df703069467
Sun May  5 12:53:41 2024: DISPATCH_HANDLER: Adding handler from function makeHandler in library libxv_system_diagram
Sun May  5 12:53:41 2024: SESSION_MGR: creating session with session uuid: '8a9443e4-a8f2-44f0-bdf7-6d6663b76193' and name 'vitis-run_compile_hls_component'
Sun May  5 12:53:41 2024: KERNEL_SVC: creating session with uuid: '8a9443e4-a8f2-44f0-bdf7-6d6663b76193' and name 'vitis-run_compile_hls_component'
Sun May  5 12:53:41 2024: GUIDANCE_SMGR: creating guidance session with uuid: '8a9443e4-a8f2-44f0-bdf7-6d6663b76193' and name 'vitis-run_compile_hls_component'
Sun May  5 12:53:41 2024: SYSTEM_DIAGRAM: creating session with uuid: '8a9443e4-a8f2-44f0-bdf7-6d6663b76193' and name 'vitis-run_compile_hls_component'
Sun May  5 12:53:48 2024: Dispatch Server: Accepted socket connection from client
Sun May  5 12:53:48 2024: Starting Socket connection
Sun May  5 12:55:24 2024: Dispatch Server: Accepted socket connection from client
Sun May  5 12:55:24 2024: Starting Socket connection
Sun May  5 12:55:27 2024: SESSION_MGR: closing session for UUID '8a9443e4-a8f2-44f0-bdf7-6d6663b76193' with name 'vitis-run_compile_hls_component'
Sun May  5 12:55:27 2024: KERNEL_SVC: closing session for UUID '8a9443e4-a8f2-44f0-bdf7-6d6663b76193' with name 'vitis-run_compile_hls_component'
Sun May  5 12:55:27 2024: GUIDANCE_SMGR: closing session for UUID '8a9443e4-a8f2-44f0-bdf7-6d6663b76193' with name 'vitis-run_compile_hls_component'
Sun May  5 12:55:27 2024: SYSTEM_DIAGRAM: closing session for UUID '8a9443e4-a8f2-44f0-bdf7-6d6663b76193' with name 'vitis-run_compile_hls_component'
Sun May  5 12:55:27 2024: STOP_SERVER received, server token: 54655e59-99c7-4ec5-be21-7df703069467, passed token: 54655e59-99c7-4ec5-be21-7df703069467
Sun May  5 12:55:27 2024: DISPATCH_HANDLER: 3 connections are active. Stop request denied.
Sun May  5 17:46:47 2024: Running xcd server. This server was built by gradle.
Sun May  5 17:46:47 2024: Server was asked to start on port: '46693'
Sun May  5 17:46:47 2024: Server is using token UUID: '74a7aef1-cbd6-4911-b582-90ec2bd04a06'
Sun May  5 17:46:47 2024: SESSION_MGR: creating session with session uuid: '6d04a3e9-ade5-4ab9-8d63-1f78fcd2ec76' and name 'default'
Sun May  5 17:46:47 2024: Attempting to start server on port '46693'
Sun May  5 17:46:47 2024: XCD main fifo: created main fifo '/tmp/xcdmain74a7aef1-cbd6-4911-b582-90ec2bd04a06', fd read = 13
Sun May  5 17:46:47 2024: Running Dispatch Server
Sun May  5 17:46:47 2024: Version 2.2.0
Sun May  5 17:46:56 2024: Dispatch Server: Accepted socket connection from client
Sun May  5 17:46:56 2024: Starting Socket connection
Sun May  5 17:46:56 2024: EXCHANGE_TOKEN received, server token: 74a7aef1-cbd6-4911-b582-90ec2bd04a06, passed token: 74a7aef1-cbd6-4911-b582-90ec2bd04a06
Sun May  5 17:46:56 2024: DISPATCH_HANDLER: Adding handler from function makeHandler in library libxv_system_diagram
Sun May  5 17:46:56 2024: SESSION_MGR: creating session with session uuid: '11fa160a-de7d-49d8-ad75-a2c6833bd844' and name 'vitis-run_compile_hls_component'
Sun May  5 17:46:56 2024: KERNEL_SVC: creating session with uuid: '11fa160a-de7d-49d8-ad75-a2c6833bd844' and name 'vitis-run_compile_hls_component'
Sun May  5 17:46:56 2024: GUIDANCE_SMGR: creating guidance session with uuid: '11fa160a-de7d-49d8-ad75-a2c6833bd844' and name 'vitis-run_compile_hls_component'
Sun May  5 17:46:56 2024: SYSTEM_DIAGRAM: creating session with uuid: '11fa160a-de7d-49d8-ad75-a2c6833bd844' and name 'vitis-run_compile_hls_component'
Sun May  5 17:47:04 2024: Dispatch Server: Accepted socket connection from client
Sun May  5 17:47:04 2024: Starting Socket connection
Sun May  5 17:49:33 2024: Dispatch Server: Accepted socket connection from client
Sun May  5 17:49:33 2024: Starting Socket connection
Sun May  5 17:49:36 2024: SESSION_MGR: closing session for UUID '11fa160a-de7d-49d8-ad75-a2c6833bd844' with name 'vitis-run_compile_hls_component'
Sun May  5 17:49:36 2024: KERNEL_SVC: closing session for UUID '11fa160a-de7d-49d8-ad75-a2c6833bd844' with name 'vitis-run_compile_hls_component'
Sun May  5 17:49:36 2024: GUIDANCE_SMGR: closing session for UUID '11fa160a-de7d-49d8-ad75-a2c6833bd844' with name 'vitis-run_compile_hls_component'
Sun May  5 17:49:36 2024: SYSTEM_DIAGRAM: closing session for UUID '11fa160a-de7d-49d8-ad75-a2c6833bd844' with name 'vitis-run_compile_hls_component'
Sun May  5 17:49:36 2024: STOP_SERVER received, server token: 74a7aef1-cbd6-4911-b582-90ec2bd04a06, passed token: 74a7aef1-cbd6-4911-b582-90ec2bd04a06
Sun May  5 17:49:36 2024: DISPATCH_HANDLER: 3 connections are active. Stop request denied.
Sun May  5 17:58:42 2024: Running xcd server. This server was built by gradle.
Sun May  5 17:58:42 2024: Server was asked to start on port: '34861'
Sun May  5 17:58:42 2024: Server is using token UUID: '4b7cd883-7a2d-499b-a696-39e75d074f8b'
Sun May  5 17:58:42 2024: SESSION_MGR: creating session with session uuid: '6d04a3e9-ade5-4ab9-8d63-1f78fcd2ec76' and name 'default'
Sun May  5 17:58:42 2024: Attempting to start server on port '34861'
Sun May  5 17:58:42 2024: XCD main fifo: created main fifo '/tmp/xcdmain4b7cd883-7a2d-499b-a696-39e75d074f8b', fd read = 13
Sun May  5 17:58:42 2024: Running Dispatch Server
Sun May  5 17:58:42 2024: Version 2.2.0
Sun May  5 17:58:51 2024: Dispatch Server: Accepted socket connection from client
Sun May  5 17:58:51 2024: Starting Socket connection
Sun May  5 17:58:51 2024: EXCHANGE_TOKEN received, server token: 4b7cd883-7a2d-499b-a696-39e75d074f8b, passed token: 4b7cd883-7a2d-499b-a696-39e75d074f8b
Sun May  5 17:58:51 2024: DISPATCH_HANDLER: Adding handler from function makeHandler in library libxv_system_diagram
Sun May  5 17:58:51 2024: SESSION_MGR: creating session with session uuid: '2fc36b8b-9fe7-42f2-8cfc-7f6dde6a40fc' and name 'vitis-run_compile_hls_component'
Sun May  5 17:58:51 2024: KERNEL_SVC: creating session with uuid: '2fc36b8b-9fe7-42f2-8cfc-7f6dde6a40fc' and name 'vitis-run_compile_hls_component'
Sun May  5 17:58:51 2024: GUIDANCE_SMGR: creating guidance session with uuid: '2fc36b8b-9fe7-42f2-8cfc-7f6dde6a40fc' and name 'vitis-run_compile_hls_component'
Sun May  5 17:58:51 2024: SYSTEM_DIAGRAM: creating session with uuid: '2fc36b8b-9fe7-42f2-8cfc-7f6dde6a40fc' and name 'vitis-run_compile_hls_component'
Sun May  5 17:58:59 2024: Dispatch Server: Accepted socket connection from client
Sun May  5 17:58:59 2024: Starting Socket connection
Sun May  5 18:00:41 2024: Dispatch Server: Accepted socket connection from client
Sun May  5 18:00:41 2024: Starting Socket connection
Sun May  5 18:00:43 2024: SESSION_MGR: closing session for UUID '2fc36b8b-9fe7-42f2-8cfc-7f6dde6a40fc' with name 'vitis-run_compile_hls_component'
Sun May  5 18:00:43 2024: KERNEL_SVC: closing session for UUID '2fc36b8b-9fe7-42f2-8cfc-7f6dde6a40fc' with name 'vitis-run_compile_hls_component'
Sun May  5 18:00:43 2024: GUIDANCE_SMGR: closing session for UUID '2fc36b8b-9fe7-42f2-8cfc-7f6dde6a40fc' with name 'vitis-run_compile_hls_component'
Sun May  5 18:00:43 2024: SYSTEM_DIAGRAM: closing session for UUID '2fc36b8b-9fe7-42f2-8cfc-7f6dde6a40fc' with name 'vitis-run_compile_hls_component'
Sun May  5 18:00:43 2024: STOP_SERVER received, server token: 4b7cd883-7a2d-499b-a696-39e75d074f8b, passed token: 4b7cd883-7a2d-499b-a696-39e75d074f8b
Sun May  5 18:00:43 2024: DISPATCH_HANDLER: 3 connections are active. Stop request denied.
Sun May  5 18:05:38 2024: Running xcd server. This server was built by gradle.
Sun May  5 18:05:38 2024: Server was asked to start on port: '43083'
Sun May  5 18:05:38 2024: Server is using token UUID: '0dedbc23-e339-484f-ab87-658c3265c449'
Sun May  5 18:05:38 2024: SESSION_MGR: creating session with session uuid: '6d04a3e9-ade5-4ab9-8d63-1f78fcd2ec76' and name 'default'
Sun May  5 18:05:38 2024: Attempting to start server on port '43083'
Sun May  5 18:05:38 2024: XCD main fifo: created main fifo '/tmp/xcdmain0dedbc23-e339-484f-ab87-658c3265c449', fd read = 13
Sun May  5 18:05:38 2024: Running Dispatch Server
Sun May  5 18:05:38 2024: Version 2.2.0
Sun May  5 18:05:47 2024: Dispatch Server: Accepted socket connection from client
Sun May  5 18:05:47 2024: Starting Socket connection
Sun May  5 18:05:47 2024: EXCHANGE_TOKEN received, server token: 0dedbc23-e339-484f-ab87-658c3265c449, passed token: 0dedbc23-e339-484f-ab87-658c3265c449
Sun May  5 18:05:47 2024: DISPATCH_HANDLER: Adding handler from function makeHandler in library libxv_system_diagram
Sun May  5 18:05:47 2024: SESSION_MGR: creating session with session uuid: '1e431bda-a18f-4525-80dc-de4564733379' and name 'vitis-run_compile_hls_component'
Sun May  5 18:05:47 2024: KERNEL_SVC: creating session with uuid: '1e431bda-a18f-4525-80dc-de4564733379' and name 'vitis-run_compile_hls_component'
Sun May  5 18:05:47 2024: GUIDANCE_SMGR: creating guidance session with uuid: '1e431bda-a18f-4525-80dc-de4564733379' and name 'vitis-run_compile_hls_component'
Sun May  5 18:05:47 2024: SYSTEM_DIAGRAM: creating session with uuid: '1e431bda-a18f-4525-80dc-de4564733379' and name 'vitis-run_compile_hls_component'
Sun May  5 18:05:54 2024: Dispatch Server: Accepted socket connection from client
Sun May  5 18:05:54 2024: Starting Socket connection
Sun May  5 18:09:05 2024: Dispatch Server: Accepted socket connection from client
Sun May  5 18:09:05 2024: Starting Socket connection
Sun May  5 18:09:08 2024: SESSION_MGR: closing session for UUID '1e431bda-a18f-4525-80dc-de4564733379' with name 'vitis-run_compile_hls_component'
Sun May  5 18:09:08 2024: KERNEL_SVC: closing session for UUID '1e431bda-a18f-4525-80dc-de4564733379' with name 'vitis-run_compile_hls_component'
Sun May  5 18:09:08 2024: GUIDANCE_SMGR: closing session for UUID '1e431bda-a18f-4525-80dc-de4564733379' with name 'vitis-run_compile_hls_component'
Sun May  5 18:09:08 2024: SYSTEM_DIAGRAM: closing session for UUID '1e431bda-a18f-4525-80dc-de4564733379' with name 'vitis-run_compile_hls_component'
Sun May  5 18:09:08 2024: STOP_SERVER received, server token: 0dedbc23-e339-484f-ab87-658c3265c449, passed token: 0dedbc23-e339-484f-ab87-658c3265c449
Sun May  5 18:09:08 2024: DISPATCH_HANDLER: 3 connections are active. Stop request denied.
Sun May  5 18:44:17 2024: Running xcd server. This server was built by gradle.
Sun May  5 18:44:17 2024: Server was asked to start on port: '34889'
Sun May  5 18:44:17 2024: Server is using token UUID: 'c0916732-5645-4e8d-bd6d-0f6399aba427'
Sun May  5 18:44:17 2024: SESSION_MGR: creating session with session uuid: '6d04a3e9-ade5-4ab9-8d63-1f78fcd2ec76' and name 'default'
Sun May  5 18:44:17 2024: Attempting to start server on port '34889'
Sun May  5 18:44:17 2024: XCD main fifo: created main fifo '/tmp/xcdmainc0916732-5645-4e8d-bd6d-0f6399aba427', fd read = 13
Sun May  5 18:44:17 2024: Running Dispatch Server
Sun May  5 18:44:17 2024: Version 2.2.0
Sun May  5 18:44:26 2024: Dispatch Server: Accepted socket connection from client
Sun May  5 18:44:26 2024: Starting Socket connection
Sun May  5 18:44:26 2024: EXCHANGE_TOKEN received, server token: c0916732-5645-4e8d-bd6d-0f6399aba427, passed token: c0916732-5645-4e8d-bd6d-0f6399aba427
Sun May  5 18:44:26 2024: DISPATCH_HANDLER: Adding handler from function makeHandler in library libxv_system_diagram
Sun May  5 18:44:26 2024: SESSION_MGR: creating session with session uuid: 'd46c00a6-7c40-4004-ae1f-1826f25e6aef' and name 'vitis-run_compile_hls_component'
Sun May  5 18:44:26 2024: KERNEL_SVC: creating session with uuid: 'd46c00a6-7c40-4004-ae1f-1826f25e6aef' and name 'vitis-run_compile_hls_component'
Sun May  5 18:44:26 2024: GUIDANCE_SMGR: creating guidance session with uuid: 'd46c00a6-7c40-4004-ae1f-1826f25e6aef' and name 'vitis-run_compile_hls_component'
Sun May  5 18:44:26 2024: SYSTEM_DIAGRAM: creating session with uuid: 'd46c00a6-7c40-4004-ae1f-1826f25e6aef' and name 'vitis-run_compile_hls_component'
Sun May  5 18:44:30 2024: Dispatch Server: Accepted socket connection from client
Sun May  5 18:44:30 2024: Starting Socket connection
Sun May  5 18:45:15 2024: Dispatch Server: Accepted socket connection from client
Sun May  5 18:45:15 2024: Starting Socket connection
Sun May  5 18:45:28 2024: SESSION_MGR: closing session for UUID 'd46c00a6-7c40-4004-ae1f-1826f25e6aef' with name 'vitis-run_compile_hls_component'
Sun May  5 18:45:28 2024: KERNEL_SVC: closing session for UUID 'd46c00a6-7c40-4004-ae1f-1826f25e6aef' with name 'vitis-run_compile_hls_component'
Sun May  5 18:45:28 2024: GUIDANCE_SMGR: closing session for UUID 'd46c00a6-7c40-4004-ae1f-1826f25e6aef' with name 'vitis-run_compile_hls_component'
Sun May  5 18:45:28 2024: SYSTEM_DIAGRAM: closing session for UUID 'd46c00a6-7c40-4004-ae1f-1826f25e6aef' with name 'vitis-run_compile_hls_component'
Sun May  5 18:45:28 2024: STOP_SERVER received, server token: c0916732-5645-4e8d-bd6d-0f6399aba427, passed token: c0916732-5645-4e8d-bd6d-0f6399aba427
Sun May  5 18:45:28 2024: Socket received request to stop server.
Sun May  5 18:45:28 2024: Dispatch Server: do_await_stop
Sun May  5 18:45:28 2024: Dispatch Server: stopping mainFifo_
Sun May  5 18:45:28 2024: XCD main fifo: Stopping
Sun May  5 18:45:28 2024: XCD main fifo: do_read error code: Operation canceled
Sun May  5 18:45:28 2024: XCD main fifo: bytes_transferred: 0
Sun May  5 18:45:28 2024: SERVER: destructor for server bound to port 34889
Sun May  5 18:45:28 2024: XCD main fifo: Good unlink of /tmp/xcdmainc0916732-5645-4e8d-bd6d-0f6399aba427
Sun May  5 18:45:28 2024: Server exiting with status 0.
Sun May  5 18:45:28 2024: Closing log file.
Sun May  5 18:48:48 2024: Running xcd server. This server was built by gradle.
Sun May  5 18:48:48 2024: Server was asked to start on port: '34977'
Sun May  5 18:48:48 2024: Server is using token UUID: 'c15b0ee5-acb8-4241-9a9e-501c7207b0b3'
Sun May  5 18:48:48 2024: SESSION_MGR: creating session with session uuid: '6d04a3e9-ade5-4ab9-8d63-1f78fcd2ec76' and name 'default'
Sun May  5 18:48:48 2024: Attempting to start server on port '34977'
Sun May  5 18:48:48 2024: XCD main fifo: created main fifo '/tmp/xcdmainc15b0ee5-acb8-4241-9a9e-501c7207b0b3', fd read = 13
Sun May  5 18:48:48 2024: Running Dispatch Server
Sun May  5 18:48:48 2024: Version 2.2.0
Sun May  5 18:48:57 2024: Dispatch Server: Accepted socket connection from client
Sun May  5 18:48:57 2024: Starting Socket connection
Sun May  5 18:48:57 2024: EXCHANGE_TOKEN received, server token: c15b0ee5-acb8-4241-9a9e-501c7207b0b3, passed token: c15b0ee5-acb8-4241-9a9e-501c7207b0b3
Sun May  5 18:48:57 2024: DISPATCH_HANDLER: Adding handler from function makeHandler in library libxv_system_diagram
Sun May  5 18:48:57 2024: SESSION_MGR: creating session with session uuid: '76be4b98-79f2-4d14-9df4-e1f7abdf51fe' and name 'vitis-run_compile_hls_component'
Sun May  5 18:48:57 2024: KERNEL_SVC: creating session with uuid: '76be4b98-79f2-4d14-9df4-e1f7abdf51fe' and name 'vitis-run_compile_hls_component'
Sun May  5 18:48:57 2024: GUIDANCE_SMGR: creating guidance session with uuid: '76be4b98-79f2-4d14-9df4-e1f7abdf51fe' and name 'vitis-run_compile_hls_component'
Sun May  5 18:48:57 2024: SYSTEM_DIAGRAM: creating session with uuid: '76be4b98-79f2-4d14-9df4-e1f7abdf51fe' and name 'vitis-run_compile_hls_component'
Sun May  5 18:49:01 2024: Dispatch Server: Accepted socket connection from client
Sun May  5 18:49:01 2024: Starting Socket connection
Sun May  5 18:49:47 2024: Dispatch Server: Accepted socket connection from client
Sun May  5 18:49:47 2024: Starting Socket connection
Sun May  5 18:50:00 2024: SESSION_MGR: closing session for UUID '76be4b98-79f2-4d14-9df4-e1f7abdf51fe' with name 'vitis-run_compile_hls_component'
Sun May  5 18:50:00 2024: KERNEL_SVC: closing session for UUID '76be4b98-79f2-4d14-9df4-e1f7abdf51fe' with name 'vitis-run_compile_hls_component'
Sun May  5 18:50:00 2024: GUIDANCE_SMGR: closing session for UUID '76be4b98-79f2-4d14-9df4-e1f7abdf51fe' with name 'vitis-run_compile_hls_component'
Sun May  5 18:50:00 2024: SYSTEM_DIAGRAM: closing session for UUID '76be4b98-79f2-4d14-9df4-e1f7abdf51fe' with name 'vitis-run_compile_hls_component'
Sun May  5 18:50:00 2024: STOP_SERVER received, server token: c15b0ee5-acb8-4241-9a9e-501c7207b0b3, passed token: c15b0ee5-acb8-4241-9a9e-501c7207b0b3
Sun May  5 18:50:00 2024: Socket received request to stop server.
Sun May  5 18:50:00 2024: Dispatch Server: do_await_stop
Sun May  5 18:50:00 2024: Dispatch Server: stopping mainFifo_
Sun May  5 18:50:00 2024: XCD main fifo: Stopping
Sun May  5 18:50:00 2024: XCD main fifo: do_read error code: Operation canceled
Sun May  5 18:50:00 2024: XCD main fifo: bytes_transferred: 0
Sun May  5 18:50:00 2024: SERVER: destructor for server bound to port 34977
Sun May  5 18:50:00 2024: XCD main fifo: Good unlink of /tmp/xcdmainc15b0ee5-acb8-4241-9a9e-501c7207b0b3
Sun May  5 18:50:00 2024: Server exiting with status 0.
Sun May  5 18:50:00 2024: Closing log file.
Sun May  5 21:33:56 2024: Running xcd server. This server was built by gradle.
Sun May  5 21:33:56 2024: Server was asked to start on port: '38665'
Sun May  5 21:33:56 2024: Server is using token UUID: 'f6b98a13-9d82-494c-9cf0-14f0dfdd6075'
Sun May  5 21:33:56 2024: SESSION_MGR: creating session with session uuid: '6d04a3e9-ade5-4ab9-8d63-1f78fcd2ec76' and name 'default'
Sun May  5 21:33:56 2024: Attempting to start server on port '38665'
Sun May  5 21:33:56 2024: XCD main fifo: created main fifo '/tmp/xcdmainf6b98a13-9d82-494c-9cf0-14f0dfdd6075', fd read = 13
Sun May  5 21:33:56 2024: Running Dispatch Server
Sun May  5 21:33:56 2024: Version 2.2.0
Sun May  5 21:34:05 2024: Dispatch Server: Accepted socket connection from client
Sun May  5 21:34:05 2024: Starting Socket connection
Sun May  5 21:34:05 2024: EXCHANGE_TOKEN received, server token: f6b98a13-9d82-494c-9cf0-14f0dfdd6075, passed token: f6b98a13-9d82-494c-9cf0-14f0dfdd6075
Sun May  5 21:34:05 2024: DISPATCH_HANDLER: Adding handler from function makeHandler in library libxv_system_diagram
Sun May  5 21:34:05 2024: SESSION_MGR: creating session with session uuid: '8c37be87-50a7-4565-8be1-dbd351c76cc7' and name 'vitis-run_compile_hls_component'
Sun May  5 21:34:05 2024: KERNEL_SVC: creating session with uuid: '8c37be87-50a7-4565-8be1-dbd351c76cc7' and name 'vitis-run_compile_hls_component'
Sun May  5 21:34:05 2024: GUIDANCE_SMGR: creating guidance session with uuid: '8c37be87-50a7-4565-8be1-dbd351c76cc7' and name 'vitis-run_compile_hls_component'
Sun May  5 21:34:05 2024: SYSTEM_DIAGRAM: creating session with uuid: '8c37be87-50a7-4565-8be1-dbd351c76cc7' and name 'vitis-run_compile_hls_component'
Sun May  5 21:34:09 2024: Dispatch Server: Accepted socket connection from client
Sun May  5 21:34:09 2024: Starting Socket connection
Sun May  5 21:34:55 2024: Dispatch Server: Accepted socket connection from client
Sun May  5 21:34:55 2024: Starting Socket connection
Sun May  5 21:35:08 2024: SESSION_MGR: closing session for UUID '8c37be87-50a7-4565-8be1-dbd351c76cc7' with name 'vitis-run_compile_hls_component'
Sun May  5 21:35:08 2024: KERNEL_SVC: closing session for UUID '8c37be87-50a7-4565-8be1-dbd351c76cc7' with name 'vitis-run_compile_hls_component'
Sun May  5 21:35:08 2024: GUIDANCE_SMGR: closing session for UUID '8c37be87-50a7-4565-8be1-dbd351c76cc7' with name 'vitis-run_compile_hls_component'
Sun May  5 21:35:08 2024: SYSTEM_DIAGRAM: closing session for UUID '8c37be87-50a7-4565-8be1-dbd351c76cc7' with name 'vitis-run_compile_hls_component'
Sun May  5 21:35:08 2024: STOP_SERVER received, server token: f6b98a13-9d82-494c-9cf0-14f0dfdd6075, passed token: f6b98a13-9d82-494c-9cf0-14f0dfdd6075
Sun May  5 21:35:08 2024: Socket received request to stop server.
Sun May  5 21:35:08 2024: Dispatch Server: do_await_stop
Sun May  5 21:35:08 2024: Dispatch Server: stopping mainFifo_
Sun May  5 21:35:08 2024: XCD main fifo: Stopping
Sun May  5 21:35:08 2024: XCD main fifo: do_read error code: Operation canceled
Sun May  5 21:35:08 2024: XCD main fifo: bytes_transferred: 0
Sun May  5 21:35:08 2024: SERVER: destructor for server bound to port 38665
Sun May  5 21:35:08 2024: XCD main fifo: Good unlink of /tmp/xcdmainf6b98a13-9d82-494c-9cf0-14f0dfdd6075
Sun May  5 21:35:08 2024: Server exiting with status 0.
Sun May  5 21:35:08 2024: Closing log file.
Sun May  5 21:38:47 2024: Running xcd server. This server was built by gradle.
Sun May  5 21:38:47 2024: Server was asked to start on port: '34871'
Sun May  5 21:38:47 2024: Server is using token UUID: 'd1b78f03-973c-4a3e-a827-20a52af77e88'
Sun May  5 21:38:47 2024: SESSION_MGR: creating session with session uuid: '6d04a3e9-ade5-4ab9-8d63-1f78fcd2ec76' and name 'default'
Sun May  5 21:38:47 2024: Attempting to start server on port '34871'
Sun May  5 21:38:47 2024: XCD main fifo: created main fifo '/tmp/xcdmaind1b78f03-973c-4a3e-a827-20a52af77e88', fd read = 13
Sun May  5 21:38:47 2024: Running Dispatch Server
Sun May  5 21:38:47 2024: Version 2.2.0
Sun May  5 21:38:56 2024: Dispatch Server: Accepted socket connection from client
Sun May  5 21:38:56 2024: Starting Socket connection
Sun May  5 21:38:56 2024: EXCHANGE_TOKEN received, server token: d1b78f03-973c-4a3e-a827-20a52af77e88, passed token: d1b78f03-973c-4a3e-a827-20a52af77e88
Sun May  5 21:38:56 2024: DISPATCH_HANDLER: Adding handler from function makeHandler in library libxv_system_diagram
Sun May  5 21:38:56 2024: SESSION_MGR: creating session with session uuid: '76823730-5f38-4aed-843f-7145cb5c6aa5' and name 'vitis-run_compile_hls_component'
Sun May  5 21:38:56 2024: KERNEL_SVC: creating session with uuid: '76823730-5f38-4aed-843f-7145cb5c6aa5' and name 'vitis-run_compile_hls_component'
Sun May  5 21:38:56 2024: GUIDANCE_SMGR: creating guidance session with uuid: '76823730-5f38-4aed-843f-7145cb5c6aa5' and name 'vitis-run_compile_hls_component'
Sun May  5 21:38:56 2024: SYSTEM_DIAGRAM: creating session with uuid: '76823730-5f38-4aed-843f-7145cb5c6aa5' and name 'vitis-run_compile_hls_component'
Sun May  5 21:39:00 2024: Dispatch Server: Accepted socket connection from client
Sun May  5 21:39:00 2024: Starting Socket connection
Sun May  5 21:39:46 2024: Dispatch Server: Accepted socket connection from client
Sun May  5 21:39:46 2024: Starting Socket connection
Sun May  5 21:39:59 2024: SESSION_MGR: closing session for UUID '76823730-5f38-4aed-843f-7145cb5c6aa5' with name 'vitis-run_compile_hls_component'
Sun May  5 21:39:59 2024: KERNEL_SVC: closing session for UUID '76823730-5f38-4aed-843f-7145cb5c6aa5' with name 'vitis-run_compile_hls_component'
Sun May  5 21:39:59 2024: GUIDANCE_SMGR: closing session for UUID '76823730-5f38-4aed-843f-7145cb5c6aa5' with name 'vitis-run_compile_hls_component'
Sun May  5 21:39:59 2024: SYSTEM_DIAGRAM: closing session for UUID '76823730-5f38-4aed-843f-7145cb5c6aa5' with name 'vitis-run_compile_hls_component'
Sun May  5 21:39:59 2024: STOP_SERVER received, server token: d1b78f03-973c-4a3e-a827-20a52af77e88, passed token: d1b78f03-973c-4a3e-a827-20a52af77e88
Sun May  5 21:39:59 2024: Socket received request to stop server.
Sun May  5 21:39:59 2024: Dispatch Server: do_await_stop
Sun May  5 21:39:59 2024: Dispatch Server: stopping mainFifo_
Sun May  5 21:39:59 2024: XCD main fifo: Stopping
Sun May  5 21:39:59 2024: XCD main fifo: do_read error code: Operation canceled
Sun May  5 21:39:59 2024: XCD main fifo: bytes_transferred: 0
Sun May  5 21:39:59 2024: SERVER: destructor for server bound to port 34871
Sun May  5 21:39:59 2024: XCD main fifo: Good unlink of /tmp/xcdmaind1b78f03-973c-4a3e-a827-20a52af77e88
Sun May  5 21:39:59 2024: Server exiting with status 0.
Sun May  5 21:39:59 2024: Closing log file.
Sun May  5 22:06:59 2024: Running xcd server. This server was built by gradle.
Sun May  5 22:06:59 2024: Server was asked to start on port: '43969'
Sun May  5 22:06:59 2024: Server is using token UUID: '81c6b2a8-4959-4a59-9345-e13561f3d36c'
Sun May  5 22:06:59 2024: SESSION_MGR: creating session with session uuid: '6d04a3e9-ade5-4ab9-8d63-1f78fcd2ec76' and name 'default'
Sun May  5 22:06:59 2024: Attempting to start server on port '43969'
Sun May  5 22:06:59 2024: XCD main fifo: created main fifo '/tmp/xcdmain81c6b2a8-4959-4a59-9345-e13561f3d36c', fd read = 13
Sun May  5 22:06:59 2024: Running Dispatch Server
Sun May  5 22:06:59 2024: Version 2.2.0
Sun May  5 22:07:08 2024: Dispatch Server: Accepted socket connection from client
Sun May  5 22:07:08 2024: Starting Socket connection
Sun May  5 22:07:08 2024: EXCHANGE_TOKEN received, server token: 81c6b2a8-4959-4a59-9345-e13561f3d36c, passed token: 81c6b2a8-4959-4a59-9345-e13561f3d36c
Sun May  5 22:07:08 2024: DISPATCH_HANDLER: Adding handler from function makeHandler in library libxv_system_diagram
Sun May  5 22:07:08 2024: SESSION_MGR: creating session with session uuid: 'b7ec065e-8cde-4aa0-9b1c-3eb12a203977' and name 'vitis-run_compile_hls_component'
Sun May  5 22:07:08 2024: KERNEL_SVC: creating session with uuid: 'b7ec065e-8cde-4aa0-9b1c-3eb12a203977' and name 'vitis-run_compile_hls_component'
Sun May  5 22:07:08 2024: GUIDANCE_SMGR: creating guidance session with uuid: 'b7ec065e-8cde-4aa0-9b1c-3eb12a203977' and name 'vitis-run_compile_hls_component'
Sun May  5 22:07:08 2024: SYSTEM_DIAGRAM: creating session with uuid: 'b7ec065e-8cde-4aa0-9b1c-3eb12a203977' and name 'vitis-run_compile_hls_component'
Sun May  5 22:07:12 2024: Dispatch Server: Accepted socket connection from client
Sun May  5 22:07:12 2024: Starting Socket connection
Sun May  5 22:07:58 2024: Dispatch Server: Accepted socket connection from client
Sun May  5 22:07:58 2024: Starting Socket connection
Sun May  5 22:08:11 2024: SESSION_MGR: closing session for UUID 'b7ec065e-8cde-4aa0-9b1c-3eb12a203977' with name 'vitis-run_compile_hls_component'
Sun May  5 22:08:11 2024: KERNEL_SVC: closing session for UUID 'b7ec065e-8cde-4aa0-9b1c-3eb12a203977' with name 'vitis-run_compile_hls_component'
Sun May  5 22:08:11 2024: GUIDANCE_SMGR: closing session for UUID 'b7ec065e-8cde-4aa0-9b1c-3eb12a203977' with name 'vitis-run_compile_hls_component'
Sun May  5 22:08:11 2024: SYSTEM_DIAGRAM: closing session for UUID 'b7ec065e-8cde-4aa0-9b1c-3eb12a203977' with name 'vitis-run_compile_hls_component'
Sun May  5 22:08:11 2024: STOP_SERVER received, server token: 81c6b2a8-4959-4a59-9345-e13561f3d36c, passed token: 81c6b2a8-4959-4a59-9345-e13561f3d36c
Sun May  5 22:08:11 2024: Socket received request to stop server.
Sun May  5 22:08:11 2024: Dispatch Server: do_await_stop
Sun May  5 22:08:11 2024: Dispatch Server: stopping mainFifo_
Sun May  5 22:08:11 2024: XCD main fifo: Stopping
Sun May  5 22:08:11 2024: XCD main fifo: do_read error code: Operation canceled
Sun May  5 22:08:11 2024: XCD main fifo: bytes_transferred: 0
Sun May  5 22:08:11 2024: SERVER: destructor for server bound to port 43969
Sun May  5 22:08:11 2024: XCD main fifo: Good unlink of /tmp/xcdmain81c6b2a8-4959-4a59-9345-e13561f3d36c
Sun May  5 22:08:11 2024: Server exiting with status 0.
Sun May  5 22:08:11 2024: Closing log file.
Sun May  5 22:21:20 2024: Running xcd server. This server was built by gradle.
Sun May  5 22:21:20 2024: Server was asked to start on port: '33695'
Sun May  5 22:21:20 2024: Server is using token UUID: 'e0be4f8f-5101-4d33-acd6-98df6dc8e966'
Sun May  5 22:21:20 2024: SESSION_MGR: creating session with session uuid: '6d04a3e9-ade5-4ab9-8d63-1f78fcd2ec76' and name 'default'
Sun May  5 22:21:20 2024: Attempting to start server on port '33695'
Sun May  5 22:21:20 2024: XCD main fifo: created main fifo '/tmp/xcdmaine0be4f8f-5101-4d33-acd6-98df6dc8e966', fd read = 13
Sun May  5 22:21:20 2024: Running Dispatch Server
Sun May  5 22:21:20 2024: Version 2.2.0
Sun May  5 22:21:29 2024: Dispatch Server: Accepted socket connection from client
Sun May  5 22:21:29 2024: Starting Socket connection
Sun May  5 22:21:29 2024: EXCHANGE_TOKEN received, server token: e0be4f8f-5101-4d33-acd6-98df6dc8e966, passed token: e0be4f8f-5101-4d33-acd6-98df6dc8e966
Sun May  5 22:21:30 2024: DISPATCH_HANDLER: Adding handler from function makeHandler in library libxv_system_diagram
Sun May  5 22:21:30 2024: SESSION_MGR: creating session with session uuid: 'e687a800-c6ed-4099-a7cf-6ec5535e2496' and name 'vitis-run_compile_hls_component'
Sun May  5 22:21:30 2024: KERNEL_SVC: creating session with uuid: 'e687a800-c6ed-4099-a7cf-6ec5535e2496' and name 'vitis-run_compile_hls_component'
Sun May  5 22:21:30 2024: GUIDANCE_SMGR: creating guidance session with uuid: 'e687a800-c6ed-4099-a7cf-6ec5535e2496' and name 'vitis-run_compile_hls_component'
Sun May  5 22:21:30 2024: SYSTEM_DIAGRAM: creating session with uuid: 'e687a800-c6ed-4099-a7cf-6ec5535e2496' and name 'vitis-run_compile_hls_component'
Sun May  5 22:21:34 2024: Dispatch Server: Accepted socket connection from client
Sun May  5 22:21:34 2024: Starting Socket connection
Sun May  5 22:22:19 2024: Dispatch Server: Accepted socket connection from client
Sun May  5 22:22:19 2024: Starting Socket connection
Sun May  5 22:23:34 2024: Dispatch Server: Accepted socket connection from client
Sun May  5 22:23:34 2024: Starting Socket connection
Sun May  5 22:25:21 2024: Dispatch Server: Accepted socket connection from client
Sun May  5 22:25:21 2024: Starting Socket connection
Sun May  5 22:29:01 2024: SESSION_MGR: closing session for UUID 'e687a800-c6ed-4099-a7cf-6ec5535e2496' with name 'vitis-run_compile_hls_component'
Sun May  5 22:29:01 2024: KERNEL_SVC: closing session for UUID 'e687a800-c6ed-4099-a7cf-6ec5535e2496' with name 'vitis-run_compile_hls_component'
Sun May  5 22:29:01 2024: GUIDANCE_SMGR: closing session for UUID 'e687a800-c6ed-4099-a7cf-6ec5535e2496' with name 'vitis-run_compile_hls_component'
Sun May  5 22:29:01 2024: SYSTEM_DIAGRAM: closing session for UUID 'e687a800-c6ed-4099-a7cf-6ec5535e2496' with name 'vitis-run_compile_hls_component'
Sun May  5 22:29:02 2024: STOP_SERVER received, server token: e0be4f8f-5101-4d33-acd6-98df6dc8e966, passed token: e0be4f8f-5101-4d33-acd6-98df6dc8e966
Sun May  5 22:29:02 2024: Socket received request to stop server.
Sun May  5 22:29:02 2024: Dispatch Server: do_await_stop
Sun May  5 22:29:02 2024: Dispatch Server: stopping mainFifo_
Sun May  5 22:29:02 2024: XCD main fifo: Stopping
Sun May  5 22:29:02 2024: XCD main fifo: do_read error code: Operation canceled
Sun May  5 22:29:02 2024: XCD main fifo: bytes_transferred: 0
Sun May  5 22:29:02 2024: SERVER: destructor for server bound to port 33695
Sun May  5 22:29:02 2024: XCD main fifo: Good unlink of /tmp/xcdmaine0be4f8f-5101-4d33-acd6-98df6dc8e966
Sun May  5 22:29:02 2024: Server exiting with status 0.
Sun May  5 22:29:02 2024: Closing log file.
