Copyright 1986-2022 Xilinx, Inc. All Rights Reserved. Copyright 2022-2023 Advanced Micro Devices, Inc. All Rights Reserved.
--------------------------------------------------------------------------------------------------------------------------------------------------------------
| Tool Version : Vivado v.2023.1 (lin64) Build 3865809 Sun May  7 15:04:56 MDT 2023
| Date         : Mon Jun  3 17:55:56 2024
| Host         : ubuntu-MS-7D30 running 64-bit Ubuntu 20.04.4 LTS
| Command      : report_accelerator_utilization -kernels { mac:vitis_design_i/mac_1/inst:mac_1} -file kernel_util_synthed.rpt -name kernel_util_synthed -json
| Design       : vitis_design_wrapper
| Device       : xcvc1902
| Design State : Synthesized
--------------------------------------------------------------------------------------------------------------------------------------------------------------

Accelerator Utilization Design Information

Table of Contents
-----------------
1. System Utilization

1. System Utilization
---------------------

+---------------------+-------------------+------------------+------------------+---------------+---------------+
| Name                | REG               | LUT              | LUTAsMem         | BRAM          | URAM          |
+---------------------+-------------------+------------------+------------------+---------------+---------------+
| Platform            |    5611 [  0.31%] |   3116 [  0.35%] |     14 [ <0.01%] |   0 [  0.00%] |   0 [  0.00%] |
| User Budget         | 1794069 [100.00%] | 896724 [100.00%] | 449906 [100.00%] | 967 [100.00%] | 463 [100.00%] |
|    Used Resources   |    2666 [  0.15%] |   2337 [  0.26%] |    552 [  0.12%] |   1 [  0.10%] |   0 [  0.00%] |
|    Unused Resources | 1791403 [ 99.85%] | 894387 [ 99.74%] | 449354 [ 99.88%] | 966 [ 99.90%] | 463 [100.00%] |
| mac                 |    2666 [  0.15%] |   2337 [  0.26%] |    552 [  0.12%] |   1 [  0.10%] |   0 [  0.00%] |
|    mac_1            |    2666 [  0.15%] |   2337 [  0.26%] |    552 [  0.12%] |   1 [  0.10%] |   0 [  0.00%] |
+---------------------+-------------------+------------------+------------------+---------------+---------------+


