#-----------------------------------------------------------
# xsim v2023.1 (64-bit)
# SW Build 3865809 on Sun May  7 15:04:56 MDT 2023
# IP Build 3864474 on Sun May  7 20:36:21 MDT 2023
# SharedData Build 3865790 on Sun May 07 13:33:03 MDT 2023
# Start of session at: Wed May 29 22:17:17 2024
# Process ID: 16107
# Current directory: /mnt/tmp/franz/Desktop/dsp_recon/hls_component/hls_component/hls/sim/verilog
# Command line: xsim -mode tcl -source {xsim.dir/mac/xsim_script.tcl}
# Log file: /mnt/tmp/franz/Desktop/dsp_recon/hls_component/hls_component/hls/sim/verilog/xsim.log
# Journal file: /mnt/tmp/franz/Desktop/dsp_recon/hls_component/hls_component/hls/sim/verilog/xsim.jou
# Running On: franz-MS-7C02, OS: Linux, CPU Frequency: 2200.000 MHz, CPU Physical cores: 12, Host memory: 16704 MB
#-----------------------------------------------------------
source xsim.dir/mac/xsim_script.tcl
# xsim {mac} -autoloadwcfg -tclbatch {mac.tcl}
Time resolution is 1 ps
source mac.tcl
## run all
////////////////////////////////////////////////////////////////////////////////////
// Inter-Transaction Progress: Completed Transaction / Total Transaction
// Intra-Transaction Progress: Measured Latency / Latency Estimation * 100%
//
// RTL Simulation : "Inter-Transaction Progress" ["Intra-Transaction Progress"] @ "Simulation Time"
////////////////////////////////////////////////////////////////////////////////////
// RTL Simulation : 0 / 1 [n/a] @ "155000"
// RTL Simulation : 1 / 1 [n/a] @ "15345000"
////////////////////////////////////////////////////////////////////////////////////
$finish called at time : 15405 ns : File "/mnt/tmp/franz/Desktop/dsp_recon/hls_component/hls_component/hls/sim/verilog/mac.autotb.v" Line 440
## quit
INFO: [Common 17-206] Exiting xsim at Wed May 29 22:17:20 2024...
