==============================================================
Vitis HLS - High-Level Synthesis from C, C++ and OpenCL v2023.1 (64-bit)
Tool Version Limit: 2023.05
Copyright 1986-2022 Xilinx, Inc. All Rights Reserved.
Copyright 2022-2023 Advanced Micro Devices, Inc. All Rights Reserved.

==============================================================
INFO: [HLS 200-1505] Using default flow_target 'vivado'
INFO: [HLS 200-1510] Running: apply_ini /home/franz/workspace/hls_component/hls_config.cfg 
INFO: [HLS 200-1909] Reading HLS ini file /home/franz/workspace/hls_component/hls_config.cfg
INFO: [HLS 200-1465] Applying ini 'syn.file=add.cpp' at /home/franz/workspace/hls_component/hls_config.cfg(7)
INFO: [HLS 200-10] Adding design file '/home/franz/workspace/hls_component/add.cpp' to the project
INFO: [HLS 200-1465] Applying ini 'syn.file=add.h' at /home/franz/workspace/hls_component/hls_config.cfg(8)
INFO: [HLS 200-10] Adding design file '/home/franz/workspace/hls_component/add.h' to the project
INFO: [HLS 200-1465] Applying ini 'tb.file=add_test.cpp' at /home/franz/workspace/hls_component/hls_config.cfg(10)
INFO: [HLS 200-10] Adding test bench file '/home/franz/workspace/hls_component/add_test.cpp' to the project
INFO: [HLS 200-1465] Applying ini 'syn.top=mac' at /home/franz/workspace/hls_component/hls_config.cfg(9)
INFO: [HLS 200-1465] Applying ini 'flow_target=vitis' at /home/franz/workspace/hls_component/hls_config.cfg(4)
INFO: [HLS 200-1505] Using flow_target 'vitis'
INFO: [HLS 200-435] Setting 'open_solution -flow_target vitis' configuration: config_interface -m_axi_latency=64
INFO: [HLS 200-435] Setting 'open_solution -flow_target vitis' configuration: config_interface -m_axi_alignment_byte_size=64
INFO: [HLS 200-435] Setting 'open_solution -flow_target vitis' configuration: config_interface -m_axi_max_widen_bitwidth=512
INFO: [HLS 200-435] Setting 'open_solution -flow_target vitis' configuration: config_rtl -register_reset_num=3
INFO: [HLS 200-1465] Applying ini 'clock=10' at /home/franz/workspace/hls_component/hls_config.cfg(5)
INFO: [SYN 201-201] Setting up clock 'default' with a period of 10ns.
INFO: [HLS 200-1465] Applying ini 'part=xcvc1902-vsva2197-2MP-e-S' at /home/franz/workspace/hls_component/hls_config.cfg(1)
INFO: [HLS 200-1611] Setting target device to 'xcvc1902-vsva2197-2MP-e-S'
INFO: [HLS 200-1465] Applying ini 'syn.output.format=xo' at /home/franz/workspace/hls_component/hls_config.cfg(6)
INFO: [HLS 200-1510] Running: apply_ini /home/franz/workspace/hls_component/hls_component/hls/config.cmdline 
INFO: [HLS 200-1909] Reading HLS ini file /home/franz/workspace/hls_component/hls_component/hls/config.cmdline
INFO: [HLS 200-1465] Applying ini 'ide.compjson=0' at /home/franz/workspace/hls_component/hls_component/hls/config.cmdline(4)
INFO: [HLS 200-1510] Running: csynth_design 
INFO: [HLS 200-111] Finished File checks and directory preparation: CPU user time: 0.16 seconds. CPU system time: 0.02 seconds. Elapsed time: 0.18 seconds; current allocated memory: 1.080 GB.
INFO: [HLS 200-10] Analyzing design file '/home/franz/workspace/hls_component/add.cpp' ... 
INFO: [HLS 200-111] Finished Source Code Analysis and Preprocessing: CPU user time: 0.64 seconds. CPU system time: 0.75 seconds. Elapsed time: 1.42 seconds; current allocated memory: 1.082 GB.
INFO: [HLS 200-777] Using interface defaults for 'Vitis' flow target.
INFO: [HLS 200-1995] There were 22 instructions in the design after the 'Compile/Link' phase of compilation. See the Design Size Report for more details: /home/franz/workspace/hls_component/hls_component/hls/syn/report/csynth_design_size.rpt
INFO: [HLS 200-1995] There were 25 instructions in the design after the 'Unroll/Inline' phase of compilation. See the Design Size Report for more details: /home/franz/workspace/hls_component/hls_component/hls/syn/report/csynth_design_size.rpt
INFO: [HLS 200-1995] There were 37 instructions in the design after the 'Performance/Pipeline' phase of compilation. See the Design Size Report for more details: /home/franz/workspace/hls_component/hls_component/hls/syn/report/csynth_design_size.rpt
INFO: [HLS 200-1995] There were 43 instructions in the design after the 'Optimizations' phase of compilation. See the Design Size Report for more details: /home/franz/workspace/hls_component/hls_component/hls/syn/report/csynth_design_size.rpt
WARNING: [HLS 214-414] Cannot apply interface mode 'ap_none' on function argument 'a' since this interface mode only supports scalar types (/home/franz/workspace/hls_component/add.cpp:4:0)
WARNING: [HLS 214-414] Cannot apply interface mode 'ap_none' on function argument 'b' since this interface mode only supports scalar types (/home/franz/workspace/hls_component/add.cpp:4:0)
WARNING: [HLS 214-414] Cannot apply interface mode 'ap_none' on function argument 'c' since this interface mode only supports scalar types (/home/franz/workspace/hls_component/add.cpp:4:0)
INFO: [HLS 200-111] Finished Compiling Optimization and Transform: CPU user time: 4.33 seconds. CPU system time: 0.82 seconds. Elapsed time: 9.77 seconds; current allocated memory: 1.083 GB.
INFO: [HLS 200-111] Finished Checking Pragmas: CPU user time: 0 seconds. CPU system time: 0.01 seconds. Elapsed time: 0 seconds; current allocated memory: 1.083 GB.
INFO: [HLS 200-10] Starting code transformations ...
INFO: [HLS 200-111] Finished Standard Transforms: CPU user time: 0.02 seconds. CPU system time: 0.01 seconds. Elapsed time: 0.04 seconds; current allocated memory: 1.084 GB.
INFO: [HLS 200-10] Checking synthesizability ...
INFO: [HLS 200-111] Finished Checking Synthesizability: CPU user time: 0.01 seconds. CPU system time: 0 seconds. Elapsed time: 0.02 seconds; current allocated memory: 1.084 GB.
INFO: [XFORM 203-510] Pipelining loop 'VITIS_LOOP_11_1' (/home/franz/workspace/hls_component/add.cpp:11) in function 'mac' automatically.
INFO: [HLS 200-111] Finished Loop, function and other optimizations: CPU user time: 0.06 seconds. CPU system time: 0.01 seconds. Elapsed time: 0.08 seconds; current allocated memory: 1.105 GB.
INFO: [HLS 200-111] Finished Architecture Synthesis: CPU user time: 0.04 seconds. CPU system time: 0 seconds. Elapsed time: 0.04 seconds; current allocated memory: 1.105 GB.
INFO: [HLS 200-10] Starting hardware synthesis ...
INFO: [HLS 200-10] Synthesizing 'mac' ...
INFO: [HLS 200-10] ----------------------------------------------------------------
INFO: [HLS 200-42] -- Implementing module 'mac' 
INFO: [HLS 200-10] ----------------------------------------------------------------
INFO: [SCHED 204-11] Starting scheduling ...
INFO: [SCHED 204-61] Pipelining loop 'VITIS_LOOP_11_1'.
WARNING: [HLS 200-885] The II Violation in module 'mac' (loop 'VITIS_LOOP_11_1'): Unable to schedule bus request operation ('gmem_load_1_req', /home/franz/workspace/hls_component/add.cpp:12) on port 'gmem' (/home/franz/workspace/hls_component/add.cpp:12) due to limited memory ports (II = 1). Please consider using a memory core with more ports or partitioning the array.
WARNING: [HLS 200-885] The II Violation in module 'mac' (loop 'VITIS_LOOP_11_1'): Unable to schedule bus request operation ('gmem_load_2_req', /home/franz/workspace/hls_component/add.cpp:12) on port 'gmem' (/home/franz/workspace/hls_component/add.cpp:12) due to limited memory ports (II = 2). Please consider using a memory core with more ports or partitioning the array.
INFO: [HLS 200-1470] Pipelining result : Target II = NA, Final II = 3, Depth = 145, loop 'VITIS_LOOP_11_1'
INFO: [SCHED 204-11] Finished scheduling.
INFO: [HLS 200-111] Finished Scheduling: CPU user time: 1.52 seconds. CPU system time: 0.07 seconds. Elapsed time: 1.62 seconds; current allocated memory: 1.105 GB.
INFO: [BIND 205-100] Starting micro-architecture generation ...
INFO: [BIND 205-101] Performing variable lifetime analysis.
INFO: [BIND 205-101] Exploring resource sharing.
INFO: [BIND 205-101] Binding ...
INFO: [BIND 205-100] Finished micro-architecture generation.
INFO: [HLS 200-111] Finished Binding: CPU user time: 3.45 seconds. CPU system time: 0 seconds. Elapsed time: 3.46 seconds; current allocated memory: 1.105 GB.
INFO: [HLS 200-10] ----------------------------------------------------------------
INFO: [HLS 200-10] -- Generating RTL for module 'mac' 
INFO: [HLS 200-10] ----------------------------------------------------------------
WARNING: [RTGEN 206-101] Design contains AXI ports. Reset is fixed to synchronous and active low.
INFO: [RTGEN 206-500] Setting interface mode on port 'mac/gmem' to 'm_axi'.
INFO