
*** Running vivado
    with args -log vitis_design_dummy_slave_2_0.vds -m64 -product Vivado -mode batch -messageDb vivado.pb -notrace -source vitis_design_dummy_slave_2_0.tcl


****** Vivado v2023.1 (64-bit)
  **** SW Build 3865809 on Sun May  7 15:04:56 MDT 2023
  **** IP Build 3864474 on Sun May  7 20:36:21 MDT 2023
  **** SharedData Build 3865790 on Sun May 07 13:33:03 MDT 2023
    ** Copyright 1986-2022 Xilinx, Inc. All Rights Reserved.
    ** Copyright 2022-2023 Advanced Micro Devices, Inc. All Rights Reserved.

source vitis_design_dummy_slave_2_0.tcl -notrace
INFO: Dispatch client connection id - 46641
INFO: [IP_Flow 19-234] Refreshing IP repositories
INFO: [IP_Flow 19-1700] Loaded user IP repository '/home/ubuntu/Desktop/dsp_recon/system_project/mac/mac/int/xo/ip_repo/xilinx_com_hls_mac_1_0'.
INFO: [IP_Flow 19-1700] Loaded user IP repository '/home/ubuntu/Desktop/dsp_recon/system_project/mac/mac/vivado/vpl/.local/hw_platform/ipcache'.
INFO: [IP_Flow 19-1700] Loaded user IP repository '/tools/Xilinx/Vitis/2023.1/data/ip'.
INFO: [IP_Flow 19-2313] Loaded Vivado IP repository '/tools/Xilinx/Vivado/2023.1/data/ip'.
INFO: [IP_Flow 19-6924] IPCACHE: Running cache check for IP inst: vitis_design_dummy_slave_2_0
INFO: [IP_Flow 19-6922] IPCACHE: Exporting cached entry f2f3a989c6c49dd6 to dir: /home/ubuntu/Desktop/dsp_recon/system_project/mac/mac/vivado/vpl/prj/prj.runs/vitis_design_dummy_slave_2_0_synth_1
INFO: [IP_Flow 19-6928] IPCACHE: copied cached file /home/ubuntu/Desktop/dsp_recon/system_project/.ipcache/f/2/f2f3a989c6c49dd6/vitis_design_dummy_slave_0_0_stub.vhdl to /home/ubuntu/Desktop/dsp_recon/system_project/mac/mac/vivado/vpl/prj/prj.runs/vitis_design_dummy_slave_2_0_synth_1/vitis_design_dummy_slave_2_0_stub.vhdl.
INFO: [IP_Flow 19-6928] IPCACHE: copied cached file /home/ubuntu/Desktop/dsp_recon/system_project/.ipcache/f/2/f2f3a989c6c49dd6/vitis_design_dummy_slave_0_0_stub.v to /home/ubuntu/Desktop/dsp_recon/system_project/mac/mac/vivado/vpl/prj/prj.runs/vitis_design_dummy_slave_2_0_synth_1/vitis_design_dummy_slave_2_0_stub.v.
INFO: [IP_Flow 19-6928] IPCACHE: copied cached file /home/ubuntu/Desktop/dsp_recon/system_project/.ipcache/f/2/f2f3a989c6c49dd6/vitis_design_dummy_slave_0_0.dcp to /home/ubuntu/Desktop/dsp_recon/system_project/mac/mac/vivado/vpl/prj/prj.runs/vitis_design_dummy_slave_2_0_synth_1/vitis_design_dummy_slave_2_0.dcp.
INFO: [IP_Flow 19-6928] IPCACHE: copied cached file /home/ubuntu/Desktop/dsp_recon/system_project/.ipcache/f/2/f2f3a989c6c49dd6/vitis_design_dummy_slave_0_0_sim_netlist.v to /home/ubuntu/Desktop/dsp_recon/system_project/mac/mac/vivado/vpl/prj/prj.runs/vitis_design_dummy_slave_2_0_synth_1/vitis_design_dummy_slave_2_0_sim_netlist.v.
INFO: [IP_Flow 19-6928] IPCACHE: copied cached file /home/ubuntu/Desktop/dsp_recon/system_project/.ipcache/f/2/f2f3a989c6c49dd6/vitis_design_dummy_slave_0_0_sim_netlist.vhdl to /home/ubuntu/Desktop/dsp_recon/system_project/mac/mac/vivado/vpl/prj/prj.runs/vitis_design_dummy_slave_2_0_synth_1/vitis_design_dummy_slave_2_0_sim_netlist.vhdl.
INFO: [IP_Flow 19-4838] Using cached IP synthesis design for IP vitis_design_dummy_slave_2_0, cache-ID = f2f3a989c6c49dd6.
INFO: [Common 17-206] Exiting Vivado at Mon Jun  3 17:53:55 2024...
