remark: /wrk/ci/prod/2023.1/hls_product/continuous/1026/2023.1/src/shared/hls/clib/src/hls/utils/x_hls_utils.h:523:0: Inlining function 'fp_struct<double>::data() const (.3.24.34.43.54)' into 'fp_struct<double>::to_double() const (.21.31.40.51)'
remark: /wrk/ci/prod/2023.1/hls_product/continuous/1026/2023.1/src/shared/hls/clib/src/hls/utils/x_hls_utils.h:538:0: Inlining function 'fp_struct<double>::to_double() const (.21.31.40.51)' into 'fp_struct<double>::to_ieee() const (.18.28)'
remark: /wrk/ci/prod/2023.1/hls_product/continuous/1026/2023.1/src/shared/hls/clib/hlsmath/include/FloatingPoint/hls_copysign.h:10:0: Inlining function 'fp_struct<double>::fp_struct(double) (.6.9.25.64)' into 'double generic_copysign<double>(double, double)'
remark: /wrk/ci/prod/2023.1/hls_product/continuous/1026/2023.1/src/shared/hls/clib/hlsmath/include/FloatingPoint/hls_copysign.h:10:0: Inlining function 'fp_struct<double>::to_ieee() const (.18.28)' into 'double generic_copysign<double>(double, double)'
remark: /wrk/ci/prod/2023.1/hls_product/continuous/1026/2023.1/src/shared/hls/clib/hlsmath/include/FloatingPoint/hls_floor.h:14:0: Inlining function 'fp_struct<double>::fp_struct(double) (.6.9.25.64)' into 'double generic_floor<double>(double)'
remark: /wrk/ci/prod/2023.1/hls_product/continuous/1026/2023.1/src/shared/hls/clib/hlsmath/include/FloatingPoint/hls_floor.h:14:0: Inlining function 'fp_struct<double>::__signbit() const' into 'double generic_floor<double>(double)'
remark: /wrk/ci/prod/2023.1/hls_product/continuous/1026/2023.1/src/shared/hls/clib/hlsmath/include/FloatingPoint/hls_floor.h:14:0: Inlining function 'double generic_copysign<double>(double, double)' into 'double generic_floor<double>(double)'
remark: /wrk/ci/prod/2023.1/hls_product/continuous/1026/2023.1/src/shared/hls/clib/hlsmath/include/FloatingPoint/hls_floor.h:14:0: Inlining function 'fp_struct<double>::data() const (.3.24.34.43.54)' into 'double generic_floor<double>(double)'
remark: /wrk/ci/prod/2023.1/hls_product/continuous/1026/2023.1/src/shared/hls/clib/hlsmath/include/FloatingPoint/hls_floor.h:14:0: Inlining function 'fp_struct<double>::fp_struct(ap_uint<64>)' into 'double generic_floor<double>(double)'
remark: /wrk/ci/prod/2023.1/hls_product/continuous/1026/2023.1/src/shared/hls/clib/hlsmath/include/FloatingPoint/hls_floor.h:14:0: Inlining function 'fp_struct<double>::to_ieee() const (.18.28)' into 'double generic_floor<double>(double)'
remark: /wrk/ci/prod/2023.1/hls_product/continuous/1026/2023.1/src/shared/hls/clib/hlsmath/include/FloatingPoint/hls_case_IEEE754.h:12:0: Inlining function 'fp_struct<double>::fp_struct(double) (.6.9.25.64)' into 'int generic_cast_IEEE754<int, (ap_q_mode)6, double>(double, bool, hls::enable_if<std::numeric_limits<int>::is_signed, bool>::type)'
remark: /wrk/ci/prod/2023.1/hls_product/continuous/1026/2023.1/src/shared/hls/clib/hlsmath/include/FloatingPoint/hls_case_IEEE754.h:12:0: Inlining function 'fp_struct<double>::mantissa() const' into 'int generic_cast_IEEE754<int, (ap_q_mode)6, double>(double, bool, hls::enable_if<std::numeric_limits<int>::is_signed, bool>::type)'
remark: /wrk/ci/prod/2023.1/hls_product/continuous/1026/2023.1/src/shared/hls/clib/hlsmath/include/FloatingPoint/hls_case_IEEE754.h:12:0: Inlining function 'fp_struct<double>::expv() const' into 'int generic_cast_IEEE754<int, (ap_q_mode)6, double>(double, bool, hls::enable_if<std::numeric_limits<int>::is_signed, bool>::type)'
remark: /wrk/ci/prod/2023.1/hls_product/continuous/1026/2023.1/src/shared/hls/clib/hlsmath/include/FloatingPoint/hls_case_IEEE754.h:12:0: Inlining function 'fp_struct<double>::__signbit() const' into 'int generic_cast_IEEE754<int, (ap_q_mode)6, double>(double, bool, hls::enable_if<std::numeric_limits<int>::is_signed, bool>::type)'
remark: /wrk/ci/prod/2023.1/hls_product/continuous/1026/2023.1/src/shared/hls/clib/hlsmath/include/FloatingPoint/hls_case_IEEE754.h:116:0: Inlining function 'int generic_cast_IEEE754<int, (ap_q_mode)6, double>(double, bool, hls::enable_if<std::numeric_limits<int>::is_signed, bool>::type)' into 'int generic_cast_IEEE754<int, double>(double, bool)'
remark: /wrk/ci/prod/2023.1/hls_product/continuous/1026/2023.1/src/shared/hls/clib/hlsmath/src/lib_floatconversion.cpp:55:0: Inlining function 'int generic_cast_IEEE754<int, double>(double, bool)' into '__hls_fptosi_double_i32'
remark: /home/ubuntu/Desktop/dsp_recon/hls_component/fbi.cpp:24:0: Inlining function 'floor' into 'fbi'
remark: /home/ubuntu/Desktop/dsp_recon/hls_component/fbi.cpp:24:0: Inlining function 'map_neg_idx' into 'fbi'
remark: /home/ubuntu/Desktop/dsp_recon/hls_component/fbi.cpp:24:0: Aggregating maxi variable 'fft_im' with compact=none mode in 128-bits
remark: /home/ubuntu/Desktop/dsp_recon/hls_component/fbi.cpp:24:0: Aggregating maxi variable 'fft_data' with compact=none mode in 128-bits
remark: /home/ubuntu/Desktop/dsp_recon/hls_component/fbi.cpp:28:29: Sequential read of length 2 has been inferred _XLX_SEP_ usequ gmem fbi  _XLX_SEP_ loadreadentry.load.70loadreadentry.load.73
remark: /home/ubuntu/Desktop/dsp_recon/hls_component/fbi.cpp:29:29: Sequential read of length 2 has been inferred _XLX_SEP_ vseqv gmem fbi  _XLX_SEP_ loadreadentry.load.82loadreadentry.load.85
remark: <unknown>:0:0: Sequential read of length 2 has been inferred _XLX_SEP_ oseqo gmem fbi  _XLX_SEP_ loadreadentry.load.214loadreadentry.load.215
remark: /home/ubuntu/Desktop/dsp_recon/hls_component/fbi.cpp:50:72: Sequential read of length 2 has been inferred _XLX_SEP_ pos_txseqpos_tx gmem fbi  _XLX_SEP_ loadreadentry.load.240loadreadentry.load.243
remark: /tools/Xilinx/Vitis_HLS/2023.1/tps/lnx64/gcc-8.3.0/lib/gcc/x86_64-pc-linux-gnu/8.3.0/../../../../include/c++/8.3.0/complex:1326:22: Stride is incompatible _XLX_SEP_ loadreadfor.inc.load.7fft_im gmem VITIS_LOOP_71_5 /home/ubuntu/Desktop/dsp_recon/hls_component/fbi.cpp:71:42 fbi 
remark: /tools/Xilinx/Vitis_HLS/2023.1/tps/lnx64/gcc-8.3.0/lib/gcc/x86_64-pc-linux-gnu/8.3.0/../../../../include/c++/8.3.0/complex:1327:22: Stride is incompatible _XLX_SEP_ loadreadfor.inc.load.14fft_im gmem VITIS_LOOP_71_5 /home/ubuntu/Desktop/dsp_recon/hls_component/fbi.cpp:71:42 fbi 
#0 0x00000000018a128a llvm::sys::PrintStackTrace(llvm::raw_ostream&) (/tools/Xilinx/Vitis_HLS/2023.1/lnx64/tools/clang-3.9-csynth/bin/clang+0x18a128a)
#1 0x000000000189f0be llvm::sys::RunSignalHandlers() (/tools/Xilinx/Vitis_HLS/2023.1/lnx64/tools/clang-3.9-csynth/bin/clang+0x189f0be)
#2 0x000000000189f2f6 SignalHandler(int) (/tools/Xilinx/Vitis_HLS/2023.1/lnx64/tools/clang-3.9-csynth/bin/clang+0x189f2f6)
#3 0x00007f2110d1b420 __restore_rt (/lib/x86_64-linux-gnu/libpthread.so.0+0x14420)
#4 0x0000000000f981b1 llvm::GetUnderlyingObject(llvm::Value*, llvm::DataLayout const&, unsigned int) (/tools/Xilinx/Vitis_HLS/2023.1/lnx64/tools/clang-3.9-csynth/bin/clang+0xf981b1)
#5 0x0000000000f983d0 llvm::GetUnderlyingObjects(llvm::Value*, llvm::SmallVectorImpl<llvm::Value*>&, llvm::DataLayout const&, llvm::LoopInfo*, unsigned int) (/tools/Xilinx/Vitis_HLS/2023.1/lnx64/tools/clang-3.9-csynth/bin/clang+0xf983d0)
#6 0x0000000002b5f5dc reflow::GetUnderlyingObject(llvm::Value*, llvm::DataLayout const&, llvm::LoopInfo*) (/tools/Xilinx/Vitis_HLS/2023.1/lnx64/tools/clang-3.9-csynth/bin/clang+0x2b5f5dc)
#7 0x0000000002a367a5 llvm::OptimizationRemarkMissed& optBurstInfo<llvm::OptimizationRemarkMissed>(llvm::OptimizationRemarkMissed&, llvm::Value*, llvm::DataLayout const&, llvm::Loop const*, bool, bool) (/tools/Xilinx/Vitis_HLS/2023.1/lnx64/tools/clang-3.9-csynth/bin/clang+0x2a367a5)
#8 0x0000000002a6c4cb _ZN4llvm25OptimizationRemarkEmitter4emitIZNS_16ReflowDiagnostic22emitIncompatibleStrideEPNS_11InstructionEPKNS_4LoopEEUlvE_EEvT_PDTclfL0p_EE.isra.499 (/tools/Xilinx/Vitis_HLS/2023.1/lnx64/tools/clang-3.9-csynth/bin/clang+0x2a6c4cb)
#9 0x0000000002a6c693 llvm::ReflowDiagnostic::emitIncompatibleStride(llvm::Instruction*, llvm::Loop const*) (/tools/Xilinx/Vitis_HLS/2023.1/lnx64/tools/clang-3.9-csynth/bin/clang+0x2a6c693)
#10 0x0000000002739b4b (anonymous namespace)::SeqAccessesInference::runOnFunction(llvm::Function&) [clone .part.613] (/tools/Xilinx/Vitis_HLS/2023.1/lnx64/tools/clang-3.9-csynth/bin/clang+0x2739b4b)
#11 0x000000000273bc40 (anonymous namespace)::SeqAccessesInference::runOnFunction(llvm::Function&) (/tools/Xilinx/Vitis_HLS/2023.1/lnx64/tools/clang-3.9-csynth/bin/clang+0x273bc40)
#12 0x00000000013e3c52 llvm::FPPassManager::runOnFunction(llvm::Function&) (/tools/Xilinx/Vitis_HLS/2023.1/lnx64/tools/clang-3.9-csynth/bin/clang+0x13e3c52)
#13 0x00000000013e3ca1 llvm::FPPassManager::runOnModule(llvm::Module&) (/tools/Xilinx/Vitis_HLS/2023.1/lnx64/tools/clang-3.9-csynth/bin/clang+0x13e3ca1)
#14 0x00000000013e33c6 llvm::legacy::PassManagerImpl::run(llvm::Module&) (/tools/Xilinx/Vitis_HLS/2023.1/lnx64/tools/clang-3.9-csynth/bin/clang+0x13e33c6)
#15 0x0000000001a856ad (anonymous namespace)::EmitAssemblyHelper::EmitAssemblyWithReflow(clang::BackendAction, std::unique_ptr<llvm::raw_pwrite_stream, std::default_delete<llvm::raw_pwrite_stream> >) (/tools/Xilinx/Vitis_HLS/2023.1/lnx64/tools/clang-3.9-csynth/bin/clang+0x1a856ad)
#16 0x0000000001a873b1 clang::EmitBackendOutput(clang::DiagnosticsEngine&, clang::HeaderSearchOptions const&, clang::CodeGenOptions const&, clang::TargetOptions const&, clang::LangOptions const&, llvm::DataLayout const&, llvm::Module*, clang::BackendAction, std::unique_ptr<llvm::raw_pwrite_stream, std::default_delete<llvm::raw_pwrite_stream> >) (/tools/Xilinx/Vitis_HLS/2023.1/lnx64/tools/clang-3.9-csynth/bin/clang+0x1a873b1)
#17 0x0000000002325dd4 clang::CodeGenAction::ExecuteAction() (/tools/Xilinx/Vitis_HLS/2023.1/lnx64/tools/clang-3.9-csynth/bin/clang+0x2325dd4)
#18 0x0000000001e9e4c3 clang::FrontendAction::Execute() (/tools/Xilinx/Vitis_HLS/2023.1/lnx64/tools/clang-3.9-csynth/bin/clang+0x1e9e4c3)
#19 0x0000000001e65bb6 clang::CompilerInstance::ExecuteAction(clang::FrontendAction&) (/tools/Xilinx/Vitis_HLS/2023.1/lnx64/tools/clang-3.9-csynth/bin/clang+0x1e65bb6)
#20 0x0000000001f587b3 clang::ExecuteCompilerInvocation(clang::CompilerInstance*) (/tools/Xilinx/Vitis_HLS/2023.1/lnx64/tools/clang-3.9-csynth/bin/clang+0x1f587b3)
#21 0x0000000000979478 cc1_main(llvm::ArrayRef<char const*>, char const*, void*) (/tools/Xilinx/Vitis_HLS/2023.1/lnx64/tools/clang-3.9-csynth/bin/clang+0x979478)
#22 0x00000000008f5fa2 main (/tools/Xilinx/Vitis_HLS/2023.1/lnx64/tools/clang-3.9-csynth/bin/clang+0x8f5fa2)
#23 0x00007f211024d083 __libc_start_main (/lib/x86_64-linux-gnu/libc.so.6+0x24083)
#24 0x0000000000977115 _start (/tools/Xilinx/Vitis_HLS/2023.1/lnx64/tools/clang-3.9-csynth/bin/clang+0x977115)
Stack dump:
0.	Program arguments: /tools/Xilinx/Vitis_HLS/2023.1/lnx64/tools/clang-3.9-csynth/bin/clang -cc1 -triple fpga64-xilinx-none -emit-llvm-bc -emit-llvm-uselists -disable-free -disable-llvm-verifier -main-file-name a.g.ld.5.gdce.bc -mrelocation-model static -mthread-model posix -fhls -mhls-ir -disable-O0-optnone -hls-platform-name=versal_medium -hls-platform-db-name=/tools/Xilinx/Vitis_HLS/2023.1/common/technology/xilinx/common/platform.db -device-resource-info=BRAM_1934.000000_DSP_1968.000000_FF_1799680.000000_LUT_899840.000000_SLICE_112480.000000_URAM_463.000000 -device-name-info=xcvc1902-vsva2197-2MP-e-S -mdisable-fp-elim -fmath-errno -no-integrated-as -mconstructor-aliases -dwarf-column-info -debugger-tuning=gdb -diagnostic-log-file /home/ubuntu/Desktop/dsp_recon/hls_component/hls_component/hls/.autopilot/db/a.g.ld.0.bc.clang.reflow.diag.xml -coverage-notes-file /home/ubuntu/Desktop/dsp_recon/hls_component/hls_component/hls/.autopilot/db/a.g.lto.gcno -resource-dir /tools/Xilinx/Vitis_HLS/2023.1/lnx64/tools/clang-3.9-csynth/lib/clang/7.0.0 -fno-dwarf-directory-asm -fdebug-compilation-dir /home/ubuntu/Desktop/dsp_recon/hls_component -ferror-limit 19 -fmessage-length 0 -ftime-report -fobjc-runtime=gcc -fdiagnostics-show-option -opt-record-file /home/ubuntu/Desktop/dsp_recon/hls_component/hls_component/hls/.autopilot/db/a.g.ld.0.bc.clang.reflow.diag.yml -mllvm -pass-remarks-missed=reflow|pasta|unroll -mllvm -pass-remarks=reflow|pasta|unroll|inline -mllvm -hls-top-function-name=fbi -mllvm -hls-db-dir -mllvm /home/ubuntu/Desktop/dsp_recon/hls_component/hls_component/hls/.autopilot/db -mllvm -xcl-xmlinfo=/home/ubuntu/Desktop/dsp_recon/hls_component/hls_component/hls/.autopilot/db/../../../kernel.xml -mllvm -top-io-mapping-info=/home/ubuntu/Desktop/dsp_recon/hls_component/hls_component/hls/.autopilot/db/top-io-fe.xml -mllvm -hls-bitcode-version=3.1 -mllvm -reflow-enable-slave-interface-default-setting=true -mllvm -gen-kernel-xml=true -mllvm -default-maxi-offset=slave -mllvm -maxi-latency=64 -mllvm -hls-maxi-data-size-in-bits=8 -mllvm -hls-maxi-max-data-size-in-bits=1024 -mllvm -hls-max-widen-size-in-bits=512 -mllvm -xcl-kernel-max-mem-ports=0 -mllvm -maxi-read-trans=16 -mllvm -maxi-write-trans=16 -mllvm -maxi-read-burst-len=16 -mllvm -maxi-write-burst-len=16 -mllvm -reflow-enable-saxi-64bits=0 -mllvm -reflow-basic-block-instr-threshold=200000 -mllvm -reflow-auto-pipeline-threshold=64 -mllvm -reflow-enable-maxi-auto-id-channel=0 -mllvm -enable-fp-thr=0 -mllvm -reflow-bdd-simplify-threshold=1024 -mllvm -reflow-fanout-threshold=16 -mllvm -assume-maxi-align=64 -mllvm -reflow-pipeline-style-llvm-setting=2 -mllvm -reflow-enable-dataflow-strict-mode-checking=1 -mllvm -time-passes -mllvm -reflow-auto-array-partition-mode=default -mllvm -reflow-enable-auto-array-partition=true -mllvm -reflow-enable-auto-parallel-performance-driven=true -mllvm -reflow-enable-partition-for-automation=true -mllvm -reflow-aggregate-bitwidth-threshold=4096 -mllvm -reflow-reserved-saxilite-registers=1024 -mllvm -reflow-assume-no-address-wrap=true -mllvm -reflow-enable-occurrence-inference=true -mllvm -hls -mllvm -disable-inlined-alloca-merging=true -mllvm -enable-reflow-vitis-flow-setting=true -mllvm -default-clock-period=10 -o /home/ubuntu/Desktop/dsp_recon/hls_component/hls_component/hls/.autopilot/db/a.g.lto.bc -x ir /home/ubuntu/Desktop/dsp_recon/hls_component/hls_component/hls/.autopilot/db/a.g.ld.5.gdce.bc 
1.	Per-module optimization passes
2.	Running pass 'Function Pass Manager' on module '/home/ubuntu/Desktop/dsp_recon/hls_component/hls_component/hls/.autopilot/db/a.g.ld.5.gdce.bc'.
3.	Running pass 'SeqAccessesInference - Infer Sequential accesses for HLS C/C++' on function '@fbi'
clang: error: unable to execute command: Segmentation fault (core dumped)
clang: error: clang frontend command failed due to signal (use -v to see invocation)
clang version 7.0.0 
Target: fpga64-xilinx-none
Thread model: posix
InstalledDir: /tools/Xilinx/Vitis_HLS/2023.1/lnx64/tools/clang-3.9-csynth/bin
clang: note: diagnostic msg: PLEASE submit a bug report to http://llvm.org/bugs/ and include the crash backtrace, preprocessed source, and associated run script.
clang: note: diagnostic msg: Error generating preprocessed source(s) - no preprocessable inputs.
