INFO-FLOW: Workspace /home/ubuntu/Desktop/dsp_recon/hls_component/hls_component/hls opened at Fri Jun 21 12:34:14 CEST 2024
Execute     send_msg_by_id INFO @200-1505@%s%s default  vivado 
INFO: [HLS 200-1505] Using default flow_target 'vivado'
Execute   apply_ini /home/ubuntu/Desktop/dsp_recon/hls_component/hls_config.cfg 
INFO: [HLS 200-1510] Running: apply_ini /home/ubuntu/Desktop/dsp_recon/hls_component/hls_config.cfg 
Execute     send_msg_by_id INFO @200-1909@%s /home/ubuntu/Desktop/dsp_recon/hls_component/hls_config.cfg 
INFO: [HLS 200-1909] Reading HLS ini file /home/ubuntu/Desktop/dsp_recon/hls_component/hls_config.cfg
Execute     send_msg_by_id INFO @200-1465@%s 'syn.file=fbi.cpp' at /home/ubuntu/Desktop/dsp_recon/hls_component/hls_config.cfg(9) 
INFO: [HLS 200-1465] Applying ini 'syn.file=fbi.cpp' at /home/ubuntu/Desktop/dsp_recon/hls_component/hls_config.cfg(9)
Execute     add_files /home/ubuntu/Desktop/dsp_recon/hls_component/fbi.cpp 
INFO: [HLS 200-10] Adding design file '/home/ubuntu/Desktop/dsp_recon/hls_component/fbi.cpp' to the project
Execute     send_msg_by_id INFO @200-1465@%s 'syn.file=fbi.h' at /home/ubuntu/Desktop/dsp_recon/hls_component/hls_config.cfg(10) 
INFO: [HLS 200-1465] Applying ini 'syn.file=fbi.h' at /home/ubuntu/Desktop/dsp_recon/hls_component/hls_config.cfg(10)
Execute     add_files /home/ubuntu/Desktop/dsp_recon/hls_component/fbi.h 
INFO: [HLS 200-10] Adding design file '/home/ubuntu/Desktop/dsp_recon/hls_component/fbi.h' to the project
Execute     send_msg_by_id INFO @200-1465@%s 'syn.cflags=-L/cnpy/build/libcnpy.so -lcnpy -lz' at /home/ubuntu/Desktop/dsp_recon/hls_component/hls_config.cfg(12) 
INFO: [HLS 200-1465] Applying ini 'syn.cflags=-L/cnpy/build/libcnpy.so -lcnpy -lz' at /home/ubuntu/Desktop/dsp_recon/hls_component/hls_config.cfg(12)
Execute     add_files * -appendflags -cflags -L/cnpy/build/libcnpy.so -lcnpy -lz 
Execute     send_msg_by_id INFO @200-1465@%s 'syn.csimflags=-L/cnpy/build/libcnpy.so -lcnpy -lz' at /home/ubuntu/Desktop/dsp_recon/hls_component/hls_config.cfg(13) 
INFO: [HLS 200-1465] Applying ini 'syn.csimflags=-L/cnpy/build/libcnpy.so -lcnpy -lz' at /home/ubuntu/Desktop/dsp_recon/hls_component/hls_config.cfg(13)
Execute     add_files * -appendflags -csimflags -L/cnpy/build/libcnpy.so -lcnpy -lz 
Execute     send_msg_by_id INFO @200-1465@%s 'tb.file=fbi_test.cpp' at /home/ubuntu/Desktop/dsp_recon/hls_component/hls_config.cfg(8) 
INFO: [HLS 200-1465] Applying ini 'tb.file=fbi_test.cpp' at /home/ubuntu/Desktop/dsp_recon/hls_component/hls_config.cfg(8)
Execute     add_files -tb /home/ubuntu/Desktop/dsp_recon/hls_component/fbi_test.cpp 
INFO: [HLS 200-10] Adding test bench file '/home/ubuntu/Desktop/dsp_recon/hls_component/fbi_test.cpp' to the project
Execute     send_msg_by_id INFO @200-1465@%s 'tb.cflags=-L/cnpy/build/libcnpy.so -lcnpy -lz' at /home/ubuntu/Desktop/dsp_recon/hls_component/hls_config.cfg(11) 
INFO: [HLS 200-1465] Applying ini 'tb.cflags=-L/cnpy/build/libcnpy.so -lcnpy -lz' at /home/ubuntu/Desktop/dsp_recon/hls_component/hls_config.cfg(11)
Execute     add_files -tb * -appendflags -cflags -L/cnpy/build/libcnpy.so -lcnpy -lz 
Execute     send_msg_by_id INFO @200-1465@%s 'syn.top=fbi' at /home/ubuntu/Desktop/dsp_recon/hls_component/hls_config.cfg(7) 
INFO: [HLS 200-1465] Applying ini 'syn.top=fbi' at /home/ubuntu/Desktop/dsp_recon/hls_component/hls_config.cfg(7)
Execute     set_top fbi 
Execute     send_msg_by_id INFO @200-1465@%s 'flow_target=vitis' at /home/ubuntu/Desktop/dsp_recon/hls_component/hls_config.cfg(4) 
INFO: [HLS 200-1465] Applying ini 'flow_target=vitis' at /home/ubuntu/Desktop/dsp_recon/hls_component/hls_config.cfg(4)
Execute     send_msg_by_id INFO @200-1505@%s%s  vitis 
INFO: [HLS 200-1505] Using flow_target 'vitis'
Execute     send_msg_by_id INFO @200-435@%s%s 'open_solution -flow_target vitis' config_interface -m_axi_latency=64 
INFO: [HLS 200-435] Setting 'open_solution -flow_target vitis' configuration: config_interface -m_axi_latency=64
Execute     config_interface -m_axi_latency=64 
Execute     send_msg_by_id INFO @200-435@%s%s 'open_solution -flow_target vitis' config_interface -m_axi_alignment_byte_size=64 
INFO: [HLS 200-435] Setting 'open_solution -flow_target vitis' configuration: config_interface -m_axi_alignment_byte_size=64
Execute     config_interface -m_axi_alignment_byte_size=64 
Execute     send_msg_by_id INFO @200-435@%s%s 'open_solution -flow_target vitis' config_interface -m_axi_max_widen_bitwidth=512 
INFO: [HLS 200-435] Setting 'open_solution -flow_target vitis' configuration: config_interface -m_axi_max_widen_bitwidth=512
Execute     config_interface -m_axi_max_widen_bitwidth=512 
INFO-FLOW: Setting macro_cmd open_solution -flow_target vitis configuration: config_interface -default_interface=kernel
Execute     config_interface -default_interface=kernel 
Execute     send_msg_by_id INFO @200-435@%s%s 'open_solution -flow_target vitis' config_rtl -register_reset_num=3 
INFO: [HLS 200-435] Setting 'open_solution -flow_target vitis' configuration: config_rtl -register_reset_num=3
Execute     config_rtl -register_reset_num=3 
Execute     send_msg_by_id INFO @200-1465@%s 'clock=10' at /home/ubuntu/Desktop/dsp_recon/hls_component/hls_config.cfg(5) 
INFO: [HLS 200-1465] Applying ini 'clock=10' at /home/ubuntu/Desktop/dsp_recon/hls_component/hls_config.cfg(5)
Execute     create_clock -period 10 
Execute       ap_set_clock -name default -period 10 -default=false 
INFO: [SYN 201-201] Setting up clock 'default' with a period of 10ns.
Execute     send_msg_by_id INFO @200-1465@%s 'part=xcvc1902-vsva2197-2MP-e-S' at /home/ubuntu/Desktop/dsp_recon/hls_component/hls_config.cfg(1) 
INFO: [HLS 200-1465] Applying ini 'part=xcvc1902-vsva2197-2MP-e-S' at /home/ubuntu/Desktop/dsp_recon/hls_component/hls_config.cfg(1)
Execute     set_part xcvc1902-vsva2197-2MP-e-S 
Execute       create_platform xcvc1902-vsva2197-2MP-e-S -board  
DBG:HLSDevice: Trying to load device library: /tools/Xilinx/Vitis_HLS/2023.1/lib/lnx64.o/libxv_hlsvwrap.so
DBG:HLSDevice: first parts/arch.xml in RDI_DATADIR: /tools/Xilinx/Vivado/2023.1/data/parts/arch.xml
DBG:HLSDevice: init success
INFO: [HLS 200-1611] Setting target device to 'xcvc1902-vsva2197-2MP-e-S'
Command       create_platform done; 1.26 sec.
Execute       source /tools/Xilinx/Vitis_HLS/2023.1/common/technology/xilinx/common/xilinx.gen 
Execute         source /tools/Xilinx/Vitis_HLS/2023.1/common/technology/xilinx/interface/plb46.gen 
Execute         source /tools/Xilinx/Vitis_HLS/2023.1/common/technology/xilinx/interface/axi4.gen 
Execute         source /tools/Xilinx/Vitis_HLS/2023.1/common/technology/xilinx/interface/nativeAXI4.gen 
Execute           source /tools/Xilinx/Vitis_HLS/2023.1/common/technology/xilinx/interface/saxilite.gen 
Execute         source /tools/Xilinx/Vitis_HLS/2023.1/common/technology/xilinx/scripts/xilinxcoregen.gen 
Execute         source /tools/Xilinx/Vitis_HLS/2023.1/common/technology/xilinx/interface/XilEDKCoreGen.gen 
Execute         source /tools/Xilinx/Vitis_HLS/2023.1/common/technology/xilinx/ip/util.gen 
Execute         source /tools/Xilinx/Vitis_HLS/2023.1/common/technology/xilinx/ip/xfir.gen 
Execute         source /tools/Xilinx/Vitis_HLS/2023.1/common/technology/xilinx/ip/xfft.gen 
Execute         source /tools/Xilinx/Vitis_HLS/2023.1/common/technology/xilinx/ip/dds_compiler.gen 
Execute         source /tools/Xilinx/Vitis_HLS/2023.1/common/technology/xilinx/DSP48/dsp48.gen 
Execute       ap_part_info -name xcvc1902-vsva2197-2MP-e-S -data info 
Execute       config_compile -quiet -complex-mul-dsp=1 
Command     set_part done; 1.33 sec.
Execute     send_msg_by_id INFO @200-1465@%s 'csim.ldflags=-L/cnpy/build/libcnpy.so -lcnpy -lz' at /home/ubuntu/Desktop/dsp_recon/hls_component/hls_config.cfg(14) 
INFO: [HLS 200-1465] Applying ini 'csim.ldflags=-L/cnpy/build/libcnpy.so -lcnpy -lz' at /home/ubuntu/Desktop/dsp_recon/hls_component/hls_config.cfg(14)
Execute     config_csim -ldflags -L/cnpy/build/libcnpy.so -lcnpy -lz 
Execute     send_msg_by_id INFO @200-1465@%s 'syn.output.format=xo' at /home/ubuntu/Desktop/dsp_recon/hls_component/hls_config.cfg(6) 
INFO: [HLS 200-1465] Applying ini 'syn.output.format=xo' at /home/ubuntu/Desktop/dsp_recon/hls_component/hls_config.cfg(6)
Execute     config_export -format=xo 
Command   apply_ini done; 1.33 sec.
Execute   apply_ini /home/ubuntu/Desktop/dsp_recon/hls_component/hls_component/hls/config.cmdline 
INFO: [HLS 200-1510] Running: apply_ini /home/ubuntu/Desktop/dsp_recon/hls_component/hls_component/hls/config.cmdline 
Execute     send_msg_by_id INFO @200-1909@%s /home/ubuntu/Desktop/dsp_recon/hls_component/hls_component/hls/config.cmdline 
INFO: [HLS 200-1909] Reading HLS ini file /home/ubuntu/Desktop/dsp_recon/hls_component/hls_component/hls/config.cmdline
Execute     send_msg_by_id INFO @200-1465@%s 'ide.compjson=0' at /home/ubuntu/Desktop/dsp_recon/hls_component/hls_component/hls/config.cmdline(4) 
INFO: [HLS 200-1465] Applying ini 'ide.compjson=0' at /home/ubuntu/Desktop/dsp_recon/hls_component/hls_component/hls/config.cmdline(4)
Execute   csynth_design 
INFO: [HLS 200-1510] Running: csynth_design 
Execute     AP::get_export_output_file
INFO-FLOW: Running SLX 'csynth' proc: ::SLX::run_csynth
Execute     elaborate -effort=medium -skip_syncheck=0 -keep_printf=0 -skip_cdt=0 -skip_transform=0 -ng=0 -g=0 -opt_fp=0 -from_csynth_design=1 
INFO: [HLS 200-111] Finished File checks and directory preparation: CPU user time: 0.04 seconds. CPU system time: 0 seconds. Elapsed time: 0.03 seconds; current allocated memory: 1.080 GB.
Execute       set_directive_top fbi -name=fbi 
Execute       source /tools/Xilinx/Vitis_HLS/2023.1/tps/tcl/tcllib1.11.1/yaml/huddle.tcl 
Execute       source /tools/Xilinx/Vitis_HLS/2023.1/tps/tcl/tcllib1.11.1/yaml/json2huddle.tcl 
INFO: [HLS 200-10] Analyzing design file '/home/ubuntu/Desktop/dsp_recon/hls_component/fbi.cpp' ... 
INFO-FLOW: Compiling one TU...
INFO-FLOW: Handling /home/ubuntu/Desktop/dsp_recon/hls_component/fbi.cpp as C++
Execute       ap_part_info -name xcvc1902-vsva2197-2MP-e-S -data info 
INFO-FLOW: Running: GCC PP 39
INFO-FLOW: Source preprocessing
INFO-FLOW: run_clang exec: /tools/Xilinx/Vitis_HLS/2023.1/lnx64/tools/clang-3.9-csynth/bin/clang /home/ubuntu/Desktop/dsp_recon/hls_component/fbi.cpp -foptimization-record-file=/home/ubuntu/Desktop/dsp_recon/hls_component/hls_component/hls/.autopilot/db/fbi.cpp.clang.diag.yml -mllvm -pass-remarks-missed=reflow|pasta|unroll -mllvm -pass-remarks=reflow|pasta|unroll|inline -fno-limit-debug-info -gcc-toolchain /tools/Xilinx/Vitis_HLS/2023.1/tps/lnx64/gcc-8.3.0 -fhls -fno-exceptions -insert-hls-directive=/home/ubuntu/Desktop/dsp_recon/hls_component/hls_component/hls/.autopilot/db/all.directive.json -E -L/cnpy/build/libcnpy.so -lcnpy -lz -fno-math-errno -c -emit-llvm -mllvm -disable-llvm-optzns -Werror=implicit-function-declaration -Werror=implicit-hls-streams -Werror=return-type -Wpragmas -Wunused-parameter -Wdump-hls-pragmas -Wno-error=dump-hls-pragmas -fno-threadsafe-statics -fno-use-cxa-atexit -std=gnu++14 -target fpga64-xilinx-linux-gnu -fno-threadsafe-statics -fno-use-cxa-atexit -D__VITIS_HLS__ -DAESL_SYN -D__SYNTHESIS__ -D__HLS_SYN__ -I /tools/Xilinx/Vitis_HLS/2023.1/common/technology/autopilot -I /tools/Xilinx/Vitis_HLS/2023.1/common/technology/autopilot/ap_sysc -include etc/autopilot_ssdm_op.h -D__DSP58_PRIMARY__ -I /usr/include/x86_64-linux-gnu -o /home/ubuntu/Desktop/dsp_recon/hls_component/hls_component/hls/.autopilot/db/fbi.pp.0.cpp -hls-platform-db-name=/tools/Xilinx/Vitis_HLS/2023.1/common/technology/xilinx/common/platform.db -hls-platform-name=versal_medium -device-resource-info=BRAM_1934.000000_DSP_1968.000000_FF_1799680.000000_LUT_899840.000000_SLICE_112480.000000_URAM_463.000000 -device-name-info=xcvc1902-vsva2197-2MP-e-S > /home/ubuntu/Desktop/dsp_recon/hls_component/hls_component/hls/.autopilot/db/fbi.cpp.clang.out.log 2> /home/ubuntu/Desktop/dsp_recon/hls_component/hls_component/hls/.autopilot/db/fbi.cpp.clang.err.log
INFO-FLOW: Done: GCC PP 39 time: 0.1 seconds per iteration
INFO-FLOW: Source syntax check for synthesis
INFO-FLOW: run_clang exec: /tools/Xilinx/Vitis_HLS/2023.1/lnx64/tools/clang-3.9-csynth/bin/clang -foptimization-record-file=/home/ubuntu/Desktop/dsp_recon/hls_component/hls_component/hls/.autopilot/db/clang.diag.yml -mllvm -pass-remarks-missed=reflow|pasta|unroll -mllvm -pass-remarks=reflow|pasta|unroll|inline -fsyntax-only -fhls -target fpga64-xilinx-linux-gnu /home/ubuntu/Desktop/dsp_recon/hls_component/hls_component/hls/.autopilot/db/fbi.pp.0.cpp -hls-platform-db-name=/tools/Xilinx/Vitis_HLS/2023.1/common/technology/xilinx/common/platform.db -hls-platform-name=versal_medium -device-resource-info=BRAM_1934.000000_DSP_1968.000000_FF_1799680.000000_LUT_899840.000000_SLICE_112480.000000_URAM_463.000000 -device-name-info=xcvc1902-vsva2197-2MP-e-S > /home/ubuntu/Desktop/dsp_recon/hls_component/hls_component/hls/.autopilot/db/clang.out.log 2> /home/ubuntu/Desktop/dsp_recon/hls_component/hls_component/hls/.autopilot/db/clang.err.log
Execute       clang_tidy xilinx-systemc-detector -desc systemc-detector /home/ubuntu/Desktop/dsp_recon/hls_component/hls_component/hls/.autopilot/db/fbi.pp.0.cpp std=gnu++14 -target fpga  -directive=/home/ubuntu/Desktop/dsp_recon/hls_component/hls_component/hls/.autopilot/db/.systemc_flag 
INFO-FLOW: exec /tools/Xilinx/Vitis_HLS/2023.1/lnx64/tools/clang-3.9-csynth/bin/clang-tidy -header-filter=.* --checks=-*,xilinx-systemc-detector -import-directive=/home/ubuntu/Desktop/dsp_recon/hls_component/hls_component/hls/.autopilot/db/.systemc_flag -fix-errors /home/ubuntu/Desktop/dsp_recon/hls_component/hls_component/hls/.autopilot/db/fbi.pp.0.cpp -- -std=gnu++14 -target fpga -fhls -ferror-limit=0
INFO-FLOW: Running: clang-tidy CDT preprocess 39
Execute       clang_tidy xilinx-directive2pragma -desc directive2pragma /home/ubuntu/Desktop/dsp_recon/hls_component/hls_component/hls/.autopilot/db/fbi.pp.0.cpp std=gnu++14 -target fpga  -directive=/home/ubuntu/Desktop/dsp_recon/hls_component/hls_component/hls/.autopilot/db/all.directive.json 
INFO-FLOW: exec /tools/Xilinx/Vitis_HLS/2023.1/lnx64/tools/clang-3.9-csynth/bin/clang-tidy -header-filter=.* --checks=-*,xilinx-directive2pragma -import-directive=/home/ubuntu/Desktop/dsp_recon/hls_component/hls_component/hls/.autopilot/db/all.directive.json -fix-errors /home/ubuntu/Desktop/dsp_recon/hls_component/hls_component/hls/.autopilot/db/fbi.pp.0.cpp -- -std=gnu++14 -target fpga -fhls -ferror-limit=0
Command       clang_tidy done; 0.19 sec.
INFO-FLOW: Done: clang-tidy CDT preprocess 39 time: 0.2 seconds per iteration
INFO-FLOW: Calling xilinx-label-all-loops ... 
INFO-FLOW: Calling xilinx-aggregate-on-hls-vector ... 
Execute       clang_tidy -errorcheck -desc loop-label xilinx-label-all-loops,xilinx-aggregate-on-hls-vector,,xilinx-warn-mayneed-no-ctor-attribute /home/ubuntu/Desktop/dsp_recon/hls_component/hls_component/hls/.autopilot/db/fbi.pp.0.cpp std=gnu++14 -target fpga  
INFO-FLOW: run_clang exec: /tools/Xilinx/Vitis_HLS/2023.1/lnx64/tools/clang-3.9-csynth/bin/clang-tidy -export-fixes=/home/ubuntu/Desktop/dsp_recon/hls_component/hls_component/hls/.autopilot/db/fbi.pp.0.cpp.clang-tidy.loop-label.diag.yml -header-filter=.* --checks=-*,xilinx-label-all-loops,xilinx-aggregate-on-hls-vector,,xilinx-warn-mayneed-no-ctor-attribute -fix-errors /home/ubuntu/Desktop/dsp_recon/hls_component/hls_component/hls/.autopilot/db/fbi.pp.0.cpp -- -std=gnu++14 -target fpga -fhls -ferror-limit=0 > /home/ubuntu/Desktop/dsp_recon/hls_component/hls_component/hls/.autopilot/db/fbi.pp.0.cpp.clang-tidy.loop-label.out.log 2> /home/ubuntu/Desktop/dsp_recon/hls_component/hls_component/hls/.autopilot/db/fbi.pp.0.cpp.clang-tidy.loop-label.err.log
Execute         source /tools/Xilinx/Vitis_HLS/2023.1/tps/tcl/tcllib1.11.1/yaml/yaml.tcl 
Command       clang_tidy done; 0.23 sec.
INFO-FLOW: run_clang exec: /tools/Xilinx/Vitis_HLS/2023.1/lnx64/tools/clang-3.9-csynth/bin/xilinx-dataflow-lawyer -export-fixes=/home/ubuntu/Desktop/dsp_recon/hls_component/hls_component/hls/.autopilot/db/fbi.pp.0.cpp.xilinx-dataflow-lawyer.diag.yml /home/ubuntu/Desktop/dsp_recon/hls_component/hls_component/hls/.autopilot/db/fbi.pp.0.cpp -- -std=gnu++14 -target fpga -fhls -ferror-limit=0 -fstrict-dataflow > /home/ubuntu/Desktop/dsp_recon/hls_component/hls_component/hls/.autopilot/db/fbi.pp.0.cpp.xilinx-dataflow-lawyer.out.log 2> /home/ubuntu/Desktop/dsp_recon/hls_component/hls_component/hls/.autopilot/db/fbi.pp.0.cpp.xilinx-dataflow-lawyer.err.log
Execute       ap_part_info -name xcvc1902-vsva2197-2MP-e-S -data info 
INFO-FLOW: compiling source code to llvm bc
INFO-FLOW: run_clang exec: /tools/Xilinx/Vitis_HLS/2023.1/lnx64/tools/clang-3.9-csynth/bin/clang -foptimization-record-file=/home/ubuntu/Desktop/dsp_recon/hls_component/hls_component/hls/.autopilot/db/fbi.pp.0.cpp.clang.diag.yml -mllvm -pass-remarks-missed=reflow|pasta|unroll -mllvm -pass-remarks=reflow|pasta|unroll|inline -fno-limit-debug-info -fhls -flto -fno-exceptions -Wno-error=c++11-narrowing /home/ubuntu/Desktop/dsp_recon/hls_component/hls_component/hls/.autopilot/db/fbi.pp.0.cpp -L/cnpy/build/libcnpy.so -lcnpy -lz -fno-math-errno -c -emit-llvm -mllvm -disable-llvm-optzns -Werror=implicit-function-declaration -Werror=implicit-hls-streams -Werror=return-type -Wpragmas -Wunused-parameter -Wdump-hls-pragmas -Wno-error=dump-hls-pragmas -fno-threadsafe-statics -fno-use-cxa-atexit -std=gnu++14 -target fpga64-xilinx-linux-gnu -D__VITIS_HLS__ -DAESL_SYN -D__SYNTHESIS__ -D__HLS_SYN__ -I /tools/Xilinx/Vitis_HLS/2023.1/common/technology/autopilot -I /tools/Xilinx/Vitis_HLS/2023.1/common/technology/autopilot/ap_sysc -include etc/autopilot_ssdm_op.h -D__DSP58_PRIMARY__ -g -o /home/ubuntu/Desktop/dsp_recon/hls_component/hls_component/hls/.autopilot/db/fbi.bc -hls-platform-db-name=/tools/Xilinx/Vitis_HLS/2023.1/common/technology/xilinx/common/platform.db -hls-platform-name=versal_medium -device-resource-info=BRAM_1934.000000_DSP_1968.000000_FF_1799680.000000_LUT_899840.000000_SLICE_112480.000000_URAM_463.000000 -device-name-info=xcvc1902-vsva2197-2MP-e-S > /home/ubuntu/Desktop/dsp_recon/hls_component/hls_component/hls/.autopilot/db/fbi.pp.0.cpp.clang.out.log 2> /home/ubuntu/Desktop/dsp_recon/hls_component/hls_component/hls/.autopilot/db/fbi.pp.0.cpp.clang.err.log
INFO: [HLS 200-111] Finished Source Code Analysis and Preprocessing: CPU user time: 0.76 seconds. CPU system time: 0.3 seconds. Elapsed time: 1.07 seconds; current allocated memory: 1.082 GB.
INFO-FLOW: Linking Debug ...
INFO-FLOW: Linking dut bc code.
Execute       run_link_or_opt -out /home/ubuntu/Desktop/dsp_recon/hls_component/hls_component/hls/.autopilot/db/a.g.ld.0.bc -args  "/home/ubuntu/Desktop/dsp_recon/hls_component/hls_component/hls/.autopilot/db/fbi.g.bc"  
INFO-FLOW: run_clang exec: /tools/Xilinx/Vitis_HLS/2023.1/lnx64/tools/clang-3.9-csynth/bin/llvm-link /home/ubuntu/Desktop/dsp_recon/hls_component/hls_component/hls/.autopilot/db/fbi.g.bc -o /home/ubuntu/Desktop/dsp_recon/hls_component/hls_component/hls/.autopilot/db/a.g.ld.0.bc > /home/ubuntu/Desktop/dsp_recon/hls_component/hls_component/hls/.autopilot/db/a.g.ld.0.bc.llvm-link.out.log 2> /home/ubuntu/Desktop/dsp_recon/hls_component/hls_component/hls/.autopilot/db/a.g.ld.0.bc.llvm-link.err.log
INFO-FLOW: 
Execute       run_link_or_opt -opt -out /home/ubuntu/Desktop/dsp_recon/hls_component/hls_component/hls/.autopilot/db/a.g.ld.1.lower.bc -args /home/ubuntu/Desktop/dsp_recon/hls_component/hls_component/hls/.autopilot/db/a.g.ld.0.bc -reflow-lower-math-intrinsics 
INFO-FLOW: run_clang exec: /tools/Xilinx/Vitis_HLS/2023.1/lnx64/tools/clang-3.9-csynth/bin/opt -pass-remarks-missed=reflow|pasta|unroll -pass-remarks=reflow|pasta|unroll|inline -pass-remarks-output=/home/ubuntu/Desktop/dsp_recon/hls_component/hls_component/hls/.autopilot/db/a.g.ld.1.lower.bc.opt.diag.yml /home/ubuntu/Desktop/dsp_recon/hls_component/hls_component/hls/.autopilot/db/a.g.ld.0.bc -reflow-lower-math-intrinsics -o /home/ubuntu/Desktop/dsp_recon/hls_component/hls_component/hls/.autopilot/db/a.g.ld.1.lower.bc > /home/ubuntu/Desktop/dsp_recon/hls_component/hls_component/hls/.autopilot/db/a.g.ld.1.lower.bc.opt.out.log 2> /home/ubuntu/Desktop/dsp_recon/hls_component/hls_component/hls/.autopilot/db/a.g.ld.1.lower.bc.opt.err.log
INFO-FLOW: 
INFO-FLOW: Running: gen_design_size_report post-opt
INFO-FLOW: Done: gen_design_size_report post-opt time: 0 seconds per iteration
INFO-FLOW: Linking math bc lib
Execute       run_link_or_opt -out /home/ubuntu/Desktop/dsp_recon/hls_component/hls_component/hls/.autopilot/db/a.g.ld.2.m1.bc -args /home/ubuntu/Desktop/dsp_recon/hls_component/hls_component/hls/.autopilot/db/a.g.ld.1.lower.bc -only-needed /tools/Xilinx/Vitis_HLS/2023.1/lnx64/lib/libhlsm_39.bc /tools/Xilinx/Vitis_HLS/2023.1/lnx64/lib/libhlsmc++_39.bc 
INFO-FLOW: run_clang exec: /tools/Xilinx/Vitis_HLS/2023.1/lnx64/tools/clang-3.9-csynth/bin/llvm-link /home/ubuntu/Desktop/dsp_recon/hls_component/hls_component/hls/.autopilot/db/a.g.ld.1.lower.bc -only-needed /tools/Xilinx/Vitis_HLS/2023.1/lnx64/lib/libhlsm_39.bc /tools/Xilinx/Vitis_HLS/2023.1/lnx64/lib/libhlsmc++_39.bc -o /home/ubuntu/Desktop/dsp_recon/hls_component/hls_component/hls/.autopilot/db/a.g.ld.2.m1.bc > /home/ubuntu/Desktop/dsp_recon/hls_component/hls_component/hls/.autopilot/db/a.g.ld.2.m1.bc.llvm-link.out.log 2> /home/ubuntu/Desktop/dsp_recon/hls_component/hls_component/hls/.autopilot/db/a.g.ld.2.m1.bc.llvm-link.err.log
INFO-FLOW: 
Command       run_link_or_opt done; 0.84 sec.
Execute       run_link_or_opt -opt -out /home/ubuntu/Desktop/dsp_recon/hls_component/hls_component/hls/.autopilot/db/a.g.ld.3.fpc.bc -args /home/ubuntu/Desktop/dsp_recon/hls_component/hls_component/hls/.autopilot/db/a.g.ld.2.m1.bc -reflow-globaldce -hls-top-function-name=fbi -reflow-float-conversion 
INFO-FLOW: run_clang exec: /tools/Xilinx/Vitis_HLS/2023.1/lnx64/tools/clang-3.9-csynth/bin/opt -pass-remarks-missed=reflow|pasta|unroll -pass-remarks=reflow|pasta|unroll|inline -pass-remarks-output=/home/ubuntu/Desktop/dsp_recon/hls_component/hls_component/hls/.autopilot/db/a.g.ld.3.fpc.bc.opt.diag.yml /home/ubuntu/Desktop/dsp_recon/hls_component/hls_component/hls/.autopilot/db/a.g.ld.2.m1.bc -reflow-globaldce -hls-top-function-name=fbi -reflow-float-conversion -o /home/ubuntu/Desktop/dsp_recon/hls_component/hls_component/hls/.autopilot/db/a.g.ld.3.fpc.bc > /home/ubuntu/Desktop/dsp_recon/hls_component/hls_component/hls/.autopilot/db/a.g.ld.3.fpc.bc.opt.out.log 2> /home/ubuntu/Desktop/dsp_recon/hls_component/hls_component/hls/.autopilot/db/a.g.ld.3.fpc.bc.opt.err.log
INFO-FLOW: 
INFO-FLOW: Running: gen_design_size_report post-opt
INFO-FLOW: Done: gen_design_size_report post-opt time: 0 seconds per iteration
Command       run_link_or_opt done; 0.36 sec.
Execute       run_link_or_opt -out /home/ubuntu/Desktop/dsp_recon/hls_component/hls_component/hls/.autopilot/db/a.g.ld.4.m2.bc -args /home/ubuntu/Desktop/dsp_recon/hls_component/hls_component/hls/.autopilot/db/a.g.ld.3.fpc.bc -only-needed /tools/Xilinx/Vitis_HLS/2023.1/lnx64/lib/libfloatconversion_39.bc 
INFO-FLOW: run_clang exec: /tools/Xilinx/Vitis_HLS/2023.1/lnx64/tools/clang-3.9-csynth/bin/llvm-link /home/ubuntu/Desktop/dsp_recon/hls_component/hls_component/hls/.autopilot/db/a.g.ld.3.fpc.bc -only-needed /tools/Xilinx/Vitis_HLS/2023.1/lnx64/lib/libfloatconversion_39.bc -o /home/ubuntu/Desktop/dsp_recon/hls_component/hls_component/hls/.autopilot/db/a.g.ld.4.m2.bc > /home/ubuntu/Desktop/dsp_recon/hls_component/hls_component/hls/.autopilot/db/a.g.ld.4.m2.bc.llvm-link.out.log 2> /home/ubuntu/Desktop/dsp_recon/hls_component/hls_component/hls/.autopilot/db/a.g.ld.4.m2.bc.llvm-link.err.log
INFO-FLOW: 
Execute       run_link_or_opt -opt -out /home/ubuntu/Desktop/dsp_recon/hls_component/hls_component/hls/.autopilot/db/a.g.ld.5.gdce.bc -args /home/ubuntu/Desktop/dsp_recon/hls_component/hls_component/hls/.autopilot/db/a.g.ld.4.m2.bc -reflow-globaldce -hls-top-function-name=fbi 
INFO-FLOW: run_clang exec: /tools/Xilinx/Vitis_HLS/2023.1/lnx64/tools/clang-3.9-csynth/bin/opt -pass-remarks-missed=reflow|pasta|unroll -pass-remarks=reflow|pasta|unroll|inline -pass-remarks-output=/home/ubuntu/Desktop/dsp_recon/hls_component/hls_component/hls/.autopilot/db/a.g.ld.5.gdce.bc.opt.diag.yml /home/ubuntu/Desktop/dsp_recon/hls_component/hls_component/hls/.autopilot/db/a.g.ld.4.m2.bc -reflow-globaldce -hls-top-function-name=fbi -o /home/ubuntu/Desktop/dsp_recon/hls_component/hls_component/hls/.autopilot/db/a.g.ld.5.gdce.bc > /home/ubuntu/Desktop/dsp_recon/hls_component/hls_component/hls/.autopilot/db/a.g.ld.5.gdce.bc.opt.out.log 2> /home/ubuntu/Desktop/dsp_recon/hls_component/hls_component/hls/.autopilot/db/a.g.ld.5.gdce.bc.opt.err.log
INFO-FLOW: 
INFO-FLOW: Running: gen_design_size_report post-opt
INFO-FLOW: Done: gen_design_size_report post-opt time: 0 seconds per iteration
Execute       send_msg_by_id INFO @200-777@%s Vitis 
INFO: [HLS 200-777] Using interface defaults for 'Vitis' flow target.
Execute       is_m_axi_addr64 
INFO-FLOW: Doing LTO.
INFO-FLOW: run_clang (background poll_ms 5000) exec: /tools/Xilinx/Vitis_HLS/2023.1/lnx64/tools/clang-3.9-csynth/bin/clang -foptimization-record-file=/home/ubuntu/Desktop/dsp_recon/hls_component/hls_component/hls/.autopilot/db/a.g.ld.0.bc.clang.reflow.diag.yml -mllvm -pass-remarks-missed=reflow|pasta|unroll -mllvm -pass-remarks=reflow|pasta|unroll|inline -fhls -mllvm -hls-top-function-name=fbi -mllvm -hls-db-dir -mllvm /home/ubuntu/Desktop/dsp_recon/hls_component/hls_component/hls/.autopilot/db -emit-llvm -c -target fpga64-xilinx-none -mllvm -xcl-xmlinfo=/home/ubuntu/Desktop/dsp_recon/hls_component/hls_component/hls/.autopilot/db/../../../kernel.xml -mllvm -top-io-mapping-info=/home/ubuntu/Desktop/dsp_recon/hls_component/hls_component/hls/.autopilot/db/top-io-fe.xml -mllvm -hls-bitcode-version=3.1 -mllvm -reflow-enable-slave-interface-default-setting=true -mllvm -gen-kernel-xml=true -mllvm -default-maxi-offset=slave -mllvm -maxi-latency=64 -mllvm -hls-maxi-data-size-in-bits=8 -mllvm -hls-maxi-max-data-size-in-bits=1024 -mllvm -hls-max-widen-size-in-bits=512 -mllvm -xcl-kernel-max-mem-ports=0 -mllvm -maxi-read-trans=16 -mllvm -maxi-write-trans=16 -mllvm -maxi-read-burst-len=16 -mllvm -maxi-write-burst-len=16 -mllvm -reflow-enable-saxi-64bits=0 -mllvm -reflow-basic-block-instr-threshold=200000 -mllvm -reflow-auto-pipeline-threshold=64 -mllvm -reflow-enable-maxi-auto-id-channel=0 -mllvm -enable-fp-thr=0 -mllvm -reflow-bdd-simplify-threshold=1024 -mllvm -reflow-fanout-threshold=16 -mllvm -assume-maxi-align=64 -mllvm -reflow-pipeline-style-llvm-setting=2 -mllvm -reflow-enable-dataflow-strict-mode-checking=1 -ftime-report -mllvm -time-passes -mllvm -reflow-auto-array-partition-mode=default -mllvm -reflow-enable-auto-array-partition=true -mllvm -reflow-enable-auto-parallel-performance-driven=true -mllvm -reflow-enable-partition-for-automation=true -mllvm -reflow-aggregate-bitwidth-threshold=4096 -mllvm -reflow-reserved-saxilite-registers=1024 -mllvm -reflow-assume-no-address-wrap=true -mllvm -reflow-enable-occurrence-inference=true -mllvm -hls -mllvm -disable-inlined-alloca-merging=true -mllvm -enable-reflow-vitis-flow-setting=true -mllvm -default-clock-period=10 -x ir /home/ubuntu/Desktop/dsp_recon/hls_component/hls_component/hls/.autopilot/db/a.g.ld.5.gdce.bc -o /home/ubuntu/Desktop/dsp_recon/hls_component/hls_component/hls/.autopilot/db/a.g.lto.bc -hls-platform-db-name=/tools/Xilinx/Vitis_HLS/2023.1/common/technology/xilinx/common/platform.db -hls-platform-name=versal_medium -device-resource-info=BRAM_1934.000000_DSP_1968.000000_FF_1799680.000000_LUT_899840.000000_SLICE_112480.000000_URAM_463.000000 -device-name-info=xcvc1902-vsva2197-2MP-e-S 2> /home/ubuntu/Desktop/dsp_recon/hls_component/hls_component/hls/.autopilot/db/a.g.ld.0.bc.clang.reflow.err.log
Execute       send_msg_by_id INFO @200-1995@%s%s%s 27,459 Compile/Link /home/ubuntu/Desktop/dsp_recon/hls_component/hls_component/hls/syn/report/csynth_design_size.rpt 
INFO: [HLS 200-1995] There were 27,459 instructions in the design after the 'Compile/Link' phase of compilation. See the Design Size Report for more details: /home/ubuntu/Desktop/dsp_recon/hls_component/hls_component/hls/syn/report/csynth_design_size.rpt
Execute       send_msg_by_id INFO @200-1995@%s%s%s 2,820 Unroll/Inline /home/ubuntu/Desktop/dsp_recon/hls_component/hls_component/hls/syn/report/csynth_design_size.rpt 
INFO: [HLS 200-1995] There were 2,820 instructions in the design after the 'Unroll/Inline' phase of compilation. See the Design Size Report for more details: /home/ubuntu/Desktop/dsp_recon/hls_component/hls_component/hls/syn/report/csynth_design_size.rpt
Execute       send_msg_by_id ERROR @200-1715@ 
ERROR: [HLS 200-1715] Encountered problem during source synthesis
INFO-FLOW: Error in clang_39: 
INFO-FLOW: Caught error in elaborate: Pre-synthesis failed.
    while executing
"AP::ap_link_39 [::AP::get_bc_list  $dbgInfo] $skip_transform $LLVMFlags $dbgInfo"
    (procedure "AP::compile_dut_files_39" line 58)
    invoked from within
"AP::compile_dut_files_39 $dut_files $dbgInfo $skip_cdt $skip_transform"
    (procedure "AP::compile" line 103)
    invoked from within
"AP::compile 1 $skip_cdt $skip_transform"
    (procedure "ap_internal_elaborate" line 83)
    invoked from within
"ap_internal_elaborate "
Command     elaborate done; error code: 2; 7.46 sec.
INFO-FLOW: Caught error in csynth_design: Pre-synthesis failed.
    while executing
"ap_internal_csynth_design "
Command   csynth_design done; error code: 2; 7.5 sec.
INFO: [HLS 200-111] Finished Command csynth_design CPU user time: 2.41 seconds. CPU system time: 0.64 seconds. Elapsed time: 7.5 seconds; current allocated memory: 3.152 MB.
Execute   cleanup_all 
