

================================================================
== Vitis HLS Report for 'mac'
================================================================
* Date:           Mon May 13 10:26:22 2024

* Version:        2023.1 (Build 3854077 on May  4 2023)
* Project:        hls_component
* Solution:       hls (Vivado IP Flow Target)
* Product family: versalaicore
* Target device:  xcvc1902-vsva2197-2MP-e-S


================================================================
== Performance Estimates
================================================================
+ Timing: 
    * Summary: 
    +--------+----------+----------+------------+
    |  Clock |  Target  | Estimated| Uncertainty|
    +--------+----------+----------+------------+
    |ap_clk  |  10.00 ns|  7.300 ns|     2.70 ns|
    +--------+----------+----------+------------+

+ Latency: 
    * Summary: 
    +---------+---------+----------+----------+-----+-----+---------+
    |  Latency (cycles) |  Latency (absolute) |  Interval | Pipeline|
    |   min   |   max   |    min   |    max   | min | max |   Type  |
    +---------+---------+----------+----------+-----+-----+---------+
    |        ?|        ?|         ?|         ?|    ?|    ?|       no|
    +---------+---------+----------+----------+-----+-----+---------+

    + Detail: 
        * Instance: 
        N/A

        * Loop: 
        +-------------------+---------+---------+----------+-----------+-----------+------+----------+
        |                   |  Latency (cycles) | Iteration|  Initiation Interval  | Trip |          |
        |     Loop Name     |   min   |   max   |  Latency |  achieved |   target  | Count| Pipelined|
        +-------------------+---------+---------+----------+-----------+-----------+------+----------+
        |- VITIS_LOOP_11_1  |        ?|        ?|        19|          3|          1|     ?|       yes|
        +-------------------+---------+---------+----------+-----------+-----------+------+----------+

============================================================
+ Verbose Summary: Synthesis Manager
============================================================
InlineROM: 1
ExposeGlobal: 0
============================================================
+ Verbose Summary: CDFG Model
============================================================
IsTopModel: 1
ResetActiveHigh: 1
IsCombinational: 0
IsDatapathOnly: 0
HasWiredReturn: 1
HasMFsm: 2
HasVarLatency: 1
IsPipeline: 0
IsRtlPipelined: 0
IsInstanceOverlapped: 0
IsDontTouch: 0
HasImplIP: 0
IsGatedGlobalClock: 0

+ Individual pipeline summary: 
  * Pipeline-0: initiation interval (II) = 3, depth = 19


============================================================
+ Verbose Summary: Schedule
============================================================
* Number of FSM states : 21
* Pipeline : 1
  Pipeline-0 : II = 3, D = 19, States = { 2 3 4 5 6 7 8 9 10 11 12 13 14 15 16 17 18 19 20 }
* Dataflow Pipeline: 0

* FSM state transitions: 
1 --> 2 
2 --> 21 3 
3 --> 4 
4 --> 5 
5 --> 6 
6 --> 7 
7 --> 8 
8 --> 9 
9 --> 10 
10 --> 11 
11 --> 12 
12 --> 13 
13 --> 14 
14 --> 15 
15 --> 16 
16 --> 17 
17 --> 18 
18 --> 19 
19 --> 20 
20 --> 2 
21 --> 

* FSM state operations: 

State 1 <SV = 0> <Delay = 1.00>
ST_1 : Operation 22 [1/1] (0.00ns)   --->   "%i = alloca i32 1"   --->   Operation 22 'alloca' 'i' <Predicate = true> <Delay = 0.00>
ST_1 : Operation 23 [1/1] (0.00ns)   --->   "%spectopmodule_ln5 = spectopmodule void @_ssdm_op_SpecTopModule, void @empty_10" [/home/franz/workspace/hls_component/add.cpp:5]   --->   Operation 23 'spectopmodule' 'spectopmodule_ln5' <Predicate = true> <Delay = 0.00>
ST_1 : Operation 24 [1/1] (0.00ns)   --->   "%specinterface_ln0 = specinterface void @_ssdm_op_SpecInterface, i32 %gmem, void @empty, i32 0, i32 0, void @empty_0, i32 0, i32 10, void @empty_1, void @empty_2, void @empty_0, i32 16, i32 16, i32 16, i32 16, void @empty_0, void @empty_0, i32 4294967295, i32 0"   --->   Operation 24 'specinterface' 'specinterface_ln0' <Predicate = true> <Delay = 0.00>
ST_1 : Operation 25 [1/1] (0.00ns)   --->   "%specbitsmap_ln0 = specbitsmap void @_ssdm_op_SpecBitsMap, i32 %gmem"   --->   Operation 25 'specbitsmap' 'specbitsmap_ln0' <Predicate = true> <Delay = 0.00>
ST_1 : Operation 26 [1/1] (0.00ns)   --->   "%specinterface_ln0 = specinterface void @_ssdm_op_SpecInterface, i64 %a, void @empty_3, i32 0, i32 0, void @empty_0, i32 0, i32 0, void @empty_4, void @empty_5, void @empty_0, i32 0, i32 0, i32 0, i32 0, void @empty_0, void @empty_6, i32 4294967295, i32 0"   --->   Operation 26 'specinterface' 'specinterface_ln0' <Predicate = true> <Delay = 0.00>
ST_1 : Operation 27 [1/1] (0.00ns)   --->   "%specinterface_ln0 = specinterface void @_ssdm_op_SpecInterface, i64 %a, void @empty_7, i32 0, i32 0, void @empty_0, i32 0, i32 0, void @empty_0, void @empty_0, void @empty_0, i32 0, i32 0, i32 0, i32 0, void @empty_0, void @empty_6, i32 4294967295, i32 0"   --->   Operation 27 'specinterface' 'specinterface_ln0' <Predicate = true> <Delay = 0.00>
ST_1 : Operation 28 [1/1] (0.00ns)   --->   "%specinterface_ln0 = specinterface void @_ssdm_op_SpecInterface, i64 %b, void @empty_3, i32 0, i32 0, void @empty_0, i32 0, i32 0, void @empty_4, void @empty_8, void @empty_0, i32 0, i32 0, i32 0, i32 0, void @empty_0, void @empty_6, i32 4294967295, i32 0"   --->   Operation 28 'specinterface' 'specinterface_ln0' <Predicate = true> <Delay = 0.00>
ST_1 : Operation 29 [1/1] (0.00ns)   --->   "%specinterface_ln0 = specinterface void @_ssdm_op_SpecInterface, i64 %b, void @empty_7, i32 0, i32 0, void @empty_0, i32 0, i32 0, void @empty_0, void @empty_0, void @empty_0, i32 0, i32 0, i32 0, i32 0, void @empty_0, void @empty_6, i32 4294967295, i32 0"   --->   Operation 29 'specinterface' 'specinterface_ln0' <Predicate = true> <Delay = 0.00>
ST_1 : Operation 30 [1/1] (0.00ns)   --->   "%specinterface_ln0 = specinterface void @_ssdm_op_SpecInterface, i64 %c, void @empty_3, i32 0, i32 0, void @empty_0, i32 0, i32 0, void @empty_4, void @empty_9, void @empty_0, i32 0, i32 0, i32 0, i32 0, void @empty_0, void @empty_6, i32 4294967295, i32 0"   --->   Operation 30 'specinterface' 'specinterface_ln0' <Predicate = true> <Delay = 0.00>
ST_1 : Operation 31 [1/1] (0.00ns)   --->   "%specinterface_ln0 = specinterface void @_ssdm_op_SpecInterface, i64 %c, void @empty_7, i32 0, i32 0, void @empty_0, i32 0, i32 0, void @empty_0, void @empty_0, void @empty_0, i32 0, i32 0, i32 0, i32 0, void @empty_0, void @empty_6, i32 4294967295, i32 0"   --->   Operation 31 'specinterface' 'specinterface_ln0' <Predicate = true> <Delay = 0.00>
ST_1 : Operation 32 [1/1] (0.00ns)   --->   "%specbitsmap_ln0 = specbitsmap void @_ssdm_op_SpecBitsMap, i32 %size"   --->   Operation 32 'specbitsmap' 'specbitsmap_ln0' <Predicate = true> <Delay = 0.00>
ST_1 : Operation 33 [1/1] (0.00ns)   --->   "%specinterface_ln0 = specinterface void @_ssdm_op_SpecInterface, i32 %size, void @empty_7, i32 0, i32 0, void @empty_0, i32 0, i32 0, void @empty_0, void @empty_0, void @empty_0, i32 0, i32 0, i32 0, i32 0, void @empty_0, void @empty_0, i32 4294967295, i32 0"   --->   Operation 33 'specinterface' 'specinterface_ln0' <Predicate = true> <Delay = 0.00>
ST_1 : Operation 34 [1/1] (0.00ns)   --->   "%size_read = read i32 @_ssdm_op_Read.ap_auto.i32, i32 %size" [/home/franz/workspace/hls_component/add.cpp:5]   --->   Operation 34 'read' 'size_read' <Predicate = true> <Delay = 0.00>
ST_1 : Operation 35 [1/1] (1.00ns)   --->   "%c_read = read i64 @_ssdm_op_Read.s_axilite.i64, i64 %c" [/home/franz/workspace/hls_component/add.cpp:5]   --->   Operation 35 'read' 'c_read' <Predicate = true> <Delay = 1.00> <CoreInst = "s_axilite">   --->   Core 126 's_axilite' <Latency = 0> <II = 1> <Delay = 1.00> <Adapter> <Opcode : 'read' 'write'>
ST_1 : Operation 36 [1/1] (1.00ns)   --->   "%b_read = read i64 @_ssdm_op_Read.s_axilite.i64, i64 %b" [/home/franz/workspace/hls_component/add.cpp:5]   --->   Operation 36 'read' 'b_read' <Predicate = true> <Delay = 1.00> <CoreInst = "s_axilite">   --->   Core 126 's_axilite' <Latency = 0> <II = 1> <Delay = 1.00> <Adapter> <Opcode : 'read' 'write'>
ST_1 : Operation 37 [1/1] (1.00ns)   --->   "%a_read = read i64 @_ssdm_op_Read.s_axilite.i64, i64 %a" [/home/franz/workspace/hls_component/add.cpp:5]   --->   Operation 37 'read' 'a_read' <Predicate = true> <Delay = 1.00> <CoreInst = "s_axilite">   --->   Core 126 's_axilite' <Latency = 0> <II = 1> <Delay = 1.00> <Adapter> <Opcode : 'read' 'write'>
ST_1 : Operation 38 [1/1] (0.00ns)   --->   "%trunc_ln = partselect i62 @_ssdm_op_PartSelect.i62.i64.i32.i32, i64 %a_read, i32 2, i32 63" [/home/franz/workspace/hls_component/add.cpp:11]   --->   Operation 38 'partselect' 'trunc_ln' <Predicate = true> <Delay = 0.00>
ST_1 : Operation 39 [1/1] (0.00ns)   --->   "%sext_ln11 = sext i62 %trunc_ln" [/home/franz/workspace/hls_component/add.cpp:11]   --->   Operation 39 'sext' 'sext_ln11' <Predicate = true> <Delay = 0.00>
ST_1 : Operation 40 [1/1] (0.00ns)   --->   "%trunc_ln11_1 = partselect i62 @_ssdm_op_PartSelect.i62.i64.i32.i32, i64 %b_read, i32 2, i32 63" [/home/franz/workspace/hls_component/add.cpp:11]   --->   Operation 40 'partselect' 'trunc_ln11_1' <Predicate = true> <Delay = 0.00>
ST_1 : Operation 41 [1/1] (0.00ns)   --->   "%sext_ln11_1 = sext i62 %trunc_ln11_1" [/home/franz/workspace/hls_component/add.cpp:11]   --->   Operation 41 'sext' 'sext_ln11_1' <Predicate = true> <Delay = 0.00>
ST_1 : Operation 42 [1/1] (0.46ns)   --->   "%store_ln11 = store i31 0, i31 %i" [/home/franz/workspace/hls_component/add.cpp:11]   --->   Operation 42 'store' 'store_ln11' <Predicate = true> <Delay = 0.46>
ST_1 : Operation 43 [1/1] (0.00ns)   --->   "%br_ln11 = br void %for.inc" [/home/franz/workspace/hls_component/add.cpp:11]   --->   Operation 43 'br' 'br_ln11' <Predicate = true> <Delay = 0.00>

State 2 <SV = 1> <Delay = 1.35>
ST_2 : Operation 44 [1/1] (0.00ns)   --->   "%i_1 = load i31 %i" [/home/franz/workspace/hls_component/add.cpp:11]   --->   Operation 44 'load' 'i_1' <Predicate = true> <Delay = 0.00>
ST_2 : Operation 45 [1/1] (0.89ns)   --->   "%add_ln11 = add i31 %i_1, i31 1" [/home/franz/workspace/hls_component/add.cpp:11]   --->   Operation 45 'add' 'add_ln11' <Predicate = true> <Delay = 0.89> <CoreInst = "Adder">   --->   Core 1 'Adder' <Latency = 0> <II = 1> <Delay = 0.89> <FuncUnit> <Opcode : 'add' 'sub'> <InPorts = 2> <OutPorts = 1>
ST_2 : Operation 46 [1/1] (0.00ns)   --->   "%i_cast = zext i31 %i_1" [/home/franz/workspace/hls_component/add.cpp:11]   --->   Operation 46 'zext' 'i_cast' <Predicate = true> <Delay = 0.00>
ST_2 : Operation 47 [1/1] (0.00ns)   --->   "%specpipeline_ln0 = specpipeline void @_ssdm_op_SpecPipeline, i32 4294967295, i32 0, i32 1, i32 0, void @p_str"   --->   Operation 47 'specpipeline' 'specpipeline_ln0' <Predicate = true> <Delay = 0.00>
ST_2 : Operation 48 [1/1] (0.89ns)   --->   "%icmp_ln11 = icmp_slt  i32 %i_cast, i32 %size_read" [/home/franz/workspace/hls_component/add.cpp:11]   --->   Operation 48 'icmp' 'icmp_ln11' <Predicate = true> <Delay = 0.89> <CoreInst = "Cmp">   --->   Core 9 'Cmp' <Latency = 0> <II = 1> <Delay = 0.89> <FuncUnit> <Opcode : 'icmp'> <InPorts = 2> <OutPorts = 1>
ST_2 : Operation 49 [1/1] (0.00ns)   --->   "%br_ln11 = br i1 %icmp_ln11, void %for.end.loopexit, void %for.inc.split" [/home/franz/workspace/hls_component/add.cpp:11]   --->   Operation 49 'br' 'br_ln11' <Predicate = true> <Delay = 0.00>
ST_2 : Operation 50 [1/1] (0.00ns)   --->   "%i_cast1 = zext i31 %i_1" [/home/franz/workspace/hls_component/add.cpp:11]   --->   Operation 50 'zext' 'i_cast1' <Predicate = (icmp_ln11)> <Delay = 0.00>
ST_2 : Operation 51 [1/1] (1.04ns)   --->   "%add_ln12 = add i63 %i_cast1, i63 %sext_ln11" [/home/franz/workspace/hls_component/add.cpp:12]   --->   Operation 51 'add' 'add_ln12' <Predicate = (icmp_ln11)> <Delay = 1.04> <CoreInst = "Adder">   --->   Core 1 'Adder' <Latency = 0> <II = 1> <Delay = 1.04> <FuncUnit> <Opcode : 'add' 'sub'> <InPorts = 2> <OutPorts = 1>
ST_2 : Operation 52 [1/1] (0.00ns)   --->   "%sext_ln12_1 = sext i63 %add_ln12" [/home/franz/workspace/hls_component/add.cpp:12]   --->   Operation 52 'sext' 'sext_ln12_1' <Predicate = (icmp_ln11)> <Delay = 0.00>
ST_2 : Operation 53 [1/1] (0.00ns)   --->   "%gmem_addr = getelementptr i32 %gmem, i64 %sext_ln12_1" [/home/franz/workspace/hls_component/add.cpp:12]   --->   Operation 53 'getelementptr' 'gmem_addr' <Predicate = (icmp_ln11)> <Delay = 0.00>
ST_2 : Operation 54 [1/1] (1.04ns)   --->   "%add_ln12_1 = add i63 %i_cast1, i63 %sext_ln11_1" [/home/franz/workspace/hls_component/add.cpp:12]   --->   Operation 54 'add' 'add_ln12_1' <Predicate = (icmp_ln11)> <Delay = 1.04> <CoreInst = "Adder">   --->   Core 1 'Adder' <Latency = 0> <II = 1> <Delay = 1.04> <FuncUnit> <Opcode : 'add' 'sub'> <InPorts = 2> <OutPorts = 1>
ST_2 : Operation 55 [1/1] (0.00ns)   --->   "%sext_ln12_2 = sext i63 %add_ln12_1" [/home/franz/workspace/hls_component/add.cpp:12]   --->   Operation 55 'sext' 'sext_ln12_2' <Predicate = (icmp_ln11)> <Delay = 0.00>
ST_2 : Operation 56 [1/1] (0.00ns)   --->   "%gmem_addr_1 = getelementptr i32 %gmem, i64 %sext_ln12_2" [/home/franz/workspace/hls_component/add.cpp:12]   --->   Operation 56 'getelementptr' 'gmem_addr_1' <Predicate = (icmp_ln11)> <Delay = 0.00>
ST_2 : Operation 57 [1/1] (0.00ns)   --->   "%shl_ln = bitconcatenate i33 @_ssdm_op_BitConcatenate.i33.i31.i2, i31 %i_1, i2 0" [/home/franz/workspace/hls_component/add.cpp:12]   --->   Operation 57 'bitconcatenate' 'shl_ln' <Predicate = (icmp_ln11)> <Delay = 0.00>
ST_2 : Operation 58 [1/1] (0.00ns)   --->   "%zext_ln12 = zext i33 %shl_ln" [/home/franz/workspace/hls_component/add.cpp:12]   --->   Operation 58 'zext' 'zext_ln12' <Predicate = (icmp_ln11)> <Delay = 0.00>
ST_2 : Operation 59 [1/1] (1.05ns)   --->   "%add_ln12_2 = add i64 %zext_ln12, i64 %c_read" [/home/franz/workspace/hls_component/add.cpp:12]   --->   Operation 59 'add' 'add_ln12_2' <Predicate = (icmp_ln11)> <Delay = 1.05> <CoreInst = "Adder">   --->   Core 1 'Adder' <Latency = 0> <II = 1> <Delay = 1.05> <FuncUnit> <Opcode : 'add' 'sub'> <InPorts = 2> <OutPorts = 1>
ST_2 : Operation 60 [1/1] (0.00ns)   --->   "%trunc_ln1 = partselect i62 @_ssdm_op_PartSelect.i62.i64.i32.i32, i64 %add_ln12_2, i32 2, i32 63" [/home/franz/workspace/hls_component/add.cpp:12]   --->   Operation 60 'partselect' 'trunc_ln1' <Predicate = (icmp_ln11)> <Delay = 0.00>
ST_2 : Operation 61 [1/1] (0.00ns)   --->   "%sext_ln12 = sext i62 %trunc_ln1" [/home/franz/workspace/hls_component/add.cpp:12]   --->   Operation 61 'sext' 'sext_ln12' <Predicate = (icmp_ln11)> <Delay = 0.00>
ST_2 : Operation 62 [1/1] (0.00ns)   --->   "%gmem_addr_2 = getelementptr i32 %gmem, i64 %sext_ln12" [/home/franz/workspace/hls_component/add.cpp:12]   --->   Operation 62 'getelementptr' 'gmem_addr_2' <Predicate = (icmp_ln11)> <Delay = 0.00>
ST_2 : Operation 63 [1/1] (0.46ns)   --->   "%store_ln11 = store i31 %add_ln11, i31 %i" [/home/franz/workspace/hls_component/add.cpp:11]   --->   Operation 63 'store' 'store_ln11' <Predicate = (icmp_ln11)> <Delay = 0.46>

State 3 <SV = 2> <Delay = 7.30>
ST_3 : Operation 64 [8/8] (7.30ns)   --->   "%gmem_load_req = readreq i1 @_ssdm_op_ReadReq.m_axi.i32P1A, i32 %gmem_addr, i32 1" [/home/franz/workspace/hls_component/add.cpp:12]   --->   Operation 64 'readreq' 'gmem_load_req' <Predicate = (icmp_ln11)> <Delay = 7.30> <CoreInst = "m_axi">   --->   Core 125 'm_axi' <Latency = 0> <II = 1> <Delay = 1.00> <Adapter> <Opcode : 'read' 'write' 'readreq' 'writereq' 'writeresp'>

State 4 <SV = 3> <Delay = 7.30>
ST_4 : Operation 65 [7/8] (7.30ns)   --->   "%gmem_load_req = readreq i1 @_ssdm_op_ReadReq.m_axi.i32P1A, i32 %gmem_addr, i32 1" [/home/franz/workspace/hls_component/add.cpp:12]   --->   Operation 65 'readreq' 'gmem_load_req' <Predicate = (icmp_ln11)> <Delay = 7.30> <CoreInst = "m_axi">   --->   Core 125 'm_axi' <Latency = 0> <II = 1> <Delay = 1.00> <Adapter> <Opcode : 'read' 'write' 'readreq' 'writereq' 'writeresp'>
ST_4 : Operation 66 [8/8] (7.30ns)   --->   "%gmem_load_1_req = readreq i1 @_ssdm_op_ReadReq.m_axi.i32P1A, i32 %gmem_addr_1, i32 1" [/home/franz/workspace/hls_component/add.cpp:12]   --->   Operation 66 'readreq' 'gmem_load_1_req' <Predicate = (icmp_ln11)> <Delay = 7.30> <CoreInst = "m_axi">   --->   Core 125 'm_axi' <Latency = 0> <II = 1> <Delay = 1.00> <Adapter> <Opcode : 'read' 'write' 'readreq' 'writereq' 'writeresp'>

State 5 <SV = 4> <Delay = 7.30>
ST_5 : Operation 67 [6/8] (7.30ns)   --->   "%gmem_load_req = readreq i1 @_ssdm_op_ReadReq.m_axi.i32P1A, i32 %gmem_addr, i32 1" [/home/franz/workspace/hls_component/add.cpp:12]   --->   Operation 67 'readreq' 'gmem_load_req' <Predicate = true> <Delay = 7.30> <CoreInst = "m_axi">   --->   Core 125 'm_axi' <Latency = 0> <II = 1> <Delay = 1.00> <Adapter> <Opcode : 'read' 'write' 'readreq' 'writereq' 'writeresp'>
ST_5 : Operation 68 [7/8] (7.30ns)   --->   "%gmem_load_1_req = readreq i1 @_ssdm_op_ReadReq.m_axi.i32P1A, i32 %gmem_addr_1, i32 1" [/home/franz/workspace/hls_component/add.cpp:12]   --->   Operation 68 'readreq' 'gmem_load_1_req' <Predicate = true> <Delay = 7.30> <CoreInst = "m_axi">   --->   Core 125 'm_axi' <Latency = 0> <II = 1> <Delay = 1.00> <Adapter> <Opcode : 'read' 'write' 'readreq' 'writereq' 'writeresp'>
ST_5 : Operation 69 [8/8] (7.30ns)   --->   "%gmem_load_2_req = readreq i1 @_ssdm_op_ReadReq.m_axi.i32P1A, i32 %gmem_addr_2, i32 1" [/home/franz/workspace/hls_component/add.cpp:12]   --->   Operation 69 'readreq' 'gmem_load_2_req' <Predicate = true> <Delay = 7.30> <CoreInst = "m_axi">   --->   Core 125 'm_axi' <Latency = 0> <II = 1> <Delay = 1.00> <Adapter> <Opcode : 'read' 'write' 'readreq' 'writereq' 'writeresp'>

State 6 <SV = 5> <Delay = 7.30>
ST_6 : Operation 70 [5/8] (7.30ns)   --->   "%gmem_load_req = readreq i1 @_ssdm_op_ReadReq.m_axi.i32P1A, i32 %gmem_addr, i32 1" [/home/franz/workspace/hls_component/add.cpp:12]   --->   Operation 70 'readreq' 'gmem_load_req' <Predicate = true> <Delay = 7.30> <CoreInst = "m_axi">   --->   Core 125 'm_axi' <Latency = 0> <II = 1> <Delay = 1.00> <Adapter> <Opcode : 'read' 'write' 'readreq' 'writereq' 'writeresp'>
ST_6 : Operation 71 [6/8] (7.30ns)   --->   "%gmem_load_1_req = readreq i1 @_ssdm_op_ReadReq.m_axi.i32P1A, i32 %gmem_addr_1, i32 1" [/home/franz/workspace/hls_component/add.cpp:12]   --->   Operation 71 'readreq' 'gmem_load_1_req' <Predicate = true> <Delay = 7.30> <CoreInst = "m_axi">   --->   Core 125 'm_axi' <Latency = 0> <II = 1> <Delay = 1.00> <Adapter> <Opcode : 'read' 'write' 'readreq' 'writereq' 'writeresp'>
ST_6 : Operation 72 [7/8] (7.30ns)   --->   "%gmem_load_2_req = readreq i1 @_ssdm_op_ReadReq.m_axi.i32P1A, i32 %gmem_addr_2, i32 1" [/home/franz/workspace/hls_component/add.cpp:12]   --->   Operation 72 'readreq' 'gmem_load_2_req' <Predicate = true> <Delay = 7.30> <CoreInst = "m_axi">   --->   Core 125 'm_axi' <Latency = 0> <II = 1> <Delay = 1.00> <Adapter> <Opcode : 'read' 'write' 'readreq' 'writereq' 'writeresp'>

State 7 <SV = 6> <Delay = 7.30>
ST_7 : Operation 73 [4/8] (7.30ns)   --->   "%gmem_load_req = readreq i1 @_ssdm_op_ReadReq.m_axi.i32P1A, i32 %gmem_addr, i32 1" [/home/franz/workspace/hls_component/add.cpp:12]   --->   Operation 73 'readreq' 'gmem_load_req' <Predicate = true> <Delay = 7.30> <CoreInst = "m_axi">   --->   Core 125 'm_axi' <Latency = 0> <II = 1> <Delay = 1.00> <Adapter> <Opcode : 'read' 'write' 'readreq' 'writereq' 'writeresp'>
ST_7 : Operation 74 [5/8] (7.30ns)   --->   "%gmem_load_1_req = readreq i1 @_ssdm_op_ReadReq.m_axi.i32P1A, i32 %gmem_addr_1, i32 1" [/home/franz/workspace/hls_component/add.cpp:12]   --->   Operation 74 'readreq' 'gmem_load_1_req' <Predicate = true> <Delay = 7.30> <CoreInst = "m_axi">   --->   Core 125 'm_axi' <Latency = 0> <II = 1> <Delay = 1.00> <Adapter> <Opcode : 'read' 'write' 'readreq' 'writereq' 'writeresp'>
ST_7 : Operation 75 [6/8] (7.30ns)   --->   "%gmem_load_2_req = readreq i1 @_ssdm_op_ReadReq.m_axi.i32P1A, i32 %gmem_addr_2, i32 1" [/home/franz/workspace/hls_component/add.cpp:12]   --->   Operation 75 'readreq' 'gmem_load_2_req' <Predicate = true> <Delay = 7.30> <CoreInst = "m_axi">   --->   Core 125 'm_axi' <Latency = 0> <II = 1> <Delay = 1.00> <Adapter> <Opcode : 'read' 'write' 'readreq' 'writereq' 'writeresp'>

State 8 <SV = 7> <Delay = 7.30>
ST_8 : Operation 76 [3/8] (7.30ns)   --->   "%gmem_load_req = readreq i1 @_ssdm_op_ReadReq.m_axi.i32P1A, i32 %gmem_addr, i32 1" [/home/franz/workspace/hls_component/add.cpp:12]   --->   Operation 76 'readreq' 'gmem_load_req' <Predicate = true> <Delay = 7.30> <CoreInst = "m_axi">   --->   Core 125 'm_axi' <Latency = 0> <II = 1> <Delay = 1.00> <Adapter> <Opcode : 'read' 'write' 'readreq' 'writereq' 'writeresp'>
ST_8 : Operation 77 [4/8] (7.30ns)   --->   "%gmem_load_1_req = readreq i1 @_ssdm_op_ReadReq.m_axi.i32P1A, i32 %gmem_addr_1, i32 1" [/home/franz/workspace/hls_component/add.cpp:12]   --->   Operation 77 'readreq' 'gmem_load_1_req' <Predicate = true> <Delay = 7.30> <CoreInst = "m_axi">   --->   Core 125 'm_axi' <Latency = 0> <II = 1> <Delay = 1.00> <Adapter> <Opcode : 'read' 'write' 'readreq' 'writereq' 'writeresp'>
ST_8 : Operation 78 [5/8] (7.30ns)   --->   "%gmem_load_2_req = readreq i1 @_ssdm_op_ReadReq.m_axi.i32P1A, i32 %gmem_addr_2, i32 1" [/home/franz/workspace/hls_component/add.cpp:12]   --->   Operation 78 'readreq' 'gmem_load_2_req' <Predicate = true> <Delay = 7.30> <CoreInst = "m_axi">   --->   Core 125 'm_axi' <Latency = 0> <II = 1> <Delay = 1.00> <Adapter> <Opcode : 'read' 'write' 'readreq' 'writereq' 'writeresp'>

State 9 <SV = 8> <Delay = 7.30>
ST_9 : Operation 79 [2/8] (7.30ns)   --->   "%gmem_load_req = readreq i1 @_ssdm_op_ReadReq.m_axi.i32P1A, i32 %gmem_addr, i32 1" [/home/franz/workspace/hls_component/add.cpp:12]   --->   Operation 79 'readreq' 'gmem_load_req' <Predicate = true> <Delay = 7.30> <CoreInst = "m_axi">   --->   Core 125 'm_axi' <Latency = 0> <II = 1> <Delay = 1.00> <Adapter> <Opcode : 'read' 'write' 'readreq' 'writereq' 'writeresp'>
ST_9 : Operation 80 [3/8] (7.30ns)   --->   "%gmem_load_1_req = readreq i1 @_ssdm_op_ReadReq.m_axi.i32P1A, i32 %gmem_addr_1, i32 1" [/home/franz/workspace/hls_component/add.cpp:12]   --->   Operation 80 'readreq' 'gmem_load_1_req' <Predicate = true> <Delay = 7.30> <CoreInst = "m_axi">   --->   Core 125 'm_axi' <Latency = 0> <II = 1> <Delay = 1.00> <Adapter> <Opcode : 'read' 'write' 'readreq' 'writereq' 'writeresp'>
ST_9 : Operation 81 [4/8] (7.30ns)   --->   "%gmem_load_2_req = readreq i1 @_ssdm_op_ReadReq.m_axi.i32P1A, i32 %gmem_addr_2, i32 1" [/home/franz/workspace/hls_component/add.cpp:12]   --->   Operation 81 'readreq' 'gmem_load_2_req' <Predicate = true> <Delay = 7.30> <CoreInst = "m_axi">   --->   Core 125 'm_axi' <Latency = 0> <II = 1> <Delay = 1.00> <Adapter> <Opcode : 'read' 'write' 'readreq' 'writereq' 'writeresp'>

State 10 <SV = 9> <Delay = 7.30>
ST_10 : Operation 82 [1/8] (7.30ns)   --->   "%gmem_load_req = readreq i1 @_ssdm_op_ReadReq.m_axi.i32P1A, i32 %gmem_addr, i32 1" [/home/franz/workspace/hls_component/add.cpp:12]   --->   Operation 82 'readreq' 'gmem_load_req' <Predicate = true> <Delay = 7.30> <CoreInst = "m_axi">   --->   Core 125 'm_axi' <Latency = 0> <II = 1> <Delay = 1.00> <Adapter> <Opcode : 'read' 'write' 'readreq' 'writereq' 'writeresp'>
ST_10 : Operation 83 [2/8] (7.30ns)   --->   "%gmem_load_1_req = readreq i1 @_ssdm_op_ReadReq.m_axi.i32P1A, i32 %gmem_addr_1, i32 1" [/home/franz/workspace/hls_component/add.cpp:12]   --->   Operation 83 'readreq' 'gmem_load_1_req' <Predicate = true> <Delay = 7.30> <CoreInst = "m_axi">   --->   Core 125 'm_axi' <Latency = 0> <II = 1> <Delay = 1.00> <Adapter> <Opcode : 'read' 'write' 'readreq' 'writereq' 'writeresp'>
ST_10 : Operation 84 [3/8] (7.30ns)   --->   "%gmem_load_2_req = readreq i1 @_ssdm_op_ReadReq.m_axi.i32P1A, i32 %gmem_addr_2, i32 1" [/home/franz/workspace/hls_component/add.cpp:12]   --->   Operation 84 'readreq' 'gmem_load_2_req' <Predicate = true> <Delay = 7.30> <CoreInst = "m_axi">   --->   Core 125 'm_axi' <Latency = 0> <II = 1> <Delay = 1.00> <Adapter> <Opcode : 'read' 'write' 'readreq' 'writereq' 'writeresp'>

State 11 <SV = 10> <Delay = 7.30>
ST_11 : Operation 85 [1/1] (7.30ns)   --->   "%gmem_addr_read = read i32 @_ssdm_op_Read.m_axi.i32P1A, i32 %gmem_addr" [/home/franz/workspace/hls_component/add.cpp:12]   --->   Operation 85 'read' 'gmem_addr_read' <Predicate = true> <Delay = 7.30> <CoreInst = "m_axi">   --->   Core 125 'm_axi' <Latency = 0> <II = 1> <Delay = 1.00> <Adapter> <Opcode : 'read' 'write' 'readreq' 'writereq' 'writeresp'>
ST_11 : Operation 86 [1/8] (7.30ns)   --->   "%gmem_load_1_req = readreq i1 @_ssdm_op_ReadReq.m_axi.i32P1A, i32 %gmem_addr_1, i32 1" [/home/franz/workspace/hls_component/add.cpp:12]   --->   Operation 86 'readreq' 'gmem_load_1_req' <Predicate = true> <Delay = 7.30> <CoreInst = "m_axi">   --->   Core 125 'm_axi' <Latency = 0> <II = 1> <Delay = 1.00> <Adapter> <Opcode : 'read' 'write' 'readreq' 'writereq' 'writeresp'>
ST_11 : Operation 87 [2/8] (7.30ns)   --->   "%gmem_load_2_req = readreq i1 @_ssdm_op_ReadReq.m_axi.i32P1A, i32 %gmem_addr_2, i32 1" [/home/franz/workspace/hls_component/add.cpp:12]   --->   Operation 87 'readreq' 'gmem_load_2_req' <Predicate = true> <Delay = 7.30> <CoreInst = "m_axi">   --->   Core 125 'm_axi' <Latency = 0> <II = 1> <Delay = 1.00> <Adapter> <Opcode : 'read' 'write' 'readreq' 'writereq' 'writeresp'>

State 12 <SV = 11> <Delay = 7.30>
ST_12 : Operation 88 [1/1] (7.30ns)   --->   "%gmem_addr_1_read = read i32 @_ssdm_op_Read.m_axi.i32P1A, i32 %gmem_addr_1" [/home/franz/workspace/hls_component/add.cpp:12]   --->   Operation 88 'read' 'gmem_addr_1_read' <Predicate = true> <Delay = 7.30> <CoreInst = "m_axi">   --->   Core 125 'm_axi' <Latency = 0> <II = 1> <Delay = 1.00> <Adapter> <Opcode : 'read' 'write' 'readreq' 'writereq' 'writeresp'>
ST_12 : Operation 89 [1/8] (7.30ns)   --->   "%gmem_load_2_req = readreq i1 @_ssdm_op_ReadReq.m_axi.i32P1A, i32 %gmem_addr_2, i32 1" [/home/franz/workspace/hls_component/add.cpp:12]   --->   Operation 89 'readreq' 'gmem_load_2_req' <Predicate = true> <Delay = 7.30> <CoreInst = "m_axi">   --->   Core 125 'm_axi' <Latency = 0> <II = 1> <Delay = 1.00> <Adapter> <Opcode : 'read' 'write' 'readreq' 'writereq' 'writeresp'>

State 13 <SV = 12> <Delay = 7.30>
ST_13 : Operation 90 [1/1] (7.30ns)   --->   "%gmem_addr_2_read = read i32 @_ssdm_op_Read.m_axi.i32P1A, i32 %gmem_addr_2" [/home/franz/workspace/hls_component/add.cpp:12]   --->   Operation 90 'read' 'gmem_addr_2_read' <Predicate = true> <Delay = 7.30> <CoreInst = "m_axi">   --->   Core 125 'm_axi' <Latency = 0> <II = 1> <Delay = 1.00> <Adapter> <Opcode : 'read' 'write' 'readreq' 'writereq' 'writeresp'>

State 14 <SV = 13> <Delay = 7.30>
ST_14 : Operation 91 [1/1] (0.00ns)   --->   "%bitcast_ln12 = bitcast i32 %gmem_addr_read" [/home/franz/workspace/hls_component/add.cpp:12]   --->   Operation 91 'bitcast' 'bitcast_ln12' <Predicate = true> <Delay = 0.00>
ST_14 : Operation 92 [1/1] (0.00ns)   --->   "%bitcast_ln12_1 = bitcast i32 %gmem_addr_1_read" [/home/franz/workspace/hls_component/add.cpp:12]   --->   Operation 92 'bitcast' 'bitcast_ln12_1' <Predicate = true> <Delay = 0.00>
ST_14 : Operation 93 [1/1] (0.00ns)   --->   "%bitcast_ln12_2 = bitcast i32 %gmem_addr_2_read" [/home/franz/workspace/hls_component/add.cpp:12]   --->   Operation 93 'bitcast' 'bitcast_ln12_2' <Predicate = true> <Delay = 0.00>
ST_14 : Operation 94 [1/1] (3.23ns)   --->   "%add = fmadd i32 @_ssdm_op_FMADD, i32 %bitcast_ln12, i32 %bitcast_ln12_1, i32 %bitcast_ln12_2" [/home/franz/workspace/hls_component/add.cpp:12]   --->   Operation 94 'fmadd' 'add' <Predicate = true> <Delay = 3.23> <CoreInst = "fma_primitivedsp">   --->   Core 138 'fma_primitivedsp' <Latency = 0> <II = 1> <Delay = 3.23> <FuncUnit> <Opcode : 'fmadd' 'fmsub'> <InPorts = 3> <OutPorts = 1>
ST_14 : Operation 95 [1/1] (7.30ns)   --->   "%gmem_addr_2_req = writereq i1 @_ssdm_op_WriteReq.m_axi.i32P1A, i32 %gmem_addr_2, i32 1" [/home/franz/workspace/hls_component/add.cpp:12]   --->   Operation 95 'writereq' 'gmem_addr_2_req' <Predicate = true> <Delay = 7.30> <CoreInst = "m_axi">   --->   Core 125 'm_axi' <Latency = 0> <II = 1> <Delay = 1.00> <Adapter> <Opcode : 'read' 'write' 'readreq' 'writereq' 'writeresp'>

State 15 <SV = 14> <Delay = 7.30>
ST_15 : Operation 96 [1/1] (0.00ns)   --->   "%bitcast_ln12_3 = bitcast i32 %add" [/home/franz/workspace/hls_component/add.cpp:12]   --->   Operation 96 'bitcast' 'bitcast_ln12_3' <Predicate = true> <Delay = 0.00>
ST_15 : Operation 97 [1/1] (7.30ns)   --->   "%write_ln12 = write void @_ssdm_op_Write.m_axi.i32P1A, i32 %gmem_addr_2, i32 %bitcast_ln12_3, i4 15" [/home/franz/workspace/hls_component/add.cpp:12]   --->   Operation 97 'write' 'write_ln12' <Predicate = true> <Delay = 7.30> <CoreInst = "m_axi">   --->   Core 125 'm_axi' <Latency = 0> <II = 1> <Delay = 1.00> <Adapter> <Opcode : 'read' 'write' 'readreq' 'writereq' 'writeresp'>

State 16 <SV = 15> <Delay = 7.30>
ST_16 : Operation 98 [5/5] (7.30ns)   --->   "%gmem_addr_2_resp = writeresp i1 @_ssdm_op_WriteResp.m_axi.i32P1A, i32 %gmem_addr_2" [/home/franz/workspace/hls_component/add.cpp:12]   --->   Operation 98 'writeresp' 'gmem_addr_2_resp' <Predicate = true> <Delay = 7.30> <CoreInst = "m_axi">   --->   Core 125 'm_axi' <Latency = 0> <II = 1> <Delay = 1.00> <Adapter> <Opcode : 'read' 'write' 'readreq' 'writereq' 'writeresp'>

State 17 <SV = 16> <Delay = 7.30>
ST_17 : Operation 99 [4/5] (7.30ns)   --->   "%gmem_addr_2_resp = writeresp i1 @_ssdm_op_WriteResp.m_axi.i32P1A, i32 %gmem_addr_2" [/home/franz/workspace/hls_component/add.cpp:12]   --->   Operation 99 'writeresp' 'gmem_addr_2_resp' <Predicate = true> <Delay = 7.30> <CoreInst = "m_axi">   --->   Core 125 'm_axi' <Latency = 0> <II = 1> <Delay = 1.00> <Adapter> <Opcode : 'read' 'write' 'readreq' 'writereq' 'writeresp'>

State 18 <SV = 17> <Delay = 7.30>
ST_18 : Operation 100 [3/5] (7.30ns)   --->   "%gmem_addr_2_resp = writeresp i1 @_ssdm_op_WriteResp.m_axi.i32P1A, i32 %gmem_addr_2" [/home/franz/workspace/hls_component/add.cpp:12]   --->   Operation 100 'writeresp' 'gmem_addr_2_resp' <Predicate = true> <Delay = 7.30> <CoreInst = "m_axi">   --->   Core 125 'm_axi' <Latency = 0> <II = 1> <Delay = 1.00> <Adapter> <Opcode : 'read' 'write' 'readreq' 'writereq' 'writeresp'>

State 19 <SV = 18> <Delay = 7.30>
ST_19 : Operation 101 [2/5] (7.30ns)   --->   "%gmem_addr_2_resp = writeresp i1 @_ssdm_op_WriteResp.m_axi.i32P1A, i32 %gmem_addr_2" [/home/franz/workspace/hls_component/add.cpp:12]   --->   Operation 101 'writeresp' 'gmem_addr_2_resp' <Predicate = true> <Delay = 7.30> <CoreInst = "m_axi">   --->   Core 125 'm_axi' <Latency = 0> <II = 1> <Delay = 1.00> <Adapter> <Opcode : 'read' 'write' 'readreq' 'writereq' 'writeresp'>

State 20 <SV = 19> <Delay = 7.30>
ST_20 : Operation 102 [1/1] (0.00ns)   --->   "%specloopname_ln11 = specloopname void @_ssdm_op_SpecLoopName, void @empty_11" [/home/franz/workspace/hls_component/add.cpp:11]   --->   Operation 102 'specloopname' 'specloopname_ln11' <Predicate = true> <Delay = 0.00>
ST_20 : Operation 103 [1/5] (7.30ns)   --->   "%gmem_addr_2_resp = writeresp i1 @_ssdm_op_WriteResp.m_axi.i32P1A, i32 %gmem_addr_2" [/home/franz/workspace/hls_component/add.cpp:12]   --->   Operation 103 'writeresp' 'gmem_addr_2_resp' <Predicate = true> <Delay = 7.30> <CoreInst = "m_axi">   --->   Core 125 'm_axi' <Latency = 0> <II = 1> <Delay = 1.00> <Adapter> <Opcode : 'read' 'write' 'readreq' 'writereq' 'writeresp'>
ST_20 : Operation 104 [1/1] (0.00ns)   --->   "%br_ln11 = br void %for.inc" [/home/franz/workspace/hls_component/add.cpp:11]   --->   Operation 104 'br' 'br_ln11' <Predicate = true> <Delay = 0.00>

State 21 <SV = 2> <Delay = 0.00>
ST_21 : Operation 105 [1/1] (0.00ns)   --->   "%ret_ln15 = ret" [/home/franz/workspace/hls_component/add.cpp:15]   --->   Operation 105 'ret' 'ret_ln15' <Predicate = true> <Delay = 0.00>


============================================================
+ Verbose Summary: Timing violations
============================================================
Target clock period: 10.000ns, clock uncertainty: 2.700ns.

 <State 1>: 1.000ns
The critical path consists of the following:
	s_axi read operation ('c_read', /home/franz/workspace/hls_component/add.cpp:5) on port 'c' (/home/franz/workspace/hls_component/add.cpp:5) [19]  (1.000 ns)

 <State 2>: 1.358ns
The critical path consists of the following:
	'load' operation ('i', /home/franz/workspace/hls_component/add.cpp:11) on local variable 'i' [29]  (0.000 ns)
	'add' operation ('add_ln11', /home/franz/workspace/hls_component/add.cpp:11) [30]  (0.891 ns)
	'store' operation ('store_ln11', /home/franz/workspace/hls_component/add.cpp:11) of variable 'add_ln11', /home/franz/workspace/hls_component/add.cpp:11 on local variable 'i' [64]  (0.465 ns)
	blocking operation 0.0015 ns on control path)

 <State 3>: 7.300ns
The critical path consists of the following:
	bus request operation ('gmem_load_req', /home/franz/workspace/hls_component/add.cpp:12) on port 'gmem' (/home/franz/workspace/hls_component/add.cpp:12) [41]  (7.300 ns)

 <State 4>: 7.300ns
The critical path consists of the following:
	bus request operation ('gmem_load_req', /home/franz/workspace/hls_component/add.cpp:12) on port 'gmem' (/home/franz/workspace/hls_component/add.cpp:12) [41]  (7.300 ns)

 <State 5>: 7.300ns
The critical path consists of the following:
	bus request operation ('gmem_load_req', /home/franz/workspace/hls_component/add.cpp:12) on port 'gmem' (/home/franz/workspace/hls_component/add.cpp:12) [41]  (7.300 ns)

 <State 6>: 7.300ns
The critical path consists of the following:
	bus request operation ('gmem_load_req', /home/franz/workspace/hls_component/add.cpp:12) on port 'gmem' (/home/franz/workspace/hls_component/add.cpp:12) [41]  (7.300 ns)

 <State 7>: 7.300ns
The critical path consists of the following:
	bus request operation ('gmem_load_req', /home/franz/workspace/hls_component/add.cpp:12) on port 'gmem' (/home/franz/workspace/hls_component/add.cpp:12) [41]  (7.300 ns)

 <State 8>: 7.300ns
The critical path consists of the following:
	bus request operation ('gmem_load_req', /home/franz/workspace/hls_component/add.cpp:12) on port 'gmem' (/home/franz/workspace/hls_component/add.cpp:12) [41]  (7.300 ns)

 <State 9>: 7.300ns
The critical path consists of the following:
	bus request operation ('gmem_load_req', /home/franz/workspace/hls_component/add.cpp:12) on port 'gmem' (/home/franz/workspace/hls_component/add.cpp:12) [41]  (7.300 ns)

 <State 10>: 7.300ns
The critical path consists of the following:
	bus request operation ('gmem_load_req', /home/franz/workspace/hls_component/add.cpp:12) on port 'gmem' (/home/franz/workspace/hls_component/add.cpp:12) [41]  (7.300 ns)

 <State 11>: 7.300ns
The critical path consists of the following:
	bus read operation ('gmem_addr_read', /home/franz/workspace/hls_component/add.cpp:12) on port 'gmem' (/home/franz/workspace/hls_component/add.cpp:12) [42]  (7.300 ns)

 <State 12>: 7.300ns
The critical path consists of the following:
	bus read operation ('gmem_addr_1_read', /home/franz/workspace/hls_component/add.cpp:12) on port 'gmem' (/home/franz/workspace/hls_component/add.cpp:12) [48]  (7.300 ns)

 <State 13>: 7.300ns
The critical path consists of the following:
	bus read operation ('gmem_addr_2_read', /home/franz/workspace/hls_component/add.cpp:12) on port 'gmem' (/home/franz/workspace/hls_component/add.cpp:12) [57]  (7.300 ns)

 <State 14>: 7.300ns
The critical path consists of the following:
	bus request operation ('gmem_addr_2_req', /home/franz/workspace/hls_component/add.cpp:12) on port 'gmem' (/home/franz/workspace/hls_component/add.cpp:12) [61]  (7.300 ns)

 <State 15>: 7.300ns
The critical path consists of the following:
	bus write operation ('write_ln12', /home/franz/workspace/hls_component/add.cpp:12) on port 'gmem' (/home/franz/workspace/hls_component/add.cpp:12) [62]  (7.300 ns)

 <State 16>: 7.300ns
The critical path consists of the following:
	bus response operation ('gmem_addr_2_resp', /home/franz/workspace/hls_component/add.cpp:12) on port 'gmem' (/home/franz/workspace/hls_component/add.cpp:12) [63]  (7.300 ns)

 <State 17>: 7.300ns
The critical path consists of the following:
	bus response operation ('gmem_addr_2_resp', /home/franz/workspace/hls_component/add.cpp:12) on port 'gmem' (/home/franz/workspace/hls_component/add.cpp:12) [63]  (7.300 ns)

 <State 18>: 7.300ns
The critical path consists of the following:
	bus response operation ('gmem_addr_2_resp', /home/franz/workspace/hls_component/add.cpp:12) on port 'gmem' (/home/franz/workspace/hls_component/add.cpp:12) [63]  (7.300 ns)

 <State 19>: 7.300ns
The critical path consists of the following:
	bus response operation ('gmem_addr_2_resp', /home/franz/workspace/hls_component/add.cpp:12) on port 'gmem' (/home/franz/workspace/hls_component/add.cpp:12) [63]  (7.300 ns)

 <State 20>: 7.300ns
The critical path consists of the following:
	bus response operation ('gmem_addr_2_resp', /home/franz/workspace/hls_component/add.cpp:12) on port 'gmem' (/home/franz/workspace/hls_component/add.cpp:12) [63]  (7.300 ns)

 <State 21>: 0.000ns
The critical path consists of the following:


============================================================
+ Verbose Summary: Binding
============================================================
N/A
* FSMD analyzer results:
  - Output states:
 - Input state : 
  - Chain level:
	State 1
	State 2
	State 3
	State 4
	State 5
	State 6
	State 7
	State 8
	State 9
	State 10
	State 11
	State 12
	State 13
	State 14
	State 15
	State 16
	State 17
	State 18
	State 19
	State 20
	State 21


============================================================
+ Verbose Summary: Datapath Resource usage 
============================================================
N/A
