Copyright 1986-2022 Xilinx, Inc. All Rights Reserved. Copyright 2022-2023 Advanced Micro Devices, Inc. All Rights Reserved.
---------------------------------------------------------------------------------------------------------------------------------------------
| Tool Version : Vivado v.2023.1 (lin64) Build 3865809 Sun May  7 15:04:56 MDT 2023
| Date         : Sun May  5 22:24:36 2024
| Host         : franz-MS-7C02 running 64-bit Ubuntu 20.04.5 LTS
| Command      : report_utilization -hierarchical -hierarchical_depth 5 -file ./report/add_utilization_hierarchical_synth.rpt
| Design       : bd_0_wrapper
| Device       : xcvc1902-vsva2197-2MP-e-S
| Speed File   : -2MP
| Design State : Synthesized
---------------------------------------------------------------------------------------------------------------------------------------------

Utilization Design Information

Table of Contents
-----------------
1. Utilization by Hierarchy

1. Utilization by Hierarchy
---------------------------

+------------------+---------------------+------------+------------+---------+------+-----+--------+--------+------+------------+
|     Instance     |        Module       | Total LUTs | Logic LUTs | LUTRAMs | SRLs | FFs | RAMB36 | RAMB18 | URAM | DSP Blocks |
+------------------+---------------------+------------+------------+---------+------+-----+--------+--------+------+------------+
| bd_0_wrapper     |               (top) |         32 |         32 |       0 |    0 |   0 |      0 |      0 |    0 |          0 |
|   bd_0_i         |                bd_0 |         32 |         32 |       0 |    0 |   0 |      0 |      0 |    0 |          0 |
|     hls_inst     |     bd_0_hls_inst_0 |         32 |         32 |       0 |    0 |   0 |      0 |      0 |    0 |          0 |
|       (hls_inst) |     bd_0_hls_inst_0 |          0 |          0 |       0 |    0 |   0 |      0 |      0 |    0 |          0 |
|       inst       | bd_0_hls_inst_0_add |         32 |         32 |       0 |    0 |   0 |      0 |      0 |    0 |          0 |
+------------------+---------------------+------------+------------+---------+------+-----+--------+--------+------+------------+


